3 1
4 1
6 2
8 2
11 3
13 2
16 3
18 2
26 8
28 2
36 8
38 2
47 11
48 1
53 6
57 4
62 26
69 16
72 3
77 8
82 13
87 18
97 28
99 2
102 3
106 4
114 8
126 57
131 62
138 36
145 48
148 3
155 53
175 69
177 2
180 3
182 2
189 87
197 8
206 26
209 3
219 13
221 2
236 47
238 2
241 3
243 2
253 47
258 69
260 2
273 13
282 102
309 36
316 97
319 3
324 8
339 57
341 2
356 47
358 2
363 47
370 97
382 26
390 8
400 18
402 2
409 53
412 3
414 2
429 47
431 2
434 3
441 102
451 69
456 47
483 69
485 2
497 97
502 102
522 206
524 2
544 47
546 2
566 69
568 2
585 102
602 36
605 3
607 2
612 273
624 102
627 3
646 102
668 102
673 273
685 273
688 3
690 2
695 339
720 47
722 2
732 47
734 2
739 339
751 339
781 47
783 2
798 47
800 2
820 69
847 47
849 2
861 339
864 3
866 2
891 206
893 2
905 339
927 36
949 102
983 356
986 3
991 8
1018 69
1020 2
1023 3
1025 2
1030 47
1032 2
1035 3
1037 2
1052 69
1079 47
1081 2
1101 69
1103 2
1125 102
1155 206
1157 2
1164 273
1167 3
1169 2
1186 339
1191 36
1208 53
1230 339
1252 97
1257 102
1296 273
1308 273
1311 3
1313 2
1335 180
1338 3
1340 2
1355 47
1360 47
1377 69
1387 47
1389 2
1404 69
1406 2
1428 273
1431 3
1433 2
1462 102
1465 3
1470 8
1472 2
1489 102
1492 3
1509 47
1514 206
1516 2
1531 69
1536 47
1538 2
1550 36
1553 3
1594 102
1602 8
1604 2
1616 102
1641 47
1643 2
1646 3
1648 2
1660 273
1682 36
1707 47
1709 2
1721 566
1724 3
1748 102
1765 273
1770 339
1790 69
1792 2
1812 47
1814 2
1834 69
1836 2
1853 339
1856 3
1858 2
1900 47
1902 2
1919 273
1941 339
1944 3
1946 2
1966 47
1968 2
1985 339
2010 69
2012 2
2032 47
2034 2
2054 69
2056 2
2090 36
2093 3
2095 2
2112 102
2115 3
2117 2
2134 102
2156 102
2178 1023
2247 69
2249 2
2252 3
2254 2
2288 36
2327 273
2330 3
2332 2
2354 102
2371 339
2393 339
2418 47
2420 2
2445 983
2447 2
2462 69
2464 2
2481 36
2484 3
2486 2
2511 47
2513 2
2525 273
2550 69
2552 2
2572 47
2574 2
2581 97
2584 3
2589 8
2613 102
2616 3
2618 2
2628 47
2630 2
2633 3
2635 2
2650 69
2660 47
2662 2
2674 102
2696 36
2721 47
2723 2
2748 983
2750 2
2762 102
2787 206
2789 2
2809 47
2811 2
2814 3
2816 2
2831 69
2833 2
2897 316
2899 2
2916 102
2919 3
2921 2
2985 69
2987 2
3029 1308
3031 2
3038 53
3041 3
3043 2
3065 36
3068 3
3070 2
3085 47
3090 47
3092 2
3107 69
3109 2
3131 102
3153 339
3205 624
3207 2
3214 400
3217 3
3219 2
3236 339
3239 3
3261 47
3263 2
3288 69
3290 2
3305 69
3368 339
3371 3
3373 2
3390 102
3393 3
3395 2
3415 47
3417 2
3451 36
3454 3
3456 2
3473 102
3476 3
3481 8
3483 2
3495 102
3525 69
3527 2
3544 339
3547 3
3549 2
3591 47
3593 2
3605 400
3608 3
3610 2
3622 97
3625 3
3630 8
3632 2
3649 102
3669 47
3671 2
3691 69
3696 47
3698 2
3723 685
3725 2
3740 69
3742 2
3759 36
3762 3
3764 2
3806 47
3808 2
3825 102
3872 47
3874 2
3886 339
3916 1335
3918 2
3930 339
3952 36
3960 8
3962 2
3974 102
3991 400
3994 3
4018 102
4038 47
4040 2
4057 97
4101 339
4118 356
4121 3
4148 47
4150 2
4153 3
4155 2
4165 47
4167 2
4187 69
4211 339
4233 273
4258 47
4260 2
4294 36
4297 3
4324 206
4326 2
4341 47
4343 2
4363 69
4365 2
4368 3
4370 2
4390 47
4392 2
4404 36
4407 3
4409 2
4451 47
4453 2
4470 102
4517 47
4519 2
4531 273
4534 3
4536 2
4578 47
4580 2
4600 69
4602 2
4619 102
4622 3
4624 2
4641 273
4644 3
4646 2
4666 47
4668 2
4707 339
4729 339
4732 3
4734 2
4754 47
4756 2
4798 69
4800 2
4878 1155
4881 3
4883 2
4900 102
4903 3
4905 2
4925 47
4927 2
4969 69
4971 2
4996 69
4998 2
5018 47
5020 2
5032 36
5035 3
5037 2
5049 53
5052 3
5057 8
5059 2
5079 47
5081 2
5096 47
5118 69
5159 102
5162 3
5164 2
5181 102
5184 3
5186 2
5206 47
5208 2
5250 69
5252 2
5269 273
5272 3
5274 2
5291 273
5294 3
5296 2
5316 47
5318 2
5335 339
5357 339
5382 47
5384 2
5484 102
5487 3
5489 2
5514 983
5516 2
5531 47
5533 2
5550 36
5597 47
5599 2
5616 102
5663 47
5665 2
5685 69
5687 2
5765 102
5768 3
5770 2
5795 2581
5797 2
5812 47
5814 2
5826 339
5829 3
5853 339
5856 3
5858 2
5873 47
5875 2
5878 3
5880 2
5895 69
5900 47
5902 2
5944 69
5946 2
6024 339
6027 3
6029 2
6046 102
6049 3
6051 2
6068 273
6107 339
6110 3
6112 2
6134 339
6154 47
6156 2
6176 69
6178 2
6239 339
6242 3
6244 2
6283 339
6308 69
6310 2
6322 273
6325 3
6327 2
6352 69
6354 2
6366 339
6391 69
6393 2
6410 102
6418 8
6420 2
6435 69
6437 2
6457 47
6459 2
6479 69
6481 2
6520 102
6523 3
6525 2
6550 69
6552 2
6567 47
6569 2
6586 36
6633 47
6635 2
6652 102
6721 69
6723 2
6735 102
6738 3
6740 2
6782 47
6784 2
6804 69
6806 2
6831 47
6833 2
6862 339
6865 3
6870 8
6872 2
6889 339
6892 3
6894 2
6909 47
6911 2
6914 3
6916 2
6931 69
6936 47
6938 2
6980 69
6982 2
7038 102
7041 3
7043 2
7060 339
7063 3
7065 2
7082 102
7104 273
7156 3038
7158 2
7170 339
7192 36
7195 3
7197 2
7217 47
7219 2
7258 102
7275 339
7278 3
7280 2
7297 102
7300 3
7302 2
7322 47
7324 2
7366 69
7368 2
7424 102
7427 3
7432 8
7434 2
7459 2581
7461 2
7471 47
7473 2
7476 3
7478 2
7490 273
7498 8
7500 2
7520 47
7522 2
7537 47
7539 2
7559 69
7578 102
7581 3
7583 2
7600 102
7603 3
7605 2
7622 102
7691 69
7693 2
7727 36
7730 3
7735 8
7737 2
7749 273
7752 3
7754 2
7774 47
7776 2
7779 3
7781 2
7798 339
7818 69
7820 2
7881 102
7884 3
7886 2
7928 47
7930 2
7950 69
7952 2
7977 47
7979 2
8008 273
8011 3
8016 8
8018 2
8055 47
8057 2
8060 3
8062 2
8077 69
8096 36
8099 3
8101 2
8126 69
8128 2
8143 47
8145 2
8165 69
8167 2
8192 47
8194 2
8236 69
8238 2
8250 273
8253 3
8255 2
8272 36
8275 3
8277 2
8294 102
8316 339
8338 102
8368 1308
8370 2
8404 36
8421 53
8424 3
8426 2
8451 47
8453 2
8468 47
8487 36
8509 273
8512 3
8514 2
8531 339
8539 8
8541 2
8553 102
8570 102
8573 3
8617 47
8619 2
8639 69
8666 47
8668 2
8702 36
8705 3
8749 47
8751 2
8754 3
8756 2
8771 69
8773 2
8812 273
8815 3
8817 2
8842 69
8844 2
8856 102
8873 102
8876 3
8917 102
8942 69
8947 2581
8949 2
8964 47
8966 2
8969 3
8971 2
8983 36
9013 47
9015 2
9027 273
9052 69
9054 2
9071 102
9093 339
9118 47
9120 2
9132 1155
9135 3
9137 2
9162 69
9164 2
9179 47
9184 47
9186 2
9193 180
9196 3
9240 47
9250 57
9252 2
9262 69
9308 339
9311 3
9313 2
9355 47
9357 2
9377 69
9379 2
9399 206
9401 2
9443 2581
9445 2
9509 316
9511 2
9553 983
9555 2
9575 382
9577 2
9619 2581
9621 2
9641 2581
9643 2
9663 2581
9665 2
9699 36
9702 3
9704 2
9721 102
9724 3
9726 2
9743 102
9765 102
9804 102
9807 3
9809 2
9834 69
9836 2
9851 47
9853 2
9870 36
9917 47
9919 2
9939 69
9941 2
9958 339
9961 3
9963 2
9980 339
9983 3
9985 2
