3 1
4 1
6 2
8 2
11 3
13 2
16 3
18 2
26 8
28 2
36 8
38 2
47 11
48 1
53 6
57 4
62 26
69 16
72 3
77 8
82 13
87 18
97 28
99 2
102 3
106 4
114 8
126 57
131 62
138 36
145 48
148 3
155 53
175 69
177 2
180 3
182 2
189 87
197 8
206 26
209 3
219 13
221 2
236 47
238 2
241 3
243 2
253 47
258 69
260 2
273 13
282 102
309 36
316 97
319 3
324 8
339 57
341 2
356 47
358 2
363 47
370 97
382 26
390 8
400 18
402 2
409 53
412 3
414 2
429 47
431 2
434 3
441 102
451 69
456 47
483 69
485 2
497 97
502 102
522 206
524 2
544 47
546 2
566 69
568 2
585 102
602 36
605 3
607 2
612 273
624 102
627 3
646 102
668 102
673 273
685 273
688 3
690 2
695 339
720 47
722 2
732 47
734 2
739 339
751 339
781 47
783 2
798 47
800 2
820 69
847 47
849 2
861 339
864 3
866 2
891 206
893 2
905 339
927 36
949 102
983 356
986 3
991 8
1018 69
1020 2
1023 3
1025 2
1030 47
1032 2
1035 3
1037 2
1052 69
1079 47
1081 2
1101 69
1103 2
1125 102
1155 206
1157 2
1164 273
1167 3
1169 2
1186 339
1191 36
1208 53
1230 339
1252 97
1257 102
1296 273
1308 273
1311 3
1313 2
1335 180
1338 3
1340 2
1355 47
1360 47
1377 69
1387 47
1389 2
1404 69
1406 2
1428 273
1431 3
1433 2
1462 102
1465 3
1470 8
1472 2
1489 102
1492 3
1509 47
1514 206
1516 2
1531 69
1536 47
1538 2
1550 36
1553 3
1594 102
1602 8
1604 2
1616 102
1641 47
1643 2
1646 3
1648 2
1660 273
1682 36
1707 47
1709 2
1721 566
1724 3
1748 102
1765 273
1770 339
1790 69
1792 2
1812 47
1814 2
1834 69
1836 2
1853 339
1856 3
1858 2
1900 47
1902 2
1919 273
1941 339
1944 3
1946 2
1966 47
1968 2
1985 339
2010 69
2012 2
2032 47
2034 2
2054 69
2056 2
2090 36
2093 3
2095 2
2112 102
2115 3
2117 2
2134 102
2156 102
2178 1023
2247 69
2249 2
2252 3
2254 2
2288 36
2327 273
2330 3
2332 2
2354 102
2371 339
2393 339
2418 47
2420 2
2445 983
2447 2
2462 69
2464 2
2481 36
2484 3
2486 2
2511 47
2513 2
2525 273
2550 69
2552 2
2572 47
2574 2
2581 97
2584 3
2589 8
2613 102
2616 3
2618 2
2628 47
2630 2
2633 3
2635 2
2650 69
2660 47
2662 2
2674 102
2696 36
2721 47
2723 2
2748 983
2750 2
2762 102
2787 206
2789 2
2809 47
2811 2
2814 3
2816 2
2831 69
2833 2
2897 316
2899 2
2916 102
2919 3
2921 2
2985 69
2987 2
3029 1308
3031 2
3038 53
3041 3
3043 2
3065 36
3068 3
3070 2
3085 47
3090 47
3092 2
3107 69
3109 2
3131 102
3153 339
3205 624
3207 2
3214 400
3217 3
3219 2
3236 339
3239 3
3261 47
3263 2
3288 69
3290 2
3305 69
3368 339
3371 3
3373 2
3390 102
3393 3
3395 2
3415 47
3417 2
3451 36
3454 3
3456 2
3473 102
3476 3
3481 8
3483 2
3495 102
3525 69
3527 2
3544 339
3547 3
3549 2
3591 47
3593 2
3605 400
3608 3
3610 2
3622 97
3625 3
3630 8
3632 2
3649 102
3669 47
3671 2
3691 69
3696 47
3698 2
3723 685
3725 2
3740 69
3742 2
3759 36
3762 3
3764 2
3806 47
3808 2
3825 102
3872 47
3874 2
3886 339
3916 1335
3918 2
3930 339
3952 36
3960 8
3962 2
3974 102
3991 400
3994 3
4018 102
4038 47
4040 2
4057 97
4101 339
4118 356
4121 3
4148 47
4150 2
4153 3
4155 2
4165 47
4167 2
4187 69
4211 339
4233 273
4258 47
4260 2
4294 36
4297 3
4324 206
4326 2
4341 47
4343 2
4363 69
4365 2
4368 3
4370 2
4390 47
4392 2
4404 36
4407 3
4409 2
4451 47
4453 2
4470 102
4517 47
4519 2
4531 273
4534 3
4536 2
4578 47
4580 2
4600 69
4602 2
4619 102
4622 3
4624 2
4641 273
4644 3
4646 2
4666 47
4668 2
4707 339
4729 339
4732 3
4734 2
4754 47
4756 2
4798 69
4800 2
4878 1155
4881 3
4883 2
4900 102
4903 3
4905 2
4925 47
4927 2
4969 69
4971 2
4996 69
4998 2
5018 47
5020 2
5032 36
5035 3
5037 2
5049 53
5052 3
5057 8
5059 2
5079 47
5081 2
5096 47
5118 69
5159 102
5162 3
5164 2
5181 102
5184 3
5186 2
5206 47
5208 2
5250 69
5252 2
5269 273
5272 3
5274 2
5291 273
5294 3
5296 2
5316 47
5318 2
5335 339
5357 339
5382 47
5384 2
5484 102
5487 3
5489 2
5514 983
5516 2
5531 47
5533 2
5550 36
5597 47
5599 2
5616 102
5663 47
5665 2
5685 69
5687 2
5765 102
5768 3
5770 2
5795 2581
5797 2
5812 47
5814 2
5826 339
5829 3
5853 339
5856 3
5858 2
5873 47
5875 2
5878 3
5880 2
5895 69
5900 47
5902 2
5944 69
5946 2
6024 339
6027 3
6029 2
6046 102
6049 3
6051 2
6068 273
6107 339
6110 3
6112 2
6134 339
6154 47
6156 2
6176 69
6178 2
6239 339
6242 3
6244 2
6283 339
6308 69
6310 2
6322 273
6325 3
6327 2
6352 69
6354 2
6366 339
6391 69
6393 2
6410 102
6418 8
6420 2
6435 69
6437 2
6457 47
6459 2
6479 69
6481 2
6520 102
6523 3
6525 2
6550 69
6552 2
6567 47
6569 2
6586 36
6633 47
6635 2
6652 102
6721 69
6723 2
6735 102
6738 3
6740 2
6782 47
6784 2
6804 69
6806 2
6831 47
6833 2
6862 339
6865 3
6870 8
6872 2
6889 339
6892 3
6894 2
6909 47
6911 2
6914 3
6916 2
6931 69
6936 47
6938 2
6980 69
6982 2
7038 102
7041 3
7043 2
7060 339
7063 3
7065 2
7082 102
7104 273
7156 3038
7158 2
7170 339
7192 36
7195 3
7197 2
7217 47
7219 2
7258 102
7275 339
7278 3
7280 2
7297 102
7300 3
7302 2
7322 47
7324 2
7366 69
7368 2
7424 102
7427 3
7432 8
7434 2
7459 2581
7461 2
7471 47
7473 2
7476 3
7478 2
7490 273
7498 8
7500 2
7520 47
7522 2
7537 47
7539 2
7559 69
7578 102
7581 3
7583 2
7600 102
7603 3
7605 2
7622 102
7691 69
7693 2
7727 36
7730 3
7735 8
7737 2
7749 273
7752 3
7754 2
7774 47
7776 2
7779 3
7781 2
7798 339
7818 69
7820 2
7881 102
7884 3
7886 2
7928 47
7930 2
7950 69
7952 2
7977 47
7979 2
8008 273
8011 3
8016 8
8018 2
8055 47
8057 2
8060 3
8062 2
8077 69
8096 36
8099 3
8101 2
8126 69
8128 2
8143 47
8145 2
8165 69
8167 2
8192 47
8194 2
8236 69
8238 2
8250 273
8253 3
8255 2
8272 36
8275 3
8277 2
8294 102
8316 339
8338 102
8368 1308
8370 2
8404 36
8421 53
8424 3
8426 2
8451 47
8453 2
8468 47
8487 36
8509 273
8512 3
8514 2
8531 339
8539 8
8541 2
8553 102
8570 102
8573 3
8617 47
8619 2
8639 69
8666 47
8668 2
8702 36
8705 3
8749 47
8751 2
8754 3
8756 2
8771 69
8773 2
8812 273
8815 3
8817 2
8842 69
8844 2
8856 102
8873 102
8876 3
8917 102
8942 69
8947 2581
8949 2
8964 47
8966 2
8969 3
8971 2
8983 36
9013 47
9015 2
9027 273
9052 69
9054 2
9071 102
9093 339
9118 47
9120 2
9132 1155
9135 3
9137 2
9162 69
9164 2
9179 47
9184 47
9186 2
9193 180
9196 3
9240 47
9250 57
9252 2
9262 69
9308 339
9311 3
9313 2
9355 47
9357 2
9377 69
9379 2
9399 206
9401 2
9443 2581
9445 2
9509 316
9511 2
9553 983
9555 2
9575 382
9577 2
9619 2581
9621 2
9641 2581
9643 2
9663 2581
9665 2
9699 36
9702 3
9704 2
9721 102
9724 3
9726 2
9743 102
9765 102
9804 102
9807 3
9809 2
9834 69
9836 2
9851 47
9853 2
9870 36
9917 47
9919 2
9939 69
9941 2
9958 339
9961 3
9963 2
9980 339
9983 3
9985 2
10002 339
10085 102
10088 3
10090 2
10107 273
10110 3
10112 2
10132 47
10134 2
10173 339
10220 47
10222 2
10242 69
10244 2
10247 3
10249 2
10269 47
10271 2
10283 36
10286 3
10288 2
10305 36
10349 102
10366 97
10369 3
10388 102
10391 3
10393 2
10413 47
10415 2
10457 69
10459 2
10501 1308
10503 2
10520 273
10523 3
10525 2
10537 36
10540 3
10545 8
10547 2
10567 47
10569 2
10584 47
10606 69
10655 1462
10657 2
10677 2581
10679 2
10691 36
10694 3
10696 2
10713 36
10716 3
10718 2
10738 47
10740 2
10757 102
10779 102
10804 47
10806 2
10831 2581
10833 2
10848 69
10850 2
10862 339
10865 3
10870 8
10872 2
10909 47
10911 2
10931 69
10972 102
10975 3
10977 2
10994 339
10997 3
10999 2
11016 339
11085 69
11087 2
11099 102
11102 3
11107 8
11109 2
11146 47
11148 2
11168 69
11195 47
11197 2
11217 69
11219 2
11226 356
11229 3
11234 8
11236 2
11253 36
11256 3
11258 2
11273 47
11275 2
11278 3
11280 2
11295 69
11300 47
11302 2
11319 102
11344 69
11346 2
11366 47
11368 2
11388 69
11390 2
11432 206
11434 2
11454 2581
11456 2
11498 2581
11500 2
11586 2393
11588 2
11600 102
11603 3
11605 2
11622 36
11625 3
11627 2
11647 47
11649 2
11688 102
11713 2581
11715 2
11735 47
11737 2
11757 69
11759 2
11774 2581
11776 2
11779 3
11781 2
11881 102
11884 3
11886 2
11925 339
11950 69
11952 2
11964 339
11967 3
11969 2
11994 69
11996 2
12008 273
12033 69
12035 2
12055 47
12057 2
12060 3
12062 2
12074 339
12118 339
12143 69
12145 2
12162 102
12187 69
12189 2
12245 102
12248 3
12250 2
12267 273
12270 3
12272 2
12292 47
12294 2
12336 69
12338 2
12363 69
12365 2
12438 102
12441 3
12443 2
12465 102
12468 3
12470 2
12482 339
12504 36
12526 339
12570 102
12578 8
12580 2
12595 69
12597 2
12600 3
12602 2
12614 36
12622 8
12624 2
12639 69
12641 2
12658 36
12680 102
12705 47
12707 2
12724 102
12749 69
12751 2
12763 400
12766 3
12768 2
12785 36
12788 3
12790 2
12810 47
12812 2
12854 69
12856 2
12873 273
12876 3
12878 2
12895 273
12898 3
12900 2
12917 339
12939 339
12961 339
13030 69
13032 2
13044 339
13047 3
13049 2
13066 36
13069 3
13071 2
13088 339
13132 102
13157 69
13159 2
13162 3
13164 2
13179 47
13181 2
13198 36
13237 339
13240 3
13242 2
13264 102
13281 102
13303 273
13328 47
13330 2
13369 339
13399 69
13401 2
13408 339
13411 3
13413 2
13438 69
13440 2
13455 47
13457 2
13477 69
13479 2
13504 47
13506 2
13531 6107
13533 2
13548 69
13550 2
13562 400
13565 3
13570 8
13572 2
13609 47
13611 2
13628 97
13633 102
13650 102
13653 3
13655 2
13675 47
13677 2
13689 36
13692 3
13694 2
13719 69
13721 2
13733 1155
13738 339
13758 69
13760 2
13780 47
13782 2
13799 400
13804 273
13846 47
13848 2
13868 69
13873 69
13875 2
13917 69
13919 2
13931 400
13934 3
13936 2
13953 36
13956 3
13958 2
13975 102
14019 102
14044 69
14046 2
14066 47
14068 2
14080 36
14083 3
14085 2
14102 36
14105 3
14107 2
14127 47
14129 2
14168 102
14190 273
14193 3
14195 2
14212 339
14251 720
14254 3
14281 69
14283 2
14298 47
14300 2
14303 3
14305 2
14320 69
14322 2
14325 3
14327 2
14347 47
14349 2
14361 36
14364 3
14366 2
14408 47
14410 2
14427 102
14449 102
14452 3
14454 2
14474 47
14476 2
14488 36
14491 3
14493 2
14518 69
14520 2
14532 339
14557 69
14559 2
14579 47
14581 2
14584 3
14586 2
14598 273
14642 339
14664 339
14689 47
14691 2
14733 69
14735 2
14760 69
14762 2
14769 36
14772 3
14774 2
14796 36
14799 3
14801 2
14816 47
14818 2
14838 69
14840 2
14862 102
14892 6322
14894 2
14901 102
14904 3
14906 2
14923 339
14926 3
14945 53
14989 97
14994 102
15014 69
15016 2
15033 273
15050 36
15053 3
15055 2
15080 47
15082 2
15097 47
15119 69
15121 2
15138 339
15141 3
15143 2
15160 400
15163 3
15182 102
15212 69
15214 2
15231 339
15251 69
15253 2
15278 47
15280 2
15292 400
15295 3
15297 2
15322 69
15324 2
15339 47
15341 2
15358 36
15380 102
15383 3
15385 2
15397 102
15400 3
15402 2
15424 102
15441 102
15466 69
15468 2
15488 47
15490 2
15510 69
15512 2
15595 273
15598 3
15600 2
15617 339
15620 3
15622 2
15642 47
15644 2
15661 339
15686 69
15688 2
15700 102
15703 3
15705 2
15730 69
15732 2
15744 102
15766 36
15788 102
15818 2581
15820 2
15832 102
15854 36
15879 47
15881 2
15893 273
15896 3
15898 2
15920 102
15937 339
15962 69
15964 2
15984 47
15986 2
