1
4
5
6
7
8
10
16
18
19
21
31
32
33
42
46
56
57
66
70
79
82
91
96
104
105
107
116
129
130
131
141
158
165
168
179
180
182
191
204
205
206
216
217
218
219
229
230
244
256
266
267
268
281
290
315
316
317
318
328
329
330
352
353
354
355
365
366
367
402
403
404
405
415
416
417
427
428
429
430
440
441
442
452
453
454
464
465
466
467
477
478
479
489
490
491
492
502
503
504
514
515
516
567
577
578
579
589
590
591
601
602
603
604
614
615
616
626
627
628
638
639
640
641
651
652
653
675
676
677
678
688
689
690
712
713
714
715
728
738
739
740
750
751
752
753
763
764
765
775
776
777
787
788
789
790
800
801
802
812
813
814
815
825
826
827
837
838
839
877
887
888
889
890
899
936
937
938
939
949
950
951
961
962
963
964
974
975
976
1010
1011
1012
1013
1023
1024
1025
1039
1048
1076
1084
1086
1087
1100
1110
1111
1112
1113
1123
1124
1125
1150
1159
1172
1173
1174
1184
1185
1186
1187
1209
1210
1211
1212
1222
1223
1224
1246
1247
1248
1262
1271
1287
1297
1298
1299
1309
1310
1311
1321
1322
1323
1349
1358
1383
1384
1385
1386
1396
1397
1398
1408
1409
1410
1432
1433
1434
1435
1448
1458
1459
1460
1461
1470
1498
1508
1509
1510
1520
1521
1522
1532
1533
1534
1535
1545
1546
1547
1581
1582
1583
1584
1619
1620
1621
1622
1632
1633
1634
1644
1645
1646
1672
1682
1683
1684
1694
1695
1696
1706
1707
1708
1709
1719
1720
1721
1731
1732
1733
1734
1743
1746
1756
1757
1758
1796
1805
1821
1831
1832
1833
1843
1844
1845
1846
1855
1904
1905
1906
1907
1920
1930
1931
1932
1954
1955
1956
1957
1967
1968
1969
1991
1992
1993
1994
2007
2016
2032
2042
2043
2044
2054
2055
2056
2066
2067
2068
2094
2103
2128
2129
2130
2131
2141
2142
2143
2153
2154
2155
2181
2191
2192
2193
2203
2204
2205
2206
2215
2243
2253
2254
2255
2265
2266
2267
2302
2303
2304
2305
2314
2355
2364
2376
2377
2378
2379
2389
2390
2391
2451
2452
2453
2454
2464
2465
2466
2476
2477
2478
2488
2489
2490
2491
2501
2502
2503
2516
2526
2527
2528
2538
2539
2540
2587
2588
2589
2590
2600
2601
2602
2649
2650
2651
2652
2662
2663
2664
2715
2725
2726
2727
2737
2738
2739
2749
2750
2751
2811
2812
2813
2852
2862
2863
2864
2874
2875
2876
2886
2887
2888
2910
2911
2912
2913
2923
2924
2925
2935
2936
2937
2938
2947
2960
2961
2962
2988
2998
2999
3000
3022
3023
3024
3025
3035
3036
3037
3047
3048
3049
3050
3059
3084
3085
3086
3087
3097
3098
3099
3109
3110
3111
3158
3159
3160
3161
3171
3172
3173
3208
3209
3210
3211
3221
3222
3223
3233
3234
3235
3236
3246
3247
3248
3258
3259
3260
3261
3270
3286
3296
3297
3298
3308
3309
3310
3311
3320
3323
3333
3334
3335
3345
3346
3347
3348
3358
3359
3360
3370
3371
3372
3407
3408
3409
3410
3420
3421
3422
3432
3433
3434
3460
3469
3556
3557
3558
3559
3569
3570
3571
3581
3582
3583
3584
3593
3609
3618
3671
3680
3692
3693
3694
3695
3708
3718
3719
3720
3730
3731
3732
3804
3805
3806
3807
3817
3818
3819
3845
3855
3856
3928
3929
3930
3931
3944
3954
3955
3956
3966
3967
3968
3978
3979
3980
3981
3991
3992
3993
4031
4040
4056
4066
4067
4068
4078
4079
4080
4090
4091
4092
4127
4128
4129
4130
4140
4141
4142
4164
4165
4166
4167
4177
4178
4179
4205
4214
4242
4251
4267
4277
4278
4279
4289
4290
4291
4329
4338
4400
4401
4402
4403
4413
4414
4415
4437
4438
4439
4440
4450
4451
4452
4462
4463
4464
4465
4475
4476
4477
4524
4525
4526
4527
4537
4538
4539
4549
4550
4551
4552
4562
4563
4564
4574
4575
4576
4577
4587
4588
4589
4599
4600
4601
4611
4612
4613
4614
4624
4625
4626
4636
4637
4638
4639
4649
4650
4651
4661
4662
4663
4664
4674
4675
4676
4686
4687
4688
4714
4724
4725
4726
4736
4737
4738
4748
4749
4750
4751
4761
4762
4763
4773
4774
4775
4785
4786
4787
4788
4798
4799
4800
4826
4836
4837
4838
4848
4849
4850
4860
4861
4862
4863
4873
4874
4875
4885
4886
4887
4897
4898
4899
4900
4910
4911
4912
4934
4935
4936
4937
4947
4948
4949
4971
4972
4973
4974
4987
4997
4998
4999
5009
5010
5011
5037
5047
5048
5049
5059
5060
5061
5071
5072
5073
5074
5084
5085
5086
5096
5097
5098
5108
5109
5110
5111
5121
5122
5123
5136
5146
5147
5148
5158
5159
5160
5161
5171
5172
5173
5183
5184
5185
5186
5196
5197
5198
5208
5209
5210
5220
5221
5222
5223
5233
5234
5235
5245
5246
5247
5282
5283
5284
5285
5295
5296
5297
5307
5308
5309
5310
5320
5321
5322
5332
5333
5334
5360
5370
5371
5372
5382
5383
5384
5394
5395
5396
5397
5407
5408
5409
5419
5420
5421
5431
5432
5433
5434
5444
5445
5446
5484
5493
5518
5519
5520
5546
5555
5571
5580
5608
5617
5629
5630
5631
5632
5645
5654
5667
5668
5669
5679
5680
5681
5682
5692
5693
5694
5729
5730
5731
5732
5742
5743
5744
5754
5755
5756
5757
5767
5768
5769
5779
5780
5781
5791
5792
5793
5819
5828
5853
5854
5855
5856
5866
5867
5868
5878
5879
5880
5881
5891
5892
5893
5903
5904
5905
5906
5916
5917
5918
5928
5929
5930
5931
5940
5989
5990
5991
5992
6005
6015
6016
6017
6039
6040
6041
6042
6052
6053
6054
6080
6089
6126
6127
6128
6129
6139
6140
6141
6151
6152
6153
6167
6176
6188
6189
6190
6191
6201
6202
6203
6238
6239
6240
6241
6251
6252
6253
6291
6301
6302
6303
6313
6314
6315
6353
6363
6364
6365
6375
6376
6377
6378
6388
6389
6390
6400
6401
6402
6412
6413
6414
6415
6425
6426
6427
6437
6438
6439
6440
6450
6451
6452
6462
6463
6464
6465
6475
6476
6477
6487
6488
6489
6490
6499
6552
6561
6586
6587
6588
6589
6599
6600
6601
6611
6612
6613
6614
6624
6625
6626
6636
6637
6638
6660
6661
6662
6663
6673
6674
6675
6713
6722
6747
6748
6749
6750
6760
6761
6762
6784
6785
6786
6787
6797
6798
6799
6825
6835
6836
6837
6847
6848
6849
6859
6860
6861
6862
6872
6873
6874
6884
6885
6886
6896
6897
6898
6899
6909
6910
6911
6933
6934
6935
6936
6946
6947
6948
6983
6984
6985
6986
6996
6997
6998
7008
7009
7010
7011
7021
7022
7023
7033
7034
7035
7036
7045
7073
7083
7084
7085
7095
7096
7097
7123
7132
7194
7195
7196
7197
7207
7208
7209
7231
7232
7233
7234
7244
7245
7246
7256
7257
7258
7259
7269
7270
7271
7293
7294
7295
7296
7306
7307
7308
7318
7319
7320
7321
7331
7332
7333
7343
7344
7345
7346
7356
7357
7358
7368
7369
7370
7371
7381
7382
7383
7393
7394
7395
7405
7406
7407
7408
7418
7419
7420
7430
7431
7432
7433
7443
7444
7445
7455
7456
7457
7483
7493
7494
7495
7505
7506
7507
7517
7518
7519
7520
7530
7531
7532
7542
7543
7544
7545
7554
7579
7580
7581
7582
7592
7593
7594
7604
7605
7606
7607
7617
7618
7619
7629
7630
7631
7632
7642
7643
7644
7654
7655
7656
7657
7666
7719
7728
7753
7754
7755
7756
7766
7767
7768
7778
7779
7780
7781
7791
7792
7793
7803
7804
7805
7827
7828
7829
7830
7840
7841
7842
7868
7878
7879
7880
7890
7891
7892
7902
7903
7904
7905
7915
7916
7917
7927
7928
7929
7930
7940
7941
7942
7952
7953
7954
7955
7965
7966
7967
7977
7978
7979
7989
7990
7991
8017
8027
8028
8029
8039
8040
8041
8042
8052
8053
8054
8064
8065
8066
8076
8077
8078
8079
8089
8090
8091
8101
8102
8103
8104
8114
8115
8116
8126
8127
8128
8237
8238
8239
8240
8250
8251
8252
8274
8275
8276
8277
8287
8288
8289
8299
8300
8301
8302
8312
8313
8314
8324
8325
8326
8327
8337
8338
8339
8349
8350
8351
8352
8361
8439
8448
8510
8511
8512
8513
8523
8524
8525
8547
8548
8549
8550
8560
8561
8562
8572
8573
8574
8575
8585
8586
8587
8675
8685
8686
8687
8697
8698
8699
8700
8709
8712
8722
8723
8724
8734
8735
8736
8771
8772
8773
8774
8784
8785
8786
8808
8809
8810
8811
8821
8822
8823
8858
8859
8860
8861
8871
8872
8873
8883
8884
8885
8886
8895
8957
8958
8959
8960
8970
8971
8972
9044
9045
9046
9047
9057
9058
9059
9069
9070
9071
9072
9082
9083
9084
9094
9095
9096
9097
9106
9147
9157
9158
9159
9169
9170
9171
9181
9182
9183
9184
9194
9195
9196
9206
9207
9208
9218
9219
9220
9221
9231
9232
9233
9271
9280
9296
9305
9358
9367
9392
9393
9394
9395
9405
9406
9407
9417
9418
9419
9420
9430
9431
9432
9442
9443
9444
9470
9480
9481
9482
9492
9493
9494
9504
9505
9506
9507
9517
9518
9519
9529
9530
9531
9541
9542
9543
9544
9554
9555
9556
9594
9603
9619
9628
9631
9641
9642
9643
9653
9654
9655
9681
9690
9715
9716
9717
9718
9728
9729
9730
9740
9741
9742
9743
9753
9754
9755
9765
9766
9767
9814
9815
9816
9817
9827
9828
9829
9851
9852
9853
9854
9864
9865
9866
9892
9901
9938
9939
9940
9941
9951
9952
9953
9963
9964
9965
9966
9976
9977
9978
10016
10026
10027
10028
10038
10039
10040
10103
10112
10149
10150
10151
10152
10162
10163
10164
10190
10199
10211
10212
10213
10214
10224
10225
10226
10261
10262
10263
10264
10273
10286
10287
10288
10298
10299
10300
10301
10311
10312
10313
10323
10324
10325
10326
10336
10337
10338
10376
10386
10387
10388
10398
10399
10400
10401
10410
10438
10447
10472
10473
10474
10475
10485
10486
10487
10559
10560
10561
10562
10572
10573
10574
10584
10585
10586
10587
10597
10598
10599
10609
10610
10611
10621
10622
10623
10624
10634
10635
10636
10646
10647
10648
10649
10659
10660
10661
10671
10672
10673
10674
10684
10685
10686
10696
10697
10698
10699
10708
10749
10759
10760
10761
10771
10772
10773
10783
10784
10785
10811
10821
10822
10823
10833
10834
10835
10873
10883
10884
10885
10895
10896
10897
10935
10945
10946
10947
10957
10958
10959
11022
11032
11033
11034
11044
11045
11046
11056
11057
11058
11059
11069
11070
11071
11081
11082
11083
11084
11094
11095
11096
11106
11107
11108
11109
11119
11120
11121
11131
11132
11133
11143
11144
11145
11146
11156
11157
11158
11168
11169
11170
11171
11181
11182
11183
11193
11194
11195
11233
11243
11244
11245
11255
11256
11257
11258
11268
11269
11270
11280
11281
11282
11292
11293
11294
11345
11354
11357
11367
11368
11369
11379
11380
11381
11407
11416
11441
11442
11443
11444
11454
11455
11456
11466
11467
11468
11469
11478
11531
11540
11577
11578
11579
11580
11590
11591
11592
11614
11615
11616
11617
11630
11639
11655
11665
11666
11667
11677
11678
11679
11726
11727
11728
11729
11739
11740
11741
11779
11789
11790
11791
11801
11802
11803
11854
11864
11865
11866
11876
11877
11878
11888
11889
11890
11937
11938
11939
11940
11953
11962
11978
11988
11989
11990
12000
12001
12002
12049
12050
12051
12052
12062
12063
12064
12086
12087
12088
12089
12099
12100
12101
12127
12136
12173
12174
12175
12176
12186
12187
12188
12198
12199
12200
12201
12211
12212
12213
12235
12236
12237
12238
12248
12249
12250
12260
12261
12262
12263
12273
12274
12275
12322
12323
12324
12325
12335
12336
12337
12347
12348
12349
12350
12360
12361
12362
12372
12373
12374
12375
12385
12386
12387
12397
12398
12399
12409
12410
12411
12412
12422
12423
12424
12434
12435
12436
12437
12447
12448
12449
12459
12460
12461
12462
12472
12473
12474
12484
12485
12486
12496
12497
12498
12499
12509
12510
12511
12521
12522
12523
12524
12534
12535
12536
12546
12547
12548
12549
12559
12560
12561
12571
12572
12573
12583
12584
12585
12586
12596
12597
12598
12608
12609
12610
12611
12621
12622
12623
12633
12634
12635
12636
12646
12647
12648
12658
12659
12660
12670
12671
12672
12673
12683
12684
12685
12695
12696
12697
12723
12732
12794
12795
12796
12797
12807
12808
12809
12831
12832
12833
12834
12844
12845
12846
12856
12857
12858
12859
12869
12870
12871
12959
12969
12970
12971
12981
12982
12983
12993
12994
12995
13055
13056
13057
13058
13068
13069
13070
13080
13081
13082
13083
13092
13108
13117
13170
13179
13204
13205
13206
13207
13217
13218
13219
13229
13230
13231
13232
13242
13243
13244
13254
13255
13256
13278
13279
13280
13281
13291
13292
13293
13319
13329
13330
13331
13341
13342
13343
13353
13354
13355
13356
13366
13367
13368
13378
13379
13380
13381
13391
13392
13393
13403
13404
13405
13443
13452
13468
13478
13479
13480
13490
13491
13492
13502
13503
13504
13505
13515
13516
13517
13527
13528
13529
13530
13540
13541
13542
13552
13553
13554
13555
13565
13566
13567
13577
13578
13579
13589
13590
13591
13592
13602
13603
13604
13614
13615
13616
13651
13652
13653
13654
13664
13665
13666
13676
13677
13678
13679
13689
13690
13691
13701
13702
13703
13704
13714
13715
13716
13726
13727
13728
13729
13738
13800
13801
13802
13803
13813
13814
13815
13837
13838
13839
13840
13850
13851
13852
13878
13887
13915
13924
13974
13975
13976
13977
13986
14011
14012
14013
14014
14024
14025
14026
14085
14086
14087
14088
14098
14099
14100
14114
14124
14125
14126
14136
14137
14138
14148
14149
14150
14197
14198
14199
14200
14213
14222
14238
14248
14249
14272
14273
14274
14275
14285
14286
14287
14297
14298
14299
14300
14310
14311
14312
14322
14323
14324
14325
14335
14336
14337
14347
14348
14349
14359
14360
14361
14387
14397
14398
14399
14409
14410
14411
14458
14459
14460
14461
14471
14472
14473
14499
14509
14510
14511
14521
14522
14523
14533
14534
14535
14595
14596
14597
14598
14608
14609
14610
14620
14621
14622
14632
14633
14634
14635
14645
14646
14647
14669
14670
14671
14672
14682
14683
14684
14731
14732
14733
14734
14744
14745
14746
14772
14782
14783
14784
14794
14795
14796
14806
14807
14808
14809
14819
14820
14821
14831
14832
14833
14843
14844
14845
14846
14856
14857
14858
14880
14881
14882
14883
14893
14894
14895
14921
14930
15017
15018
15019
15020
15029
15070
15079
15091
15092
15093
15094
15104
15105
15106
15128
15129
15130
15131
15141
15142
15143
15166
15167
15168
15215
15216
15217
15218
15231
15241
15242
15243
15253
15254
15255
15265
15266
15267
15268
15278
15279
15280
15290
15291
15292
15302
15303
15304
15305
15315
15316
15317
15368
15378
15379
15414
15415
15416
15417
15427
15428
15429
15439
15440
15441
15442
15451
15464
15465
15466
15476
15477
15478
15479
15489
15490
15491
15501
15502
15503
15504
15514
15515
15516
15579
15589
15590
15591
15601
15602
15603
15613
15614
15615
15641
15651
15652
15653
15663
15664
15665
15716
15726
15727
15728
15738
15739
15740
15750
15751
15752
15774
15775
15776
15777
15787
15788
15789
15812
15813
15814
15836
15837
15838
15839
15849
15850
15851
15861
15862
15863
15864
15877
15886
15923
15924
15925
15926
15936
15937
15938
15948
15949
15950
15951
15961
15962
15963
16001
16011
16012
16013
16023
16024
16025
16088
16097
16134
16135
16136
16137
16147
16148
16149
16175
16184
16196
16197
16198
16199
16209
16210
16211
16246
16247
16248
16249
16259
16260
16261
16283
16284
16285
16286
16296
16297
16298
16308
16309
16310
16311
16321
16322
16323
16361
16371
16372
16373
16383
16384
16385
16395
16396
16397
16398
16408
16409
16410
16420
16421
16422
16423
16432
16457
16458
16459
16460
16470
16471
16472
16482
16483
16484
16485
16495
16496
16497
16507
16508
16509
16510
16520
16521
16522
16532
16533
16534
16544
16545
16546
16547
16557
16558
16559
16569
16570
16571
16572
16582
16583
16584
16594
16595
16596
16622
16632
16633
16634
16644
16645
16646
16656
16657
16658
16659
16669
16670
16671
16681
16682
16683
16684
16693
16718
16719
16720
16721
16731
16732
16733
16743
16744
16745
16746
16756
16757
16758
16768
16769
16770
16771
16781
16782
16783
16793
16794
16795
16805
16806
16807
16808
16818
16819
16820
16830
16831
16832
16833
16843
16844
16845
16855
16856
16857
16920
16930
16931
16932
16942
16943
16944
16954
16955
16956
16957
16967
16968
16969
16979
16980
16981
16982
16992
16993
16994
17004
17005
17006
17053
17054
17055
17056
17066
17067
17068
17115
17116
17117
17118
17128
17129
17130
17330
17340
17341
17342
17352
17353
17354
17364
17365
17366
17392
17402
17403
17404
17414
17415
17416
17479
17489
17490
17491
17501
17502
17503
17513
17514
17515
17541
17550
17575
17576
17577
17578
17588
17589
17590
17600
17601
17602
17612
17613
17614
17615
17625
17626
17627
17649
17650
17651
17652
17662
17663
17664
17686
17687
17688
17689
17702
17711
17727
17736
17798
17799
17800
17801
17811
17812
17813
17835
17836
17837
17838
17848
17849
17850
17876
17885
17963
17972
17984
17985
17986
17987
17997
17998
17999
18034
18035
18036
18037
18047
18048
18049
18071
18072
18073
18074
18084
18085
18086
18096
18097
18098
18099
18109
18110
18111
18133
18134
18135
18136
18146
18147
18148
18158
18159
18160
18161
18171
18172
18173
18183
18184
18185
18186
18196
18197
18198
18208
18209
18210
18211
18221
18222
18223
18233
18234
18235
18245
18246
18247
18248
18258
18259
18260
18270
18271
18272
18273
18283
18284
18285
18295
18296
18297
18323
18333
18334
18335
18345
18346
18347
18357
18358
18359
18360
18370
18371
18372
18382
18383
18384
18385
18394
18419
18420
18421
18422
18432
18433
18434
18444
18445
18446
18447
18457
18458
18459
18469
18470
18471
18472
18482
18483
18484
18494
18495
18496
18497
18506
18559
18569
18570
18571
18581
18582
18583
18630
18631
18632
18633
18643
18644
18645
18667
18668
18669
18670
18680
18681
18682
18692
18693
18694
18695
18705
18706
18707
18770
18780
18781
18782
18792
18793
18794
18804
18805
18806
18807
18817
18818
18819
18829
18830
18831
18841
18842
18843
18844
18854
18855
18856
18878
18879
18880
18881
18891
18892
18893
18919
18928
19006
19015
19031
19041
19042
19068
19078
19079
19080
19090
19091
19092
19114
19115
19116
19117
19130
19140
19141
19142
19152
19153
19154
19189
19190
19191
19192
19201
19242
19252
19253
19254
19264
19265
19266
19276
19277
19278
19329
19338
19366
19375
19391
19400
19425
19426
19427
19428
19438
19439
19440
19450
19451
19452
19453
19463
19464
19465
19475
19476
19477
19499
19500
19501
19502
19512
19513
19514
19540
19550
19551
19552
19562
19563
19564
19574
19575
19576
19577
19587
19588
19589
19599
19600
19601
19602
19612
19613
19614
19624
19625
19626
19627
19637
19638
19639
19649
19650
19651
19661
19662
19663
19723
19724
19725
19726
19736
19737
19738
19748
19749
19750
19776
19785
19801
19811
19812
19813
19823
19824
19825
19835
19836
19837
19838
19848
19849
19850
19860
19861
19862
19863
19873
19874
19875
19885
19886
19887
19925
19935
19936
19937
19947
19948
19949
19962
19972
19973
19974
19984
19985
19986
19987
19997
19998
19999
20009
20010
20011
20058
20059
20060
20061
20071
20072
20073
20120
20121
20122
20123
20133
20134
20135
20161
20171
20172
20173
20183
20184
20185
20195
20196
20197
20223
20233
20234
20235
20245
20246
20247
20310
20320
20321
20322
20332
20333
20334
20344
20345
20346
20347
20357
20358
20359
20369
20370
20371
20372
20382
20383
20384
20394
20395
20396
20397
20407
20408
20409
20419
20420
20421
20431
20432
20433
20434
20444
20445
20446
20456
20457
20458
20493
20494
20495
20496
20506
20507
20508
20518
20519
20520
20521
20531
20532
20533
20543
20544
20545
20583
20593
20594
20595
20605
20606
20607
20608
20618
20619
20620
20630
20631
20632
20642
20643
20644
20645
20655
20656
20657
20667
20668
20669
20670
20680
20681
20682
20692
20693
20694
20757
20767
20768
20769
20779
20780
20781
20791
20792
20793
20794
20804
20805
20806
20816
20817
20818
20819
20829
20830
20831
20841
20842
20843
20890
20891
20892
20893
20903
20904
20905
20952
20953
20954
20955
20965
20966
20967
20993
21003
21004
21005
21015
21016
21017
21027
21028
21029
21030
21040
21041
21042
21052
21053
21054
21064
21065
21066
21067
21077
21078
21079
21101
21102
21103
21104
21114
21115
21116
21138
21139
21140
21141
21154
21164
21165
21166
21176
21177
21178
21179
21189
21190
21191
21201
21202
21203
21213
21214
21215
21216
21226
21227
21228
21238
21239
21240
21241
21251
21252
21253
21263
21264
21265
21303
21313
21314
21315
21325
21326
21327
21328
21338
21339
21340
21350
21351
21352
21353
21362
21424
21425
21426
21427
21437
21438
21439
21461
21462
21463
21464
21474
21475
21476
21511
21512
21513
21514
21524
21525
21526
21536
21537
21538
21539
21548
21564
21574
21575
21576
21586
21587
21588
21598
21599
21600
21601
21611
21612
21613
21623
21624
21625
21660
21661
21662
21663
21673
21674
21675
21685
21686
21687
21688
21698
21699
21700
21710
21711
21712
21784
21785
21786
21787
21797
21798
21799
21809
21810
21811
21812
21822
21823
21824
21834
21835
21836
21837
21847
21848
21849
21859
21860
21861
21862
21871
21933
21934
21935
21936
21946
21947
21948
21970
21971
21972
21973
21983
21984
21985
22020
22021
22022
22023
22033
22034
22035
22045
22046
22047
22048
22057
22073
22083
22084
22085
22095
22096
22097
22107
22108
22109
22110
22120
22121
22122
22132
22133
22134
22169
22170
22171
22172
22182
22183
22184
22194
22195
22196
22197
22207
22208
22209
22219
22220
22221
22293
22294
22295
22296
22306
22307
22308
22318
22319
22320
22321
22331
22332
22333
22343
22344
22345
22346
22356
22357
22358
22368
22369
22370
22371
22380
22396
22406
22407
22408
22418
22419
22420
22430
22431
22432
22433
22443
22444
22445
22455
22456
22457
22483
22492
22554
22555
22556
22557
22567
22568
22569
22591
22592
22593
22594
22604
22605
22606
22616
22617
22618
22619
22629
22630
22631
22756
22766
22767
22768
22778
22779
22780
22790
22791
22792
22793
22803
22804
22805
22815
22816
22817
22818
22827
22843
22852
22926
22927
22928
22929
22942
22951
22967
22976
23001
23002
23003
23004
23014
23015
23016
23026
23027
23028
23029
23039
23040
23041
23051
23052
23053
23091
23101
23102
23103
23113
23114
23115
23166
23176
23177
23178
23188
23189
23190
23200
23201
23202
23203
23213
23214
23215
23225
23226
23227
23228
23237
23262
23263
23264
23265
23275
23276
23277
23287
23288
23289
23290
23300
23301
23302
23312
23313
23314
23377
23387
23388
23389
23399
23400
23401
23411
23412
23413
23414
23424
23425
23426
23436
23437
23438
23439
23449
23450
23451
23461
23462
23463
23510
23511
23512
23513
23523
23524
23525
23572
23573
23574
23575
23585
23586
23587
23613
23623
23624
23625
23635
23636
23637
23647
23648
23649
23650
23660
23661
23662
23672
23673
23674
23684
23685
23686
23687
23697
23698
23699
23721
23722
23723
23724
23734
23735
23736
23771
23772
23773
23774
23784
23785
23786
23796
23797
23798
23799
23809
23810
23811
23821
23822
23823
23833
23834
23835
23836
23846
23847
23848
23858
23859
23860
23861
23871
23872
23873
23883
23884
23885
23911
23921
23922
23923
23933
23934
23935
23945
23946
23947
23948
23958
23959
23960
23970
23971
23972
23982
23983
23984
23985
23995
23996
23997
24010
24020
24021
24022
24032
24033
24034
24069
24070
24071
24072
24082
24083
24084
24094
24095
24096
24097
24107
24108
24109
24119
24120
24121
24131
24132
24133
24134
24144
24145
24146
24156
24157
24158
24159
24169
24170
24171
24181
24182
24183
24184
24194
24195
24196
24206
24207
24208
24209
24218
24280
24281
24282
24283
24293
24294
24295
24317
24318
24319
24320
24330
24331
24332
24354
24355
24356
24357
24370
24379
24395
24405
24406
24407
24417
24418
24419
24429
24430
24431
24432
24442
24443
24444
24454
24455
24456
24457
24467
24468
24469
24479
24480
24481
24519
24529
24530
24531
24541
24542
24543
24590
24591
24592
24593
24603
24604
24605
24652
24653
24654
24655
24665
24666
24667
24714
24715
24716
24717
24727
24728
24729
24739
24740
24741
24742
24752
24753
24754
24764
24765
24766
24767
24777
24778
24779
24789
24790
24791
24792
24802
24803
24804
24814
24815
24816
24826
24827
24828
24829
24839
24840
24841
24851
24852
24853
24854
24864
24865
24866
24876
24877
24878
24904
24914
24915
24916
24926
24927
24928
24938
24939
24940
24941
24951
24952
24953
24963
24964
24965
24966
24975
25000
25001
25002
25003
25013
25014
25015
25025
25026
25027
25028
25038
25039
25040
25050
25051
25052
25053
25063
25064
25065
25075
25076
25077
25078
25087
25140
25149
25174
25175
25176
25177
25187
25188
25189
25199
25200
25201
25202
25212
25213
25214
25224
25225
25226
25227
25237
25238
25239
25249
25250
25251
25261
25262
25263
25264
25274
25275
25276
25286
25287
25288
25289
25299
25300
25301
25311
25312
25313
25422
25423
25424
25425
25435
25436
25437
25463
25473
25474
25475
25485
25486
25487
25497
25498
25499
25500
25510
25511
25512
25522
25523
25524
25525
25534
25550
25559
25587
25597
25598
25599
25609
25610
25611
25612
25622
25623
25624
25634
25635
25636
25637
25647
25648
25649
25659
25660
25661
25671
25672
25673
25720
25721
25722
25723
25770
25771
25772
25773
25783
25784
25785
25798
25807
25848
25858
25859
25860
25870
25871
25872
25882
25883
25884
25910
25920
25921
25922
25932
25933
25934
25972
25982
25983
25984
25994
25995
25996
25997
26007
26008
26009
26019
26020
26021
26031
26032
26033
26034
26044
26045
26046
26056
26057
26058
26093
26094
26095
26096
26106
26107
26108
26118
26119
26120
26121
26131
26132
26133
26143
26144
26145
26217
26218
26219
26220
26230
26231
26232
26242
26243
26244
26245
26255
26256
26257
26267
26268
26269
26270
26280
26281
26282
26292
26293
26294
26304
26305
26306
26307
26317
26318
26319
26329
26330
26331
26332
26342
26343
26344
26354
26355
26356
26357
26367
26368
26369
26379
26380
26381
26391
26392
26393
26394
26404
26405
26406
26416
26417
26418
26419
26429
26430
26431
26441
26442
26443
26444
26454
26455
26456
26466
26467
26468
26478
26479
26480
26481
26491
26492
26493
26503
26504
26505
26531
26540
26602
26603
26604
26605
26615
26616
26617
26639
26640
26641
26642
26652
26653
26654
26664
26665
26666
26667
26677
26678
26679
26701
26702
26703
26704
26714
26715
26716
26726
26727
26728
26729
26739
26740
26741
26751
26752
26753
26754
26764
26765
26766
26776
26777
26778
26779
26788
26850
26851
26852
26853
26863
26864
26865
26912
26913
26914
26915
26925
26926
26927
26953
26963
26964
26965
26975
26976
26977
26987
26988
26989
26990
27000
27001
27002
27012
27013
27014
27024
27025
27026
27027
27037
27038
27039
27077
27086
27102
27111
27173
27174
27175
27176
27186
27187
27188
27235
27236
27237
27238
27248
27249
27250
27272
27273
27274
27275
27285
27286
27287
27297
27298
27299
27300
27310
27311
27312
27322
27323
27324
27325
27335
27336
27337
27347
27348
27349
27350
27359
27375
27385
27386
27387
27397
27398
27399
27409
27410
27411
27412
27422
27423
27424
27434
27435
27436
27462
27471
27524
27533
27549
27558
27595
27596
27597
27598
27608
27609
27610
27636
27645
27657
27658
27659
27660
27670
27671
27672
27698
27707
27719
27720
27721
27722
27735
27744
27781
27782
27783
27784
27797
27807
27808
27809
27819
27820
27821
27847
27856
27868
27869
27870
27871
27881
27882
27883
27909
27919
27920
27921
27931
27932
27933
27946
27956
27957
27958
27968
27969
27970
27971
27980
28021
28031
28032
28104
28105
28106
28107
28120
28129
28166
28167
28168
28169
28182
28192
28193
28194
28204
28205
28206
28207
28217
28218
28219
28229
28230
28231
28241
28242
28243
28244
28254
28255
28256
28266
28267
28268
28294
28303
28331
28341
28342
28343
28353
28354
28355
28381
28390
28443
28452
28477
28478
28479
28480
28490
28491
28492
28502
28503
28504
28505
28514
28530
28540
28541
28542
28552
28553
28554
28564
28565
28566
28567
28577
28578
28579
28589
28590
28591
28592
28602
28603
28604
28614
28615
28616
28704
28714
28715
28716
28726
28727
28728
28738
28739
28740
28800
28801
28802
28828
28838
28839
28840
28850
28851
28852
28865
28875
28876
28877
28887
28888
28889
28890
28899
28924
28925
28926
28927
28937
28938
28939
28949
28950
28951
28998
28999
29000
29001
29011
29012
29013
29048
29049
29050
29051
29061
29062
29063
29073
29074
29075
29076
29086
29087
29088
29098
29099
29100
29101
29110
29126
29136
29137
29138
29148
29149
29150
29160
29161
29162
29188
29197
29222
29223
29224
29225
29235
29236
29237
29247
29248
29249
29275
29285
29286
29287
29297
29298
29299
29309
29310
29311
29312
29322
29323
29324
29334
29335
29336
29337
29347
29348
29349
29359
29360
29361
29408
29409
29410
29411
29421
29422
29423
29470
29471
29472
29473
29483
29484
29485
29573
29583
29584
29585
29595
29596
29597
29607
29608
29609
29610
29620
29621
29622
29632
29633
29634
29644
29645
29646
29647
29657
29658
29659
29681
29682
29683
29684
29694
29695
29696
29731
29732
29733
29734
29744
29745
29746
29756
29757
29758
29759
29769
29770
29771
29781
29782
29783
29784
29793
29846
29855
29871
29880
29958
29967
29979
29980
29981
29982
29992
29993
29994
30020
30029
30054
30055
30056
30057
30067
30068
30069
30079
30080
30081
30091
30092
30093
30094
30104
30105
30106
30144
30153
30169
30178
30240
30241
30242
30243
30253
30254
30255
30302
30303
30304
30305
30315
30316
30317
30339
30340
30341
30342
30352
30353
30354
30364
30365
30366
30367
30377
30378
30379
30389
30390
30391
30392
30402
30403
30404
30414
30415
30416
30417
30426
30442
30452
30453
30454
30464
30465
30466
30476
30477
30478
30479
30489
30490
30491
30501
30502
30503
30529
30538
30591
30600
30616
30625
30662
30663
30664
30665
30675
30676
30677
30712
30713
30714
30715
30724
30740
30749
30774
30775
30776
30777
30787
30788
30789
30799
30800
30801
30802
30812
30813
30814
30824
30825
30826
30889
30899
30900
30901
30911
30912
30913
30923
30924
30925
30926
30936
30937
30938
30948
30949
30950
30951
30961
30962
30963
30973
30974
30975
30976
30986
30987
30988
30998
30999
31000
31001
31010
31063
31072
31097
31098
31099
31100
31110
31111
31112
31122
31123
31124
31125
31135
31136
31137
31147
31148
31149
31150
31160
31161
31162
31172
31173
31174
31184
31185
31186
31187
31197
31198
31199
31209
31210
31211
31212
31222
31223
31224
31234
31235
31236
31345
31346
31347
31348
31358
31359
31360
31386
31396
31397
31398
31408
31409
31410
31420
31421
31422
31448
31458
31459
31460
31470
31471
31472
31606
31607
31608
31609
31619
31620
31621
31631
31632
31633
31634
31643
31659
31669
31670
31671
31681
31682
31683
31693
31694
31695
31696
31706
31707
31708
31718
31719
31720
31721
31731
31732
31733
31743
31744
31745
31833
31843
31844
31845
31855
31856
31857
31867
31868
31869
31870
31880
31881
31882
31892
31893
31894
31895
31904
31929
31930
31931
31932
31942
31943
31944
31954
31955
31956
31957
31967
31968
31969
31979
31980
31981
31982
31992
31993
31994
32004
32005
32006
32016
32017
32018
32019
32029
32030
32031
32041
32042
32043
32044
32054
32055
32056
32066
32067
32068
32177
32178
32179
32180
32190
32191
32192
32214
32215
32216
32217
32227
32228
32229
32239
32240
32241
32242
32252
32253
32254
32264
32265
32266
32267
32277
32278
32279
32289
32290
32291
32292
32301
32317
32327
32328
32329
32339
32340
32341
32351
32352
32353
32354
32364
32365
32366
32376
32377
32378
32404
32413
32454
32464
32465
32512
32513
32514
32515
32525
32526
32527
32537
32538
32539
32540
32553
32562
32574
32575
32576
32577
32587
32588
32589
32612
32613
32614
32615
32624
32649
32650
32651
32652
32662
32663
32664
32674
32675
32676
32686
32687
32688
32689
32699
32700
32701
32739
32748
32764
32773
32835
32836
32837
32838
32848
32849
32850
32897
32898
32899
32900
32910
32911
32912
32938
32948
32949
32950
32960
32961
32962
32972
32973
32974
32975
32985
32986
32987
32997
32998
32999
33009
33010
33011
33012
33022
33023
33024
33050
33060
33061
33112
33122
33123
33124
33134
33135
33136
33158
33159
33160
33161
33171
33172
33173
33183
33184
33185
33186
33196
33197
33198
33220
33221
33222
33223
33233
33234
33235
33245
33246
33247
33248
33258
33259
33260
33298
33308
33309
33310
33320
33321
33322
33332
33333
33334
33335
33345
33346
33347
33357
33358
33359
33360
33369
33394
33395
33396
33397
33407
33408
33409
33419
33420
33421
33422
33432
33433
33434
33444
33445
33446
33447
33457
33458
33459
33469
33470
33471
33472
33481
33534
33543
33568
33569
33570
33571
33581
33582
33583
33593
33594
33595
33621
33631
33632
33633
33643
33644
33645
33655
33656
33657
33692
33693
33694
33695
33704
33717
33718
33719
33779
33780
33781
33782
33792
33793
33794
33804
33805
33806
33807
33816
33869
33878
33894
33903
33990
33991
33992
33993
34003
34004
34005
34015
34016
34017
34018
34028
34029
34030
34040
34041
34042
34068
34078
34079
34080
34090
34091
34092
34102
34103
34104
34105
34115
34116
34117
34127
34128
34129
34130
34139
34164
34165
34166
34167
34177
34178
34179
34189
34190
34191
34192
34202
34203
34204
34214
34215
34216
34217
34227
34228
34229
34239
34240
34241
34251
34252
34253
34254
34264
34265
34266
34276
34277
34278
34279
34289
34290
34291
34301
34302
34303
34412
34413
34414
34415
34425
34426
34427
34449
34450
34451
34452
34462
34463
34464
34474
34475
34476
34477
34487
34488
34489
34499
34500
34501
34502
34512
34513
34514
34524
34525
34526
34527
34536
34552
34562
34563
34564
34574
34575
34576
34586
34587
34588
34589
34599
34600
34601
34611
34612
34613
34639
34648
34689
34699
34700
34751
34761
34762
34763
34773
34774
34775
34788
34798
34799
34800
34810
34811
34812
34822
34823
34824
34825
34835
34836
34837
34859
34860
34861
34862
34872
34873
34874
34900
34909
34962
34972
34973
34974
34984
34985
34986
35008
35009
35010
35011
35021
35022
35023
35033
35034
35035
35036
35046
35047
35048
35070
35071
35072
35073
35083
35084
35085
35095
35096
35097
35098
35108
35109
35110
35173
35183
35184
35185
35195
35196
35197
35207
35208
35209
35210
35220
35221
35222
35232
35233
35234
35244
35245
35246
35247
35257
35258
35259
35281
35282
35283
35284
35294
35295
35296
35331
35332
35333
35334
35344
35345
35346
35356
35357
35358
35359
35369
35370
35371
35381
35382
35383
35384
35393
35446
35455
35471
35480
35533
35543
35544
35545
35555
35556
35557
35583
35593
35594
35595
35605
35606
35607
35617
35618
35619
35645
35655
35656
35657
35667
35668
35669
35728
35729
35730
35731
35744
35754
35755
35756
35766
35767
35768
35769
35778
35803
35804
35805
35806
35816
35817
35818
35828
35829
35830
35831
35841
35842
35843
35853
35854
35855
35856
35866
35867
35868
35878
35879
35880
35890
35891
35892
35952
35953
35954
35955
35965
35966
35967
35977
35978
35979
35980
35990
35991
35992
36002
36003
36004
36005
36015
36016
36017
36027
36028
36029
36039
36040
36041
36042
36052
36053
36054
36064
36065
36066
36067
36077
36078
36079
36089
36090
36091
36154
36164
36165
36166
36176
36177
36178
36188
36189
36190
36191
36201
36202
36203
36213
36214
36215
36216
36226
36227
36228
36238
36239
36240
36241
36251
36252
36253
36263
36264
36265
36275
36276
36277
36278
36288
36289
36290
36300
36301
36302
36303
36313
36314
36315
36325
36326
36327
36365
36375
36376
36377
36387
36388
36389
36390
36400
36401
36402
36412
36413
36414
36424
36425
36426
36427
36437
36438
36439
36449
36450
36451
36452
36462
36463
36464
36474
36475
36476
36539
36549
36550
36551
36561
36562
36563
36573
36574
36575
36576
36586
36587
36588
36598
36599
36600
36601
36611
36612
36613
36623
36624
36625
36626
36636
36637
36638
36648
36649
36650
36660
36661
36662
36663
36673
36674
36675
36685
36686
36687
36688
36698
36699
36700
36710
36711
36712
36812
36821
36837
36846
36883
36884
36885
36886
36896
36897
36898
36920
36921
36922
36923
36936
36946
36947
36948
36958
36959
36960
36961
36971
36972
36973
36983
36984
36985
37007
37008
37009
37010
37020
37021
37022
37048
37057
37085
37095
37096
37097
37107
37108
37109
37110
37120
37121
37122
37132
37133
37134
37135
37145
37146
37147
37157
37158
37159
37169
37170
37171
37218
37219
37220
37221
37234
37244
37245
37246
37256
37257
37258
37259
37269
37270
37271
37281
37282
37283
37330
37331
37332
37333
37343
37344
37345
37367
37368
37369
37370
37380
37381
37382
37417
37418
37419
37420
37430
37431
37432
37442
37443
37444
37445
37454
37470
37480
37481
37482
37492
37493
37494
37504
37505
37506
37507
37517
37518
37519
37529
37530
37531
37566
37567
37568
37569
37579
37580
37581
37591
37592
37593
37594
37604
37605
37606
37616
37617
37618
37669
37679
37680
37681
37691
37692
37693
37703
37704
37705
37706
37716
37717
37718
37728
37729
37730
37740
37741
37742
37743
37753
37754
37755
37777
37778
37779
37780
37790
37791
37792
37827
37828
37829
37830
37840
37841
37842
37852
37853
37854
37855
37865
37866
37867
37877
37878
37879
37880
37889
37942
37951
37976
37977
37978
37979
37989
37990
37991
38001
38002
38003
38075
38076
38077
38078
38088
38089
38090
38116
38126
38127
38128
38138
38139
38140
38150
38151
38152
38153
38163
38164
38165
38175
38176
38177
38178
38187
38212
38213
38214
38215
38225
38226
38227
38237
38238
38239
38286
38287
38288
38289
38299
38300
38301
38336
38337
38338
38339
38348
38364
38373
38389
38399
38400
38401
38411
38412
38413
38423
38424
38425
38426
38436
38437
38438
38448
38449
38450
38485
38486
38487
38488
38498
38499
38500
38510
38511
38512
38547
38548
38549
38550
38560
38561
38562
38572
38573
38574
38575
38585
38586
38587
38597
38598
38599
38600
38609
38625
38635
38636
38637
38647
38648
38649
38659
38660
38661
38662
38672
38673
38674
38684
38685
38686
38687
38697
38698
38699
38709
38710
38711
38774
38784
38785
38786
38796
38797
38798
38808
38809
38810
38811
38821
38822
38823
38833
38834
38835
38836
38846
38847
38848
38858
38859
38860
38907
38908
38909
38910
38920
38921
38922
38948
38958
38959
38960
38970
38971
38972
38982
38983
38984
38985
38995
38996
38997
39007
39008
39009
39010
39019
39044
39045
39046
39047
39057
39058
39059
39069
39070
39071
39118
39119
39120
39121
39131
39132
39133
39159
39168
39180
39181
39182
39183
39193
39194
39195
39242
39243
39244
39245
39258
39268
39269
39270
39280
39281
39282
39292
39293
39294
39295
39305
39306
39307
39329
39330
39331
39332
39342
39343
39344
39370
39380
39381
39382
39392
39393
39394
39404
39405
39406
39432
39442
39443
39444
39454
39455
39456
39494
39504
39505
39506
39516
39517
39518
39519
39529
39530
39531
39541
39542
39543
39544
39553
39615
39616
39617
39618
39628
39629
39630
39652
39653
39654
39655
39665
39666
39667
39702
39703
39704
39705
39715
39716
39717
39727
39728
39729
39730
39739
39755
39765
39766
39767
39777
39778
39779
39789
39790
39791
39792
39802
39803
39804
39814
39815
39816
39842
39851
39904
39913
39938
39939
39940
39941
39951
39952
39953
39963
39964
39965
39966
39975
