1
6
7
8
9
10
11
12
14
24
26
27
28
29
31
45
46
47
48
49
62
68
82
83
84
85
98
104
117
122
135
142
154
155
159
172
191
192
193
194
195
209
234
245
248
249
250
265
266
267
268
270
283
302
303
304
305
306
320
321
322
323
324
325
339
340
341
342
362
380
394
395
396
397
398
417
430
467
468
469
470
471
472
486
487
488
489
490
522
523
524
525
526
527
541
542
543
544
545
596
597
598
599
600
601
615
616
617
618
619
633
634
635
636
637
638
652
653
654
655
656
670
671
672
673
674
688
689
690
691
692
693
707
708
709
710
711
725
726
727
728
729
730
744
745
746
747
748
762
763
764
765
766
841
855
856
857
858
859
873
874
875
876
877
891
892
893
894
895
896
910
911
912
913
914
928
929
930
931
932
946
947
948
949
950
951
965
966
967
968
969
1001
1002
1003
1004
1005
1006
1020
1021
1022
1023
1024
1056
1057
1058
1059
1060
1061
1080
1094
1095
1096
1097
1098
1112
1113
1114
1115
1116
1117
1131
1132
1133
1134
1135
1149
1150
1151
1152
1153
1167
1168
1169
1170
1171
1172
1186
1187
1188
1189
1190
1204
1205
1206
1207
1208
1209
1223
1224
1225
1226
1227
1241
1242
1243
1244
1245
1301
1315
1316
1317
1318
1319
1320
1333
1388
1389
1390
1391
1392
1393
1407
1408
1409
1410
1411
1425
1426
1427
1428
1429
1430
1444
1445
1446
1447
1448
1498
1499
1500
1501
1502
1503
1517
1518
1519
1520
1521
1541
1554
1596
1608
1610
1611
1612
1613
1632
1646
1647
1648
1649
1650
1651
1665
1666
1667
1668
1669
1706
1719
1738
1739
1740
1741
1742
1756
1757
1758
1759
1760
1761
1793
1794
1795
1796
1797
1798
1812
1813
1814
1815
1816
1848
1849
1850
1851
1852
1872
1885
1909
1923
1924
1925
1926
1927
1941
1942
1943
1944
1945
1959
1960
1961
1962
1963
2001
2014
2051
2052
2053
2054
2055
2056
2070
2071
2072
2073
2074
2088
2089
2090
2091
2092
2124
2125
2126
2127
2128
2129
2148
2162
2163
2164
2165
2166
2167
2180
2222
2236
2237
2238
2239
2240
2254
2255
2256
2257
2258
2272
2273
2274
2275
2276
2277
2291
2292
2293
2294
2295
2345
2346
2347
2348
2349
2350
2401
2402
2403
2404
2405
2406
2420
2421
2422
2423
2424
2438
2439
2440
2441
2442
2480
2494
2495
2496
2497
2498
2512
2513
2514
2515
2516
2530
2531
2532
2533
2534
2535
2549
2550
2551
2552
2553
2567
2568
2569
2570
2571
2572
2585
2590
2604
2605
2606
2607
2608
2664
2677
2701
2715
2716
2717
2718
2719
2733
2734
2735
2736
2737
2738
2751
2824
2825
2826
2827
2828
2829
2848
2862
2863
2864
2865
2866
2898
2899
2900
2901
2902
2903
2917
2918
2919
2920
2921
2953
2954
2955
2956
2957
2958
2977
2990
3014
3028
3029
3030
3031
3032
3046
3047
3048
3049
3050
3064
3065
3066
3067
3068
3106
3119
3156
3157
3158
3159
3160
3161
3175
3176
3177
3178
3179
3193
3194
3195
3196
3197
3235
3249
3250
3251
3252
3253
3267
3268
3269
3270
3271
3272
3285
3327
3341
3342
3343
3344
3345
3359
3360
3361
3362
3363
3414
3415
3416
3417
3418
3419
3432
3493
3506
3524
3525
3526
3527
3528
3529
3543
3544
3545
3546
3547
3635
3636
3637
3638
3639
3640
3654
3655
3656
3657
3658
3672
3673
3674
3675
3676
3690
3691
3692
3693
3694
3695
3709
3710
3711
3712
3713
3732
3746
3747
3748
3749
3750
3764
3765
3766
3767
3768
3837
3838
3839
3840
3841
3842
3856
3857
3858
3859
3860
3929
3930
3931
3932
3933
3934
3948
3949
3950
3951
3952
4027
4041
4042
4043
4044
4045
4059
4060
4061
4062
4063
4077
4078
4079
4080
4081
4169
4170
4171
4172
4173
4230
4244
4245
4246
4247
4248
4262
4263
4264
4265
4266
4280
4281
4282
4283
4284
4316
4317
4318
4319
4320
4321
4335
4336
4337
4338
4339
4353
4354
4355
4356
4357
4358
4371
4390
4391
4392
4393
4394
4432
4446
4447
4448
4449
4450
4482
4483
4484
4485
4486
4487
4501
4502
4503
4504
4505
4519
4520
4521
4522
4523
4524
4537
4574
4575
4576
4577
4578
4579
4593
4594
4595
4596
4597
4611
4612
4613
4614
4615
4684
4685
4686
4687
4688
4689
4703
4704
4705
4706
4707
4758
4759
4760
4761
4762
4763
4777
4778
4779
4780
4781
4795
4796
4797
4798
4799
4800
4814
4815
4816
4817
4818
4832
4833
4834
4835
4836
4837
4850
4874
4888
4889
4890
4891
4892
4906
4907
4908
4909
4910
4911
4924
4929
4943
4944
4945
4946
4947
4961
4962
4963
4964
4965
4966
4980
4981
4982
4983
4984
4998
4999
5000
5001
5002
5053
5054
5055
5056
5057
5058
5072
5073
5074
5075
5076
5090
5091
5092
5093
5094
5132
5145
5274
5275
5276
5277
5278
5279
5293
5294
5295
5296
5297
5311
5312
5313
5314
5315
5316
5329
5353
5366
5445
5458
5476
5477
5478
5479
5480
5481
5500
5514
5515
5516
5517
5518
5532
5533
5534
5535
5536
5642
5643
5644
5645
5646
5647
5661
5662
5663
5664
5665
5703
5717
5718
5719
5720
5826
5827
5828
5829
5830
5831
5850
5864
5865
5866
5867
5868
5882
5883
5884
5885
5886
5900
5901
5902
5903
5904
5905
5919
5920
5921
5922
5923
5979
5992
6016
6030
6031
6032
6033
6034
6048
6049
6050
6051
6052
6066
6067
6068
6069
6070
6121
6122
6123
6124
6125
6126
6140
6141
6142
6143
6144
6176
6177
6178
6179
6180
6181
6195
6196
6197
6198
6199
6237
6250
6292
6305
6329
6343
6344
6345
6346
6347
6361
6362
6363
6364
6365
6421
6434
6526
6527
6528
6529
6530
6531
6545
6546
6547
6548
6549
6581
6582
6583
6584
6585
6586
6600
6601
6602
6603
6604
6618
6619
6620
6621
6622
6623
6637
6638
6639
6640
6641
6710
6711
6712
6713
6714
6715
6729
6730
6731
6732
6733
6747
6748
6749
6750
6751
6752
6766
6767
6768
6769
6770
6784
6785
6786
6787
6788
6789
6803
6804
6805
6806
6807
6821
6822
6823
6824
6825
6839
6840
6841
6842
6843
6844
6858
6859
6860
6861
6862
6876
6877
6878
6879
6880
6881
6895
6896
6897
6898
6899
6913
6914
6915
6916
6917
6918
6932
6933
6934
6935
6936
6950
6951
6952
6953
6954
6992
7006
7007
7008
7009
7010
7024
7025
7026
7027
7028
7042
7043
7044
7045
7046
7047
7061
7062
7063
7064
7065
7079
7080
7081
7082
7083
7097
7098
7099
7100
7101
7102
7116
7117
7118
7119
7120
7158
7172
7173
7174
7175
7176
7190
7191
7192
7193
7194
7208
7209
7210
7211
7212
7213
7227
7228
7229
7230
7231
7245
7246
7247
7248
7249
7263
7264
7265
7266
7267
7268
7282
7283
7284
7285
7286
7318
7319
7320
7321
7322
7323
7337
7338
7339
7340
7341
7373
7374
7375
7376
7377
7378
7397
7411
7412
7413
7414
7415
7429
7430
7431
7432
7433
7471
7485
7486
7487
7488
7489
7503
7504
7505
7506
7507
7521
7522
7523
7524
7525
7526
7540
7541
7542
7543
7544
7558
7559
7560
7561
7562
7576
7577
7578
7579
7580
7581
7595
7596
7597
7598
7599
7618
7632
7633
7634
7635
7636
7650
7651
7652
7653
7654
7655
7669
7670
7671
7672
7673
7687
7688
7689
7690
7691
7692
7706
7707
7708
7709
7710
7724
7725
7726
7727
7728
7742
7743
7744
7745
7746
7747
7761
7762
7763
7764
7765
7779
7780
7781
7782
7783
7834
7835
7836
7837
7838
7839
7853
7854
7855
7856
7857
7871
7872
7873
7874
7875
7876
7890
7891
7892
7893
7894
7908
7909
7910
7911
7912
7950
7964
7965
7966
7967
7968
7982
7983
7984
7985
7986
8000
8001
8002
8003
8004
8005
8019
8020
8021
8022
8023
8037
8038
8039
8040
8041
8055
8056
8057
8058
8059
8060
8074
8075
8076
8077
8078
8134
8147
8184
8185
8186
8187
8188
8226
8239
8263
8276
8318
8331
8349
8350
8351
8352
8353
8354
8373
8386
8405
8406
8407
8408
8409
8423
8424
8425
8426
8427
8428
8442
8443
8444
8445
8446
8497
8498
8499
8500
8501
8502
8516
8517
8518
8519
8520
8534
8535
8536
8537
8538
8539
8553
8554
8555
8556
8557
8571
8572
8573
8574
8575
8589
8590
8591
8592
8593
8631
8644
8681
8682
8683
8684
8685
8686
8700
8701
8702
8703
8704
8718
8719
8720
8721
8722
8723
8737
8738
8739
8740
8741
8755
8756
8757
8758
8759
8760
8774
8775
8776
8777
8778
8792
8793
8794
8795
8796
8797
8810
8883
8884
8885
8886
8887
8888
8907
8921
8922
8923
8924
8925
8957
8958
8959
8960
8961
8962
8976
8977
8978
8979
8980
9018
9031
9086
9087
9088
9089
9090
9091
9105
9106
9107
9108
9109
9123
9124
9125
9126
9127
9147
9160
9178
9179
9180
9181
9182
9183
9197
9198
9199
9200
9201
9252
9253
9254
9255
9256
9257
9271
9272
9273
9274
9275
9331
9345
9346
9347
9348
9349
9363
9364
9365
9366
9367
9423
9437
9438
9439
9440
9441
9455
9456
9457
9458
9459
9460
9474
9475
9476
9477
9478
9492
9493
9494
9495
9496
9510
9511
9512
9513
9514
9515
9529
9530
9531
9532
9533
9547
9548
9549
9550
9551
9552
9566
9567
9568
9569
9570
9584
9585
9586
9587
9588
9589
9603
9604
9605
9606
9607
9621
9622
9623
9624
9625
9626
9639
9718
9731
9768
9769
9770
9771
9772
9773
9787
9788
9789
9790
9791
9805
9806
9807
9808
9809
9810
9824
9825
9826
9827
9828
9842
9843
9844
9845
9846
9878
9879
9880
9881
9882
9883
9897
9898
9899
9900
9901
9957
9970
10007
10008
10009
10010
10011
10012
10026
10027
10028
10029
10030
10062
10063
10064
10065
10066
10067
10081
10082
10083
10084
10085
10123
10137
10138
10139
10140
10141
10155
10156
10157
10158
10159
10173
10174
10175
10176
10177
10178
10192
10193
10194
10195
10196
10210
10211
10212
10213
10214
10228
10229
10230
10231
10232
10233
10247
10248
10249
10250
10251
10283
10284
10285
10286
10287
10288
10302
10303
10304
10305
10306
10357
10358
10359
10360
10361
10362
10376
10377
10378
10379
10380
10394
10395
10396
10397
10398
10399
10413
10414
10415
10416
10417
10431
10432
10433
10434
10435
10436
10449
10491
10505
10506
10507
10508
10509
10523
10524
10525
10526
10527
10565
10578
10670
10671
10672
10673
10674
10675
10689
10690
10691
10692
10693
10725
10726
10727
10728
10729
10730
10744
10745
10746
10747
10748
10762
10763
10764
10765
10766
10767
10781
10782
10783
10784
10785
10817
10818
10819
10820
10821
10822
10836
10837
10838
10839
10840
10854
10855
10856
10857
10858
10859
10873
10874
10875
10876
10877
10891
10892
10893
10894
10895
10896
10910
10911
10912
10913
10914
10928
10929
10930
10931
10932
10933
10947
10948
10949
10950
10951
10965
10966
10967
10968
10969
10983
10984
10985
10986
10987
10988
11002
11003
11004
11005
11006
11020
11021
11022
11023
11024
11025
11039
11040
11041
11042
11043
11057
11058
11059
11060
11061
11099
11113
11114
11115
11116
11117
11131
11132
11133
11134
11135
11149
11150
11151
11152
11153
11154
11168
11169
11170
11171
11172
11186
11187
11188
11189
11190
11191
11204
11241
11242
11243
11244
11245
11246
11260
11261
11262
11263
11264
11278
11279
11280
11281
11282
11283
11297
11298
11299
11300
11301
11315
11316
11317
11318
11319
11320
11334
11335
11336
11337
11338
11352
11353
11354
11355
11356
11357
11370
11449
11462
11499
11500
11501
11502
11503
11504
11518
11519
11520
11521
11522
11536
11537
11538
11539
11540
11541
11555
11556
11557
11558
11559
11573
11574
11575
11576
11577
11609
11610
11611
11612
11613
11614
11628
11629
11630
11631
11632
11670
11684
11685
11686
11687
11688
11702
11703
11704
11705
11706
11720
11721
11722
11723
11724
11725
11739
11740
11741
11742
11743
11757
11758
11759
11760
11761
11762
11776
11777
11778
11779
11780
11794
11795
11796
11797
11798
11799
11813
11814
11815
11816
11817
11831
11832
11833
11834
11835
11849
11850
11851
11852
11853
11891
11905
11906
11907
11908
11909
11923
11924
11925
11926
11927
11928
11942
11943
11944
11945
11946
11960
11961
11962
11963
11964
11978
11979
11980
11981
11982
11983
11997
11998
11999
12000
12001
12015
12016
12017
12018
12019
12020
12034
12035
12036
12037
12038
12052
12053
12054
12055
12056
12217
12218
12219
12220
12221
12222
12236
12237
12238
12239
12240
12272
12273
12274
12275
12276
12277
12291
12292
12293
12294
12295
12309
12310
12311
12312
12313
12314
12328
12329
12330
12331
12332
12346
12347
12348
12349
12350
12351
12365
12366
12367
12368
12369
12383
12384
12385
12386
12387
12388
12401
12517
12530
12622
12623
12624
12625
12626
12627
12641
12642
12643
12644
12645
12677
12678
12679
12680
12681
12682
12696
12697
12698
12699
12700
12714
12715
12716
12717
12718
12719
12733
12734
12735
12736
12737
12867
12881
12882
12883
12884
12885
12899
12900
12901
12902
12903
12904
12917
12922
12936
12937
12938
12939
12940
12954
12955
12956
12957
12958
13009
13010
13011
13012
13013
13014
13028
13029
13030
13031
13032
13064
13065
13066
13067
13068
13069
13083
13084
13085
13086
13087
13138
13139
13140
13141
13142
13143
13157
13158
13159
13160
13161
13175
13176
13177
13178
13179
13180
13193
13285
13286
13287
13288
13289
13290
13304
13305
13306
13307
13308
13414
13415
13416
13417
13418
13419
13433
13434
13435
13436
13437
13451
13452
13453
13454
13455
13456
13470
13471
13472
13473
13474
13488
13489
13490
13491
13492
13493
13506
13567
13581
13582
13583
13584
13585
13599
13600
13601
13602
13603
13617
13618
13619
13620
13621
13622
13636
13637
13638
13639
13640
13654
13655
13656
13657
13658
13672
13673
13674
13675
13676
13677
13691
13692
13693
13694
13695
13751
13764
13788
13801
13880
13893
13930
13931
13932
13933
13934
13935
13949
13950
13951
13952
13953
13967
13968
13969
13970
13971
13972
13986
13987
13988
13989
13990
14004
14005
14006
14007
14008
14046
14060
14061
14062
14063
14064
14078
14079
14080
14081
14082
14096
14097
14098
14099
14100
14101
14115
14116
14117
14118
14119
14133
14134
14135
14136
14137
14151
14152
14153
14154
14155
14156
14170
14171
14172
14173
14174
14230
14243
14267
14280
14285
14299
14300
14301
14302
14303
14317
14318
14319
14320
14321
14359
14372
14409
14410
14411
14412
14413
14414
14428
14429
14430
14431
14432
14446
14447
14448
14449
14450
14451
14465
14466
14467
14468
14469
14483
14484
14485
14486
14487
14556
14557
14558
14559
14560
14561
14575
14576
14577
14578
14579
14611
14612
14613
14614
14615
14616
14630
14631
14632
14633
14634
14672
14685
14740
14741
14742
14743
14744
14745
14759
14760
14761
14762
14763
14777
14778
14779
14780
14781
14782
14796
14797
14798
14799
14800
14856
14870
14871
14872
14873
14874
14888
14889
14890
14891
14892
14985
14998
15053
15054
15055
15056
15057
15058
15072
15073
15074
15075
15076
15114
15127
15145
15146
15147
15148
15149
15150
15164
15165
15166
15167
15168
15219
15220
15221
15222
15223
15224
15237
15256
15257
15258
15259
15260
15274
15275
15276
15277
15278
15279
15293
15294
15295
15296
15297
15311
15312
15313
15314
15315
15316
15330
15331
15332
15333
15334
15390
15404
15405
15406
15407
15408
15422
15423
15424
15425
15426
15427
15440
15482
15495
15532
15533
15534
15535
15536
15537
15551
15552
15553
15554
15555
15661
15662
15663
15664
15665
15666
15680
15681
15682
15683
15684
15698
15699
15700
15701
15702
15703
15717
15718
15719
15720
15721
15735
15736
15737
15738
15739
15753
15754
15755
15756
15757
15758
15772
15773
15774
15775
15776
15790
15791
15792
15793
15794
15795
15809
15810
15811
15812
15813
15827
15828
15829
15830
15831
15832
15846
15847
15848
15849
15850
15864
15865
15866
15867
15868
15869
15882
15943
15957
15958
15959
15960
15961
15975
15976
15977
15978
15979
15993
15994
15995
15996
15997
16035
16049
16050
16051
16052
16053
16067
16068
16069
16070
16071
16127
16141
16142
16143
16144
16145
16159
16160
16161
16162
16163
16219
16233
16234
16235
16236
16237
16251
16252
16253
16254
16255
16348
16362
16363
16364
16365
16366
16380
16381
16382
16383
16384
16398
16399
16400
16401
16402
16403
16417
16418
16419
16420
16421
16435
16436
16437
16438
16439
16440
16454
16455
16456
16457
16458
16472
16473
16474
16475
16476
16477
16491
16492
16493
16494
16495
16509
16510
16511
16512
16513
16527
16528
16529
16530
16531
16532
16546
16547
16548
16549
16550
16564
16565
16566
16567
16568
16569
16583
16584
16585
16586
16587
16601
16602
16603
16604
16605
16661
16675
16676
16677
16678
16679
16693
16694
16695
16696
16697
16698
16712
16713
16714
16715
16716
16730
16731
16732
16733
16734
16748
16749
16750
16751
16752
16827
16840
16845
16859
16860
16861
16862
16863
16877
16878
16879
16880
16881
16919
16932
16969
16970
16971
16972
16973
16974
16988
16989
16990
16991
16992
17006
17007
17008
17009
17010
17011
17024
17103
17116
17171
17172
17173
17174
17175
17176
17190
17191
17192
17193
17194
17226
17227
17228
17229
17230
17231
17250
17263
17287
17301
17302
17303
17304
17305
17319
17320
17321
17322
17323
17392
17393
17394
17395
17396
17397
17411
17412
17413
17414
17415
17471
17485
17486
17487
17488
17489
17503
17504
17505
17506
17507
17582
17596
17597
17598
17599
17600
17614
17615
17616
17617
17618
17632
17633
17634
17635
17636
17705
17706
17707
17708
17709
17710
17729
17742
17766
17780
17781
17782
17783
17784
17798
17799
17800
17801
17802
17871
17872
17873
17874
17875
17876
17890
17891
17892
17893
17894
17926
17927
17928
17929
17930
17931
17945
17946
17947
17948
17949
17987
18000
18055
18056
18057
18058
18059
18060
18074
18075
18076
18077
18078
18092
18093
18094
18095
18096
18097
18111
18112
18113
18114
18115
18147
18148
18149
18150
18151
18152
18166
18167
18168
18169
18170
18184
18185
18186
18187
18188
18189
18203
18204
18205
18206
18207
18276
18277
18278
18279
18280
18281
18295
18296
18297
18298
18299
18313
18314
18315
18316
18317
18318
18332
18333
18334
18335
18336
18350
18351
18352
18353
18354
18355
18369
18370
18371
18372
18373
18387
18388
18389
18390
18391
18405
18406
18407
18408
18409
18410
18424
18425
18426
18427
18428
18442
18443
18444
18445
18446
18447
18461
18462
18463
18464
18465
18479
18480
18481
18482
18483
18484
18498
18499
18500
18501
18502
18516
18517
18518
18519
18520
18534
18535
18536
18537
18538
18539
18553
18554
18555
18556
18557
18571
18572
18573
18574
18575
18576
18590
18591
18592
18593
18594
18608
18609
18610
18611
18612
18613
18627
18628
18629
18630
18631
18645
18646
18647
18648
18649
18663
18664
18665
18666
18667
18668
18682
18683
18684
18685
18686
18700
18701
18702
18703
18704
18705
18719
18720
18721
18722
18723
18737
18738
18739
18740
18741
18742
18756
18757
18758
18759
18760
18774
18775
18776
18777
18778
18792
18793
18794
18795
18796
18797
18811
18812
18813
18814
18815
18829
18830
18831
18832
18833
18871
18884
18976
18977
18978
18979
18980
18981
18995
18996
18997
18998
18999
19031
19032
19033
19034
19035
19036
19050
19051
19052
19053
19054
19068
19069
19070
19071
19072
19073
19087
19088
19089
19090
19091
19221
19235
19236
19237
19238
19239
19253
19254
19255
19256
19257
19271
19272
19273
19274
19275
19363
19364
19365
19366
19367
19368
19382
19383
19384
19385
19386
19400
19401
19402
19403
19404
19405
19418
19442
19455
19534
19547
19584
19585
19586
19587
19588
19589
19603
19604
19605
19606
19607
19621
19622
19623
19624
19625
19626
19640
19641
19642
19643
19644
19658
19659
19660
19661
19662
19694
19695
19696
19697
19698
19699
19713
19714
19715
19716
19717
19755
19769
19770
19771
19772
19773
19787
19788
19789
19790
19791
19805
19806
19807
19808
19809
19810
19824
19825
19826
19827
19828
19842
19843
19844
19845
19846
19847
19861
19862
19863
19864
19865
19879
19880
19881
19882
19883
19939
19952
19976
19990
19991
19992
19993
19994
20008
20009
20010
20011
20012
20026
20027
20028
20029
20030
20031
20045
20046
20047
20048
20049
20063
20064
20065
20066
20067
20068
20082
20083
20084
20085
20086
20100
20101
20102
20103
20104
20105
20119
20120
20121
20122
20123
20137
20138
20139
20140
20141
20155
20156
20157
20158
20159
20160
20174
20175
20176
20177
20178
20192
20193
20194
20195
20196
20247
20248
20249
20250
20251
20252
20266
20267
20268
20269
20270
20284
20285
20286
20287
20288
20289
20303
20304
20305
20306
20307
20321
20322
20323
20324
20325
20326
20340
20341
20342
20343
20344
20358
20359
20360
20361
20362
20363
20376
20468
20469
20470
20471
20472
20473
20487
20488
20489
20490
20491
20523
20524
20525
20526
20527
20528
20542
20543
20544
20545
20546
20584
20597
20639
20652
20726
20727
20728
20729
20730
20731
20744
20781
20782
20783
20784
20785
20786
20800
20801
20802
20803
20804
20891
20892
20893
20894
20895
20896
20910
20911
20912
20913
20914
20934
20948
20949
20950
20951
20952
20966
20967
20968
20969
20970
20984
20985
20986
20987
20988
21057
21058
21059
21060
21061
21062
21081
21094
21118
21132
21133
21134
21135
21168
21169
21170
21171
21172
21173
21187
21188
21189
21190
21191
21205
21206
21207
21208
21209
21210
21224
21225
21226
21227
21228
21242
21243
21244
21245
21246
21247
21261
21262
21263
21264
21265
21279
21280
21281
21282
21283
21297
21298
21299
21300
21301
21339
21353
21354
21355
21356
21357
21371
21372
21373
21374
21375
21444
21445
21446
21447
21448
21449
21463
21464
21465
21466
21467
21505
21519
21520
21521
21522
21523
21537
21538
21539
21540
21541
21555
21556
21557
21558
21559
21647
21648
21649
21650
21651
21652
21666
21667
21668
21669
21670
21684
21685
21686
21687
21688
21702
21703
21704
21705
21706
21707
21721
21722
21723
21724
21725
21757
21758
21759
21760
21761
21762
21776
21777
21778
21779
21780
21849
21850
21851
21852
21853
21854
21868
21869
21870
21871
21872
21910
21924
21925
21926
21927
21928
21942
21943
21944
21945
21946
21960
21961
21962
21963
21964
21965
21979
21980
21981
21982
21983
21997
21998
21999
22000
22001
22015
22016
22017
22018
22019
22020
22034
22035
22036
22037
22038
22070
22071
22072
22073
22074
22075
22089
22090
22091
22092
22093
22131
22144
22273
22274
22275
22276
22277
22278
22291
22352
22365
22383
22384
22385
22386
22387
22388
22402
22403
22404
22405
22406
22438
22439
22440
22441
22442
22443
22457
22458
22459
22460
22461
22494
22495
22496
22497
22498
22567
22568
22569
22570
22571
22572
22591
22605
22606
22607
22608
22609
22623
22624
22625
22626
22627
22641
22642
22643
22644
22645
22646
22660
22661
22662
22663
22664
22678
22679
22680
22681
22682
22696
22697
22698
22699
22700
22701
22715
22716
22717
22718
22719
22794
22808
22809
22810
22811
22862
22863
22864
22865
22866
22867
22881
22882
22883
22884
22885
22899
22900
22901
22902
22903
22904
22917
22936
22937
22938
22939
22940
22954
22955
22956
22957
22958
22959
22973
22974
22975
22976
22977
22991
22992
22993
22994
22995
22996
23010
23011
23012
23013
23014
23107
23121
23122
23123
23124
23125
23139
23140
23141
23142
23143
23157
23158
23159
23160
23161
23199
23213
23214
23215
23216
23217
23231
23232
23233
23234
23235
23310
23324
23325
23326
23327
23328
23342
23343
23344
23345
23346
23360
23361
23362
23363
23364
23396
23397
23398
23399
23400
23401
23415
23416
23417
23418
23419
23452
23453
23454
23455
23456
23488
23489
23490
23491
23492
23493
23507
23508
23509
23510
23511
23525
23526
23527
23528
23529
23530
23549
23562
23617
23618
23619
23620
23621
23622
23636
23637
23638
23639
23640
23654
23655
23656
23657
23658
23659
23673
23674
23675
23676
23677
23733
23747
23748
23749
23750
23751
23765
23766
23767
23768
23769
23862
23875
23930
23931
23932
23933
23934
23935
23949
23950
23951
23952
23953
23991
24004
24022
24023
24024
24025
24026
24027
24041
24042
24043
24044
24045
24096
24097
24098
24099
24100
24101
24115
24116
24117
24118
24119
24151
24152
24153
24154
24155
24156
24170
24171
24172
24173
24174
24188
24189
24190
24191
24192
24193
24207
24208
24209
24210
24211
24267
24281
24282
24283
24284
24285
24299
24300
24301
24302
24303
24317
24318
24319
24320
24321
24322
24336
24337
24338
24339
24340
24354
24355
24356
24357
24358
24359
24372
24409
24410
24411
24412
24413
24414
24428
24429
24430
24431
24432
24446
24447
24448
24449
24450
24451
24465
24466
24467
24468
24469
24483
24484
24485
24486
24487
24488
24502
24503
24504
24505
24506
24520
24521
24522
24523
24524
24538
24539
24540
24541
24542
24543
24557
24558
24559
24560
24561
24575
24576
24577
24578
24579
24580
24594
24595
24596
24597
24598
24612
24613
24614
24615
24616
24654
24668
24669
24670
24671
24672
24686
24687
24688
24689
24690
24704
24705
24706
24707
24708
24709
24723
24724
24725
24726
24727
24741
24742
24743
24744
24745
24746
24759
24796
24797
24798
24799
24800
24801
24815
24816
24817
24818
24819
24833
24834
24835
24836
24837
24838
24852
24853
24854
24855
24856
24870
24871
24872
24873
24874
24875
24889
24890
24891
24892
24893
24907
24908
24909
24910
24911
24925
24926
24927
24928
24929
24930
24944
24945
24946
24947
24948
24962
24963
24964
24965
24966
24967
24981
24982
24983
24984
24985
24999
25000
25001
25002
25003
25096
25110
25111
25112
25113
25114
25128
25129
25130
25131
25132
25146
25147
25148
25149
25150
25151
25165
25166
25167
25168
25169
25183
25184
25185
25186
25187
25188
25202
25203
25204
25205
25206
25220
25221
25222
25223
25224
25293
25294
25295
25296
25297
25298
25312
25313
25314
25315
25316
25385
25386
25387
25388
25389
25390
25404
25405
25406
25407
25408
25704
25718
25719
25720
25721
25722
25736
25737
25738
25739
25740
25754
25755
25756
25757
25758
25796
25810
25811
25812
25813
25814
25828
25829
25830
25831
25832
25925
25939
25940
25941
25942
25943
25957
25958
25959
25960
25961
25975
25976
25977
25978
25979
26017
26030
26067
26068
26069
26070
26071
26072
26086
26087
26088
26089
26090
26104
26105
26106
26107
26108
26122
26123
26124
26125
26126
26127
26141
26142
26143
26144
26145
26177
26178
26179
26180
26181
26182
26196
26197
26198
26199
26200
26232
26233
26234
26235
26236
26237
26256
26269
26293
26306
26398
26399
26400
26401
26402
26403
26417
26418
26419
26420
26421
26453
26454
26455
26456
26457
26458
26472
26473
26474
26475
26476
26514
26527
26643
26656
26674
26675
26676
26677
26678
26679
26693
26694
26695
26696
26697
26748
26749
26750
26751
26752
26753
26767
26768
26769
26770
26771
26803
26804
26805
26806
26807
26808
26822
26823
26824
26825
26826
26840
26841
26842
26843
26844
26845
26859
26860
26861
26862
26863
26895
26896
26897
26898
26899
26900
26914
26915
26916
26917
26918
26932
26933
26934
26935
26936
26937
26951
26952
26953
26954
26955
26969
26970
26971
26972
26973
26974
26988
26989
26990
26991
26992
27006
27007
27008
27009
27010
27011
27025
27026
27027
27028
27029
27043
27044
27045
27046
27047
27061
27062
27063
27064
27065
27066
27080
27081
27082
27083
27084
27098
27099
27100
27101
27102
27103
27117
27118
27119
27120
27121
27135
27136
27137
27138
27139
27177
27191
27192
27193
27194
27195
27209
27210
27211
27212
27213
27227
27228
27229
27230
27231
27232
27246
27247
27248
27249
27250
27264
27265
27266
27267
27268
27269
27282
27319
27320
27321
27322
27323
27324
27338
27339
27340
27341
27342
27356
27357
27358
27359
27360
27361
27375
27376
27377
27378
27379
27393
27394
27395
27396
27397
27398
27412
27413
27414
27415
27416
27430
27431
27432
27433
27434
27435
27448
27527
27541
27542
27543
27544
27545
27559
27560
27561
27562
27563
27632
27633
27634
27635
27636
27637
27651
27652
27653
27654
27655
27687
27688
27689
27690
27691
27692
27706
27707
27708
27709
27710
27724
27725
27726
27727
27728
27729
27743
27744
27745
27746
27747
27840
27854
27855
27856
27857
27858
27872
27873
27874
27875
27876
27890
27891
27892
27893
27894
27895
27909
27910
27911
27912
27913
27927
27928
27929
27930
27931
27945
27946
27947
27948
27949
27950
27964
27965
27966
27967
27968
28000
28001
28002
28003
28004
28005
28019
28020
28021
28022
28023
28061
28074
28190
28203
28227
28241
28242
28243
28244
28282
28296
28297
28298
28299
28300
28314
28315
28316
28317
28318
28350
28351
28352
28353
28354
28355
28374
28388
28389
28390
28391
28392
28406
28407
28408
28409
28410
28461
28462
28463
28464
28465
28466
28479
28540
28554
28555
28556
28557
28558
28572
28573
28574
28575
28576
28590
28591
28592
28593
28594
28669
28682
28724
28737
28761
28774
28811
28812
28813
28814
28815
28816
28830
28831
28832
28833
28834
28848
28849
28850
28851
28852
28853
28867
28868
28869
28870
28871
28885
28886
28887
28888
28889
28921
28922
28923
28924
28925
28926
28940
28941
28942
28943
28944
28982
28996
28997
28998
28999
29000
29014
29015
29016
29017
29018
29032
29033
29034
29035
29036
29037
29051
29052
29053
29054
29055
29069
29070
29071
29072
29073
29074
29088
29089
29090
29091
29092
29106
29107
29108
29109
29110
29111
29125
29126
29127
29128
29129
29143
29144
29145
29146
29147
29161
29162
29163
29164
29165
29253
29254
29255
29256
29257
29258
29272
29273
29274
29275
29276
29290
29291
29292
29293
29294
29332
29345
29369
29383
29384
29385
29386
29387
29401
29402
29403
29404
29405
29419
29420
29421
29422
29423
29424
29438
29439
29440
29441
29442
29456
29457
29458
29459
29460
29461
29475
29476
29477
29478
29479
29493
29494
29495
29496
29497
29553
29567
29568
29569
29570
29571
29585
29586
29587
29588
29589
29608
29622
29623
29624
29625
29626
29640
29641
29642
29643
29644
29645
29659
29660
29661
29662
29663
29677
29678
29679
29680
29681
29750
29751
29752
29753
29754
29755
29769
29770
29771
29772
29773
29842
29843
29844
29845
29846
29847
29861
29862
29863
29864
29865
29903
29917
29918
29919
29920
29921
29935
29936
29937
29938
29939
29953
29954
29955
29956
29957
29995
30009
30010
30011
30012
30013
30027
30028
30029
30030
30031
30124
30138
30139
30140
30141
30142
30156
30157
30158
30159
30160
30174
30175
30176
30177
30178
30179
30193
30194
30195
30196
30197
30211
30212
30213
30214
30215
30216
30230
30231
30232
30233
30234
30248
30249
30250
30251
30252
30253
30267
30268
30269
30270
30271
30285
30286
30287
30288
30289
30303
30304
30305
30306
30307
30308
30322
30323
30324
30325
30326
30340
30341
30342
30343
30344
30395
30396
30397
30398
30399
30400
30414
30415
30416
30417
30418
30432
30433
30434
30435
30436
30437
30451
30452
30453
30454
30455
30469
30470
30471
30472
30473
30529
30543
30544
30545
30546
30547
30561
30562
30563
30564
30565
30566
30580
30581
30582
30583
30584
30598
30599
30600
30601
30602
30616
30617
30618
30619
30620
30621
30635
30636
30637
30638
30639
30653
30654
30655
30656
30657
30658
30672
30673
30674
30675
30676
30690
30691
30692
30693
30694
30787
30801
30802
30803
30804
30805
30819
30820
30821
30822
30823
30837
30838
30839
30840
30841
30842
30856
30857
30858
30859
30860
30874
30875
30876
30877
30878
30879
30893
30894
30895
30896
30897
30911
30912
30913
30914
30915
30984
30985
30986
30987
30988
30989
31003
31004
31005
31006
31007
31076
31077
31078
31079
31080
31081
31095
31096
31097
31098
31099
31137
31151
31152
31153
31154
31155
31169
31170
31171
31172
31173
31187
31188
31189
31190
31191
31192
31206
31207
31208
31209
31210
31224
31225
31226
31227
31228
31242
31243
31244
31245
31246
31247
31261
31262
31263
31264
31265
31297
31298
31299
31300
31301
31302
31316
31317
31318
31319
31320
31352
31353
31354
31355
31356
31357
31376
31390
31391
31392
31393
31394
31408
31409
31410
31411
31412
31413
31427
31428
31429
31430
31431
31445
31446
31447
31448
31449
31463
31464
31465
31466
31467
31468
31482
31483
31484
31485
31486
31500
31501
31502
31503
31504
31505
31519
31520
31521
31522
31523
31537
31538
31539
31540
31541
31597
31611
31612
31613
31614
31615
31629
31630
31631
31632
31633
31634
31648
31649
31650
31651
31652
31666
31667
31668
31669
31670
31671
31684
31776
31777
31778
31779
31780
31781
31795
31796
31797
31798
31799
31831
31832
31833
31834
31835
31836
31850
31851
31852
31853
31854
31905
31906
31907
31908
31909
31910
31924
31925
31926
31927
31928
31942
31943
31944
31945
31946
31947
31960
31984
31998
31999
32000
32001
32002
32016
32017
32018
32019
32020
32034
32035
32036
32037
32038
32039
32053
32054
32055
32056
32057
32071
32072
32073
32074
32075
32126
32127
32128
32129
32130
32131
32145
32146
32147
32148
32149
32163
32164
32165
32166
32167
32168
32182
32183
32184
32185
32186
32200
32201
32202
32203
32204
32310
32311
32312
32313
32314
32315
32329
32330
32331
32332
32333
32347
32348
32349
32350
32351
32352
32366
32367
32368
32369
32370
32384
32385
32386
32387
32388
32389
32403
32404
32405
32406
32407
32421
32422
32423
32424
32425
32426
32439
32531
32532
32533
32534
32535
32536
32550
32551
32552
32553
32554
32586
32587
32588
32589
32590
32591
32605
32606
32607
32608
32609
32660
32661
32662
32663
32664
32665
32679
32680
32681
32682
32683
32697
32698
32699
32700
32701
32702
32715
32739
32753
32754
32755
32756
32757
32771
32772
32773
32774
32775
32789
32790
32791
32792
32793
32794
32808
32809
32810
32811
32812
32826
32827
32828
32829
32830
32881
32882
32883
32884
32885
32886
32900
32901
32902
32903
32904
32918
32919
32920
32921
32922
32923
32937
32938
32939
32940
32941
32955
32956
32957
32958
32959
33065
33066
33067
33068
33069
33070
33084
33085
33086
33087
33088
33102
33103
33104
33105
33106
33107
33121
33122
33123
33124
33125
33139
33140
33141
33142
33143
33144
33158
33159
33160
33161
33162
33176
33177
33178
33179
33180
33181
33194
33218
33232
33233
33234
33235
33236
33250
33251
33252
33253
33254
33268
33269
33270
33271
33272
33273
33287
33288
33289
33290
33291
33305
33306
33307
33308
33309
33347
33360
33452
33453
33454
33455
33456
33457
33471
33472
33473
33474
33475
33507
33508
33509
33510
33511
33512
33526
33527
33528
33529
33530
33544
33545
33546
33547
33548
33549
33563
33564
33565
33566
33567
33752
33766
33767
33768
33769
33770
33784
33785
33786
33787
33788
33802
33803
33804
33805
33806
33807
33821
33822
33823
33824
33825
33839
33840
33841
33842
33843
33844
33857
33881
33894
34004
34005
34006
34007
34008
34009
34028
34041
34065
34078
34115
34116
34117
34118
34119
34120
34134
34135
34136
34137
34138
34152
34153
34154
34155
34156
34157
34171
34172
34173
34174
34175
34189
34190
34191
34192
34193
34249
34263
34264
34265
34266
34267
34281
34282
34283
34284
34285
34360
34374
34375
34376
34377
34378
34392
34393
34394
34395
34396
34410
34411
34412
34413
34414
34415
34429
34430
34431
34432
34433
34447
34448
34449
34450
34451
34452
34465
34502
34503
34504
34505
34506
34507
34521
34522
34523
34524
34525
34539
34540
34541
34542
34543
34544
34558
34559
34560
34561
34562
34576
34577
34578
34579
34580
34673
34687
34688
34689
34690
34691
34705
34706
34707
34708
34709
34723
34724
34725
34726
34727
34728
34742
34743
34744
34745
34746
34760
34761
34762
34763
34764
34765
34779
34780
34781
34782
34783
34797
34798
34799
34800
34801
34870
34871
34872
34873
34874
34875
34889
34890
34891
34892
34893
34962
34963
34964
34965
34966
34967
34981
34982
34983
34984
34985
35023
35037
35038
35039
35040
35041
35055
35056
35057
35058
35059
35073
35074
35075
35076
35077
35078
35092
35093
35094
35095
35096
35110
35111
35112
35113
35114
35128
35129
35130
35131
35132
35133
35147
35148
35149
35150
35151
35183
35184
35185
35186
35187
35188
35202
35203
35204
35205
35206
35257
35258
35259
35260
35261
35262
35276
35277
35278
35279
35280
35294
35295
35296
35297
35298
35299
35313
35314
35315
35316
35317
35331
35332
35333
35334
35335
35349
35350
35351
35352
35353
35354
35368
35369
35370
35371
35372
35386
35387
35388
35389
35390
35391
35405
35406
35407
35408
35409
35423
35424
35425
35426
35427
35465
35479
35480
35481
35482
35483
35497
35498
35499
35500
35501
35515
35516
35517
35518
35519
35520
35534
35535
35536
35537
35538
35552
35553
35554
35555
35556
35570
35571
35572
35573
35574
35575
35589
35590
35591
35592
35593
35612
35626
35627
35628
35629
35630
35644
35645
35646
35647
35648
35699
35700
35701
35702
35703
35704
35718
35719
35720
35721
35722
35736
35737
35738
35739
35740
35741
35755
35756
35757
35758
35759
35773
35774
35775
35776
35777
35791
35792
35793
35794
35795
35796
35810
35811
35812
35813
35814
35828
35829
35830
35831
35832
35833
35847
35848
35849
35850
35851
35865
35866
35867
35868
35869
35870
35884
35885
35886
35887
35888
35902
35903
35904
35905
35906
35907
35920
36012
36013
36014
36015
36016
36017
36031
36032
36033
36034
36035
36067
36068
36069
36070
36071
36072
36086
36087
36088
36089
36090
36122
36123
36124
36125
36126
36127
36146
36159
36183
36197
36198
36199
36200
36201
36215
36216
36217
36218
36219
36233
36234
36235
36236
36237
36238
36252
36253
36254
36255
36256
36270
36271
36272
36273
36274
36275
36289
36290
36291
36292
36293
36307
36308
36309
36310
36311
36367
36381
36382
36383
36384
36385
36399
36400
36401
36402
36403
36472
36473
36474
36475
36476
36477
36491
36492
36493
36494
36495
36564
36565
36566
36567
36568
36569
36583
36584
36585
36586
36587
36656
36657
36658
36659
36660
36661
36675
36676
36677
36678
36679
36693
36694
36695
36696
36697
36698
36712
36713
36714
36715
36716
36730
36731
36732
36733
36734
36735
36749
36750
36751
36752
36753
36767
36768
36769
36770
36771
36772
36786
36787
36788
36789
36790
36804
36805
36806
36807
36808
36822
36823
36824
36825
36826
36827
36841
36842
36843
36844
36845
36859
36860
36861
36862
36863
36864
36878
36879
36880
36881
36882
36896
36897
36898
36899
36900
36938
36952
36953
36954
36955
36956
36970
36971
36972
36973
36974
36988
36989
36990
36991
36992
36993
37007
37008
37009
37010
37011
37025
37026
37027
37028
37029
37030
37043
37080
37081
37082
37083
37084
37085
37099
37100
37101
37102
37103
37117
37118
37119
37120
37121
37122
37136
37137
37138
37139
37140
37154
37155
37156
37157
37158
37159
37173
37174
37175
37176
37177
37191
37192
37193
37194
37195
37196
37209
37288
37301
37338
37339
37340
37341
37342
37343
37357
37358
37359
37360
37361
37375
37376
37377
37378
37379
37380
37394
37395
37396
37397
37398
37412
37413
37414
37415
37416
37417
37431
37432
37433
37434
37435
37449
37450
37451
37452
37453
37467
37468
37469
37470
37471
37472
37486
37487
37488
37489
37490
37504
37505
37506
37507
37508
37509
37523
37524
37525
37526
37527
37541
37542
37543
37544
37545
37706
37707
37708
37709
37710
37711
37725
37726
37727
37728
37729
37767
37781
37782
37783
37784
37785
37799
37800
37801
37802
37803
37817
37818
37819
37820
37821
37822
37836
37837
37838
37839
37840
37854
37855
37856
37857
37858
37859
37872
37896
37909
37951
37965
37966
37967
37968
37969
37983
37984
37985
37986
37987
37988
38002
38003
38004
38005
38006
38020
38021
38022
38023
38024
38025
38039
38040
38041
38042
38043
38057
38058
38059
38060
38061
38075
38076
38077
38078
38079
38148
38149
38150
38151
38152
38153
38222
38223
38224
38225
38226
38227
38241
38242
38243
38244
38245
38264
38277
38338
38352
38353
38354
38355
38356
38370
38371
38372
38373
38374
38388
38389
38390
38391
38392
38430
38444
38445
38446
38447
38448
38462
38463
38464
38465
38466
38522
38536
38537
38538
38539
38540
38554
38555
38556
38557
38558
38559
38573
38574
38575
38576
38577
38591
38592
38593
38594
38595
38609
38610
38611
38612
38613
38614
38628
38629
38630
38631
38632
38646
38647
38648
38649
38650
38701
38702
38703
38704
38705
38706
38720
38721
38722
38723
38724
38738
38739
38740
38741
38742
38743
38757
38758
38759
38760
38761
38775
38776
38777
38778
38779
38885
38886
38887
38888
38889
38890
38904
38905
38906
38907
38908
38922
38923
38924
38925
38926
38927
38941
38942
38943
38944
38945
38959
38960
38961
38962
38963
38964
38978
38979
38980
38981
38982
38996
38997
38998
38999
39000
39014
39015
39016
39017
39018
39019
39033
39034
39035
39036
39037
39051
39052
39053
39054
39055
39056
39070
39071
39072
39073
39074
39088
39089
39090
39091
39092
39093
39107
39108
39109
39110
39111
39125
39126
39127
39128
39129
39143
39144
39145
39146
39147
39148
39162
39163
39164
39165
39166
39180
39181
39182
39183
39184
39185
39199
39200
39201
39202
39203
39217
39218
39219
39220
39221
39222
39236
39237
39238
39239
39240
39254
39255
39256
39257
39258
39272
39273
39274
39275
39276
39277
39291
39292
39293
39294
39295
39309
39310
39311
39312
39313
39351
39364
39456
39457
39458
39459
39460
39461
39475
39476
39477
39478
39479
39511
39512
39513
39514
39515
39516
39530
39531
39532
39533
39534
39548
39549
39550
39551
39552
39553
39567
39568
39569
39570
39571
39603
39604
39605
39606
39607
39608
39622
39623
39624
39625
39626
39640
39641
39642
39643
39644
39645
39659
39660
39661
39662
39663
39677
39678
39679
39680
39681
39682
39696
39697
39698
39699
39700
39714
39715
39716
39717
39718
39719
39732
39824
39825
39826
39827
39828
39829
39843
39844
39845
39846
39847
39916
39917
39918
39919
39920
39921
39935
39936
39937
39938
39939
39977
39991
39992
39993
39994
39995
40009
40010
40011
40012
40013
40027
40028
40029
40030
40031
40032
40046
40047
40048
40049
40050
40064
40065
40066
40067
40068
40082
40083
40084
40085
40086
40087
40101
40102
40103
40104
40105
40161
40174
40198
40211
40303
40304
40305
40306
40307
40308
40322
40323
40324
40325
40326
40395
40396
40397
40398
40399
40400
40414
40415
40416
40417
40418
40450
40451
40452
40453
40454
40455
40469
40470
40471
40472
40473
40487
40488
40489
40490
40491
40492
40506
40507
40508
40509
40510
40524
40525
40526
40527
40528
40529
40543
40544
40545
40546
40547
40561
40562
40563
40564
40565
40566
40579
40603
40617
40618
40619
40620
40621
40635
40636
40637
40638
40639
40653
40654
40655
40656
40657
40658
40672
40673
40674
40675
40676
40690
40691
40692
40693
40694
40732
40745
40824
40837
40861
40874
40929
40930
40931
40932
40933
40934
40948
40949
40950
40951
40952
40990
41003
41021
41022
41023
41024
41025
41026
41040
41041
41042
41043
41044
41082
41095
41113
41114
41115
41116
41117
41118
41137
41150
41205
41206
41207
41208
41209
41210
41229
41243
41244
41245
41246
41247
41261
41262
41263
41264
41265
41303
41316
41334
41335
41336
41337
41338
41339
41353
41354
41355
41356
41357
41395
41409
41410
41411
41412
41413
41427
41428
41429
41430
41431
41450
41464
41465
41466
41467
41468
41482
41483
41484
41485
41486
41487
41500
41561
41575
41576
41577
41578
41684
41685
41686
41687
41688
41689
41708
41721
41776
41777
41778
41779
41780
41781
41800
41814
41815
41816
41817
41818
41832
41833
41834
41835
41836
41837
41851
41852
41853
41854
41855
41869
41870
41871
41872
41873
41887
41888
41889
41890
41891
41892
41906
41907
41908
41909
41910
41924
41925
41926
41927
41928
41966
41979
42021
42035
42036
42037
42038
42039
42053
42054
42055
42056
42057
42095
42108
42187
42200
42237
42238
42239
42240
42241
42242
42256
42257
42258
42259
42260
42274
42275
42276
42277
42278
42279
42292
42316
42330
42331
42332
42333
42334
42348
42349
42350
42351
42352
42366
42367
42368
42369
42370
42371
42385
42386
42387
42388
42389
42403
42404
42405
42406
42407
42408
42422
42423
42424
42425
42426
42440
42441
42442
42443
42444
42574
42588
42589
42590
42591
42592
42606
42607
42608
42609
42610
42624
42625
42626
42627
42628
42716
42717
42718
42719
42720
42758
42772
42773
42774
42775
42776
42790
42791
42792
42793
42794
42813
42827
42828
42829
42830
42831
42845
42846
42847
42848
42849
42850
42863
42900
42901
42902
42903
42904
42905
42919
42920
42921
42922
42923
42937
42938
42939
42940
42941
43010
43011
43012
43013
43014
43015
43029
43030
43031
43032
43033
43084
43085
43086
43087
43088
43089
43103
43104
43105
43106
43107
43121
43122
43123
43124
43125
43126
43140
43141
43142
43143
43144
43158
43159
43160
43161
43162
43163
43176
43200
43214
43215
43216
43217
43218
43232
43233
43234
43235
43236
43250
43251
43252
43253
43254
43292
43305
43342
43343
43344
43345
43346
43347
43361
43362
43363
43364
43365
43379
43380
43381
43382
43383
43421
43435
43436
43437
43438
43439
43453
43454
43455
43456
43457
43471
43472
43473
43474
43475
43476
43490
43491
43492
43493
43494
43508
43509
43510
43511
43512
43513
43527
43528
43529
43530
43531
43545
43546
43547
43548
43549
43618
43619
43620
43621
43622
43623
43637
43638
43639
43640
43641
43710
43711
43712
43713
43714
43715
43729
43730
43731
43732
43733
43863
43877
43878
43879
43880
43881
43895
43896
43897
43898
43899
43913
43914
43915
43916
43917
43918
43932
43933
43934
43935
43936
43950
43951
43952
43953
43954
43968
43969
43970
43971
43972
43973
43987
43988
43989
43990
43991
44023
44024
44025
44026
44027
44028
44042
44043
44044
44045
44046
44097
44098
44099
44100
44101
44102
44116
44117
44118
44119
44120
44134
44135
44136
44137
44138
44139
44153
44154
44155
44156
44157
44171
44172
44173
44174
44175
44176
44189
44268
44281
44305
44318
44434
44447
44465
44466
44467
44468
44469
44470
44484
44485
44486
44487
44488
44526
44539
44576
44577
44578
44579
44580
44581
44595
44596
44597
44598
44599
44613
44614
44615
44616
44617
44631
44632
44633
44634
44635
44636
44650
44651
44652
44653
44654
44710
44723
44747
44760
44852
44853
44854
44855
44856
44857
44871
44872
44873
44874
44875
44944
44945
44946
44947
44948
44949
44963
44964
44965
44966
44967
44999
45000
45001
45002
45003
45004
45018
45019
45020
45021
45022
45036
45037
45038
45039
45040
45041
45055
45056
45057
45058
45059
45073
45074
45075
45076
45077
45078
45092
45093
45094
45095
45096
45110
45111
45112
45113
45114
45115
45128
45152
45166
45167
45168
45169
45170
45184
45185
45186
45187
45188
45202
45203
45204
45205
45206
45207
45221
45222
45223
45224
45225
45239
45240
45241
45242
45243
45281
45294
45373
45386
45410
45423
45478
45479
45480
45481
45482
45483
45497
45498
45499
45500
45501
45552
45553
45554
45555
45556
45557
45570
45594
45607
45644
45645
45646
45647
45648
45649
45663
45664
45665
45666
45667
45681
45682
45683
45684
45685
45686
45700
45701
45702
45703
45704
45718
45719
45720
45721
45722
45815
45829
45830
45831
45832
45833
45847
45848
45849
45850
45851
45865
45866
45867
45868
45869
45870
45884
45885
45886
45887
45888
45902
45903
45904
45905
45906
45907
45921
45922
45923
45924
45925
45939
45940
45941
45942
45943
45944
45958
45959
45960
45961
45962
45976
45977
45978
45979
45980
45981
45994
46073
46086
46123
46124
46125
46126
46127
46128
46142
46143
46144
46145
46146
46160
46161
46162
46163
46164
46165
46179
46180
46181
46182
46183
46197
46198
46199
46200
46201
46202
46216
46217
46218
46219
46220
46234
46235
46236
46237
46238
46252
46253
46254
46255
46256
46257
46271
46272
46273
46274
46275
46289
46290
46291
46292
46293
46294
46308
46309
46310
46311
46312
46326
46327
46328
46329
46330
46491
46492
46493
46494
46495
46496
46510
46511
46512
46513
46514
46552
46566
46567
46568
46569
46570
46584
46585
46586
46587
46588
46602
46603
46604
46605
46606
46644
46658
46659
46660
46661
46662
46676
46677
46678
46679
46680
46878
46879
46880
46881
46882
46883
46897
46898
46899
46900
46901
46915
46916
46917
46918
46919
46920
46933
46957
46971
46972
46973
46974
46975
46989
46990
46991
46992
46993
47007
47008
47009
47010
47011
47012
47026
47027
47028
47029
47030
47044
47045
47046
47047
47048
47049
47063
47064
47065
47066
47067
47081
47082
47083
47084
47085
47215
47229
47230
47231
47232
47233
47247
47248
47249
47250
47251
47265
47266
47267
47268
47269
47270
47284
47285
47286
47287
47288
47302
47303
47304
47305
47306
47307
47320
47357
47358
47359
47360
47361
47362
47376
47377
47378
47379
47380
47394
47395
47396
47397
47398
47399
47413
47414
47415
47416
47417
47431
47432
47433
47434
47435
47436
47450
47451
47452
47453
47454
47468
47469
47470
47471
47472
47486
47487
47488
47489
47490
47491
47505
47506
47507
47508
47509
47523
47524
47525
47526
47527
47528
47542
47543
47544
47545
47546
47560
47561
47562
47563
47564
47725
47726
47727
47728
47729
47730
47744
47745
47746
47747
47748
47780
47781
47782
47783
47784
47785
47799
47800
47801
47802
47803
47817
47818
47819
47820
47821
47822
47836
47837
47838
47839
47840
47854
47855
47856
47857
47858
47859
47873
47874
47875
47876
47877
47891
47892
47893
47894
47895
47896
47909
47933
47947
47948
47949
47950
47951
47965
47966
47967
47968
47969
47983
47984
47985
47986
47987
47988
48002
48003
48004
48005
48006
48020
48021
48022
48023
48024
48062
48075
48136
48150
48151
48152
48153
48222
48223
48224
48225
48226
48227
48241
48242
48243
48244
48245
48259
48260
48261
48262
48263
48264
48283
48296
48314
48315
48316
48317
48318
48319
48333
48334
48335
48336
48337
48370
48371
48372
48373
48374
48375
48388
48425
48426
48427
48428
48429
48430
48444
48445
48446
48447
48448
48462
48463
48464
48465
48466
48480
48481
48482
48483
48484
48485
48499
48500
48501
48502
48503
48559
48572
48596
48609
48701
48702
48703
48704
48705
48706
48720
48721
48722
48723
48724
48793
48794
48795
48796
48797
48798
48812
48813
48814
48815
48816
48854
48868
48869
48870
48871
48872
48886
48887
48888
48889
48890
48904
48905
48906
48907
48908
48909
48923
48924
48925
48926
48927
48941
48942
48943
48944
48945
48959
48960
48961
48962
48963
48964
48978
48979
48980
48981
48982
49020
49034
49035
49036
49037
49112
49126
49127
49128
49129
49130
49144
49145
49146
49147
49148
49180
49181
49182
49183
49184
49185
49199
49200
49201
49202
49203
49217
49218
49219
49220
49221
49222
49236
49237
49238
49239
49240
49272
49273
49274
49275
49276
49277
49291
49292
49293
49294
49295
49309
49310
49311
49312
49313
49314
49328
49329
49330
49331
49332
49388
49402
49403
49404
49405
49406
49420
49421
49422
49423
49424
49438
49439
49440
49441
49442
49443
49457
49458
49459
49460
49461
49475
49476
49477
49478
49479
49480
49493
49530
49531
49532
49533
49534
49535
49549
49550
49551
49552
49553
49567
49568
49569
49570
49571
49572
49586
49587
49588
49589
49590
49604
49605
49606
49607
49608
49609
49623
49624
49625
49626
49627
49641
49642
49643
49644
49645
49646
49659
49738
49751
49788
49789
49790
49791
49792
49793
49807
49808
49809
49810
49811
49825
49826
49827
49828
49829
49867
49881
49882
49883
49884
49885
49899
49900
49901
49902
49903
49917
49918
49919
49920
49921
49972
49973
49974
49975
49976
49977
49990
50009
50010
50011
50012
50013
50101
50102
50103
50104
50105
50106
50120
50121
50122
50123
50124
50138
50139
50140
50141
50142
50143
50156
50235
50248
50272
50285
50414
50415
50416
50417
50418
50419
50433
50434
50435
50436
50437
50451
50452
50453
50454
50455
50456
50470
50471
50472
50473
50474
50488
50489
50490
50491
50492
50530
50544
50545
50546
50547
50548
50562
50563
50564
50565
50566
50580
50581
50582
50583
50584
50585
50599
50600
50601
50602
50603
50617
50618
50619
50620
50621
50622
50635
50672
50673
50674
50675
50676
50677
50691
50692
50693
50694
50695
50709
50710
50711
50712
50713
50714
50728
50729
50730
50731
50732
50746
50747
50748
50749
50750
50751
50765
50766
50767
50768
50769
50783
50784
50785
50786
50787
50801
50802
50803
50804
50805
50806
50820
50821
50822
50823
50824
50838
50839
50840
50841
50842
50843
50857
50858
50859
50860
50861
50875
50876
50877
50878
50879
51040
51041
51042
51043
51044
51045
51059
51060
51061
51062
51063
51095
51096
51097
51098
51099
51100
51114
51115
51116
51117
51118
51132
51133
51134
51135
51136
51137
51151
51152
51153
51154
51155
51169
51170
51171
51172
51173
51174
51188
51189
51190
51191
51192
51206
51207
51208
51209
51210
51211
51224
51248
51262
51263
51264
51265
51266
51280
51281
51282
51283
51284
51298
51299
51300
51301
51302
51303
51317
51318
51319
51320
51321
51335
51336
51337
51338
51339
51377
51390
51451
51465
51466
51467
51468
51543
51557
51558
51559
51560
51561
51575
51576
51577
51578
51579
51598
51612
51613
51614
51615
51616
51630
51631
51632
51633
51634
51648
51649
51650
51651
51652
51653
51667
51668
51669
51670
51671
51703
51704
51705
51706
51707
51708
51722
51723
51724
51725
51726
51764
51777
51856
51870
51871
51872
51873
51874
51888
51889
51890
51891
51892
51924
51925
51926
51927
51928
51929
51943
51944
51945
51946
51947
51961
51962
51963
51964
51965
51966
51980
51981
51982
51983
51984
52016
52017
52018
52019
52020
52021
52035
52036
52037
52038
52039
52053
52054
52055
52056
52057
52058
52072
52073
52074
52075
52076
52169
52183
52184
52185
52186
52187
52201
52202
52203
52204
52205
52219
52220
52221
52222
52223
52224
52238
52239
52240
52241
52242
52256
52257
52258
52259
52260
52274
52275
52276
52277
52278
52279
52293
52294
52295
52296
52297
52329
52330
52331
52332
52333
52334
52348
52349
52350
52351
52352
52403
52404
52405
52406
52407
52408
52422
52423
52424
52425
52426
52440
52441
52442
52443
52444
52445
52459
52460
52461
52462
52463
52477
52478
52479
52480
52481
52482
52495
52574
52587
52611
52624
52703
52717
52718
52719
52720
52721
52735
52736
52737
52738
52739
52777
52791
52792
52793
52794
52795
52809
52810
52811
52812
52813
52827
52828
52829
52830
52831
52869
52883
52884
52885
52886
52887
52901
52902
52903
52904
52905
52992
52993
52994
52995
52996
52997
53016
53030
53031
53032
53033
53034
53048
53049
53050
53051
53052
53053
53066
53103
53104
53105
53106
53107
53108
53122
53123
53124
53125
53126
53140
53141
53142
53143
53144
53145
53159
53160
53161
53162
53163
53177
53178
53179
53180
53181
53182
53196
53197
53198
53199
53200
53214
53215
53216
53217
53218
53232
53233
53234
53235
53236
53324
53325
53326
53327
53328
53329
53343
53344
53345
53346
53347
53361
53362
53363
53364
53365
53366
53380
53381
53382
53383
53384
53398
53399
53400
53401
53402
53403
53417
53418
53419
53420
53421
53435
53436
53437
53438
53439
53453
53454
53455
53456
53457
53458
53472
53473
53474
53475
53476
53490
53491
53492
53493
53494
53495
53509
53510
53511
53512
53513
53527
53528
53529
53530
53531
53624
53638
53639
53640
53641
53642
53656
53657
53658
53659
53660
53674
53675
53676
53677
53678
53679
53693
53694
53695
53696
53697
53711
53712
53713
53714
53715
53716
53730
53731
53732
53733
53734
53748
53749
53750
53751
53752
53753
53767
53768
53769
53770
53771
53785
53786
53787
53788
53789
53803
53804
53805
53806
53807
53808
53822
53823
53824
53825
53826
53840
53841
53842
53843
53844
53845
53859
53860
53861
53862
53863
53877
53878
53879
53880
53881
53937
53951
53952
53953
53954
53955
53969
53970
53971
53972
53973
53974
53988
53989
53990
53991
53992
54006
54007
54008
54009
54010
54024
54025
54026
54027
54028
54029
54043
54044
54045
54046
54047
54061
54062
54063
54064
54065
54066
54080
54081
54082
54083
54084
54098
54099
54100
54101
54102
54195
54209
54210
54211
54212
54213
54227
54228
54229
54230
54231
54245
54246
54247
54248
54249
54250
54264
54265
54266
54267
54268
54282
54283
54284
54285
54286
54287
54301
54302
54303
54304
54305
54319
54320
54321
54322
54323
54324
54338
54339
54340
54341
54342
54356
54357
54358
54359
54360
54374
54375
54376
54377
54378
54379
54393
54394
54395
54396
54397
54411
54412
54413
54414
54415
54416
54430
54431
54432
54433
54434
54448
54449
54450
54451
54452
54600
54613
54637
54650
54705
54706
54707
54708
54709
54710
54724
54725
54726
54727
54728
54760
54761
54762
54763
54764
54765
54784
54798
54799
54800
54801
54802
54816
54817
54818
54819
54820
54821
54835
54836
54837
54838
54839
54853
54854
54855
54856
54857
54889
54890
54891
54892
54893
54894
54908
54909
54910
54911
54912
54950
54963
55005
55019
55020
55021
55022
55023
55037
55038
55039
55040
55041
55042
55056
55057
55058
55059
55060
55074
55075
55076
55077
55078
55079
55093
55094
55095
55096
55097
55111
55112
55113
55114
55115
55129
55130
55131
55132
55133
55202
55203
55204
55205
55206
55207
55226
55240
55241
55242
55243
55244
55258
55259
55260
55261
55262
55263
55277
55278
55279
55280
55281
55295
55296
55297
55298
55299
55368
55369
55370
55371
55372
55373
55387
55388
55389
55390
55391
55423
55424
55425
55426
55427
55428
55442
55443
55444
55445
55446
55497
55498
55499
55500
55501
55502
55516
55517
55518
55519
55520
55534
55535
55536
55537
55538
55539
55552
55576
55590
55591
55592
55593
55594
55608
55609
55610
55611
55612
55626
55627
55628
55629
55630
55631
55645
55646
55647
55648
55649
55663
55664
55665
55666
55667
55718
55719
55720
55721
55722
55723
55737
55738
55739
55740
55741
55755
55756
55757
55758
55759
55760
55774
55775
55776
55777
55778
55792
55793
55794
55795
55796
55871
55885
55886
55887
55888
55889
55903
55904
55905
55906
55907
55921
55922
55923
55924
55925
55926
55940
55941
55942
55943
55944
55958
55959
55960
55961
55962
55976
55977
55978
55979
55980
55981
55995
55996
55997
55998
55999
56031
56032
56033
56034
56035
56036
56050
56051
56052
56053
56054
56105
56106
56107
56108
56109
56110
56124
56125
56126
56127
56128
56142
56143
56144
56145
56146
56147
56161
56162
56163
56164
56165
56179
56180
56181
56182
56183
56184
56197
56276
56289
56326
56327
56328
56329
56330
56331
56345
56346
56347
56348
56349
56363
56364
56365
56366
56367
56473
56474
56475
56476
56477
56478
56492
56493
56494
56495
56496
56534
56548
56549
56550
56551
56552
56566
56567
56568
56569
56570
56584
56585
56586
56587
56588
56589
56603
56604
56605
56606
56607
56621
56622
56623
56624
56625
56626
56639
56676
56677
56678
56679
56680
56681
56695
56696
56697
56698
56699
56713
56714
56715
56716
56717
56786
56787
56788
56789
56790
56791
56805
56806
56807
56808
56809
56860
56861
56862
56863
56864
56865
56878
56902
56915
56939
56953
56954
56955
56956
56957
56971
56972
56973
56974
56975
56989
56990
56991
56992
56993
56994
57008
57009
57010
57011
57012
57026
57027
57028
57029
57030
57081
57082
57083
57084
57085
57086
57100
57101
57102
57103
57104
57118
57119
57120
57121
57122
57173
57174
57175
57176
57177
57178
57192
57193
57194
57195
57196
57210
57211
57212
57213
57214
57215
57229
57230
57231
57232
57233
57247
57248
57249
57250
57251
57252
57265
57289
57303
57304
57305
57306
57307
57321
57322
57323
57324
57325
57339
57340
57341
57342
57343
57344
57358
57359
57360
57361
57362
57376
57377
57378
57379
57380
57381
57395
57396
57397
57398
57399
57413
57414
57415
57416
57417
57510
57524
57525
57526
57527
57528
57542
57543
57544
57545
57546
57560
57561
57562
57563
57564
57565
57579
57580
57581
57582
57583
57597
57598
57599
57600
57601
57602
57616
57617
57618
57619
57620
57634
57635
57636
57637
57638
57707
57708
57709
57710
57711
57712
57726
57727
57728
57729
57730
57768
57782
57783
57784
57785
57786
57800
57801
57802
57803
57804
57818
57819
57820
57821
57822
57823
57837
57838
57839
57840
57841
57855
57856
57857
57858
57859
57860
57873
57910
57911
57912
57913
57914
57915
57929
57930
57931
57932
57933
57947
57948
57949
57950
57951
58020
58021
58022
58023
58024
58025
58039
58040
58041
58042
58043
58081
58094
58112
58113
58114
58115
58116
58117
58131
58132
58133
58134
58135
58204
58205
58206
58207
58208
58209
58228
58242
58243
58244
58245
58246
58260
58261
58262
58263
58264
58278
58279
58280
58281
58282
58283
58297
58298
58299
58300
58301
58333
58334
58335
58336
58337
58338
58352
58353
58354
58355
58356
58394
58408
58409
58410
58411
58412
58426
58427
58428
58429
58430
58444
58445
58446
58447
58448
58486
58500
58501
58502
58503
58504
58518
58519
58520
58521
58522
58578
58592
58593
58594
58595
58596
58610
58611
58612
58613
58614
58615
58629
58630
58631
58632
58633
58647
58648
58649
58650
58651
58652
58665
58757
58758
58759
58760
58761
58762
58776
58777
58778
58779
58780
58812
58813
58814
58815
58816
58817
58831
58832
58833
58834
58835
58886
58887
58888
58889
58890
58891
58905
58906
58907
58908
58909
58923
58924
58925
58926
58927
58928
58941
58965
58979
58980
58981
58982
58983
58997
58998
58999
59000
59001
59015
59016
59017
59018
59019
59020
59034
59035
59036
59037
59038
59052
59053
59054
59055
59056
59094
59107
59186
59199
59236
59237
59238
59239
59240
59241
59255
59256
59257
59258
59259
59273
59274
59275
59276
59277
59278
59291
59346
59347
59348
59349
59350
59351
59365
59366
59367
59368
59369
59475
59476
59477
59478
59479
59480
59494
59495
59496
59497
59498
59530
59531
59532
59533
59534
59535
59549
59550
59551
59552
59553
59567
59568
59569
59570
59571
59572
59586
59587
59588
59589
59590
59604
59605
59606
59607
59608
59609
59623
59624
59625
59626
59627
59641
59642
59643
59644
59645
59646
59659
59683
59697
59698
59699
59700
59701
59715
59716
59717
59718
59719
59733
59734
59735
59736
59737
59738
59752
59753
59754
59755
59756
59770
59771
59772
59773
59774
59825
59826
59827
59828
59829
59830
59844
59845
59846
59847
59848
59862
59863
59864
59865
59866
59867
59881
59882
59883
59884
59885
59899
59900
59901
59902
59903
59941
59955
59956
59957
59958
59959
59973
59974
59975
59976
59977
59991
59992
59993
59994
59995
59996
