3 1
4 1
6 2
8 2
11 3
13 2
16 3
18 2
26 8
28 2
36 8
38 2
47 11
48 1
53 6
57 4
62 26
69 16
72 3
77 8
82 13
87 18
97 28
99 2
102 3
106 4
114 8
126 57
131 62
138 36
145 48
148 3
155 53
175 69
177 2
180 3
182 2
189 87
197 8
206 26
209 3
219 13
221 2
236 47
238 2
241 3
243 2
253 47
258 69
260 2
273 13
282 102
309 36
316 97
319 3
324 8
339 57
341 2
356 47
358 2
363 47
370 97
382 26
390 8
400 18
402 2
409 53
412 3
414 2
429 47
431 2
434 3
441 102
451 69
456 47
483 69
485 2
497 97
502 102
522 206
524 2
544 47
546 2
566 69
568 2
585 102
602 36
605 3
607 2
612 273
624 102
627 3
646 102
668 102
673 273
685 273
688 3
690 2
695 339
720 47
722 2
732 47
734 2
739 339
751 339
781 47
783 2
798 47
800 2
820 69
847 47
849 2
861 339
864 3
866 2
891 206
893 2
905 339
927 36
949 102
983 356
986 3
991 8
1018 69
1020 2
1023 3
1025 2
1030 47
1032 2
1035 3
1037 2
1052 69
1079 47
1081 2
1101 69
1103 2
1125 102
1155 206
1157 2
1164 273
1167 3
1169 2
1186 339
1191 36
1208 53
1230 339
1252 97
1257 102
1296 273
1308 273
1311 3
1313 2
1335 180
1338 3
1340 2
1355 47
1360 47
1377 69
1387 47
1389 2
1404 69
1406 2
1428 273
1431 3
1433 2
1462 102
1465 3
1470 8
1472 2
1489 102
1492 3
1509 47
1514 206
1516 2
1531 69
1536 47
1538 2
1550 36
1553 3
1594 102
1602 8
1604 2
1616 102
1641 47
1643 2
1646 3
1648 2
1660 273
1682 36
1707 47
1709 2
1721 566
1724 3
1748 102
1765 273
1770 339
1790 69
1792 2
1812 47
1814 2
1834 69
1836 2
1853 339
1856 3
1858 2
1900 47
1902 2
1919 273
1941 339
1944 3
1946 2
1966 47
1968 2
1985 339
2010 69
2012 2
2032 47
2034 2
2054 69
2056 2
2090 36
2093 3
2095 2
2112 102
2115 3
2117 2
2134 102
2156 102
2178 1023
2247 69
2249 2
2252 3
2254 2
2288 36
2327 273
2330 3
2332 2
2354 102
2371 339
2393 339
2418 47
2420 2
2445 983
2447 2
2462 69
2464 2
2481 36
2484 3
2486 2
2511 47
2513 2
2525 273
2550 69
2552 2
2572 47
2574 2
2581 97
2584 3
2589 8
2613 102
2616 3
2618 2
2628 47
2630 2
2633 3
2635 2
2650 69
2660 47
2662 2
2674 102
2696 36
2721 47
2723 2
2748 983
2750 2
2762 102
2787 206
2789 2
2809 47
2811 2
2814 3
2816 2
2831 69
2833 2
2897 316
2899 2
2916 102
2919 3
2921 2
2985 69
2987 2
3029 1308
3031 2
3038 53
3041 3
3043 2
3065 36
3068 3
3070 2
3085 47
3090 47
3092 2
3107 69
3109 2
3131 102
3153 339
3205 624
3207 2
3214 400
3217 3
3219 2
3236 339
3239 3
3261 47
3263 2
3288 69
3290 2
3305 69
3368 339
3371 3
3373 2
3390 102
3393 3
3395 2
3415 47
3417 2
3451 36
3454 3
3456 2
3473 102
3476 3
3481 8
3483 2
3495 102
3525 69
3527 2
3544 339
3547 3
3549 2
3591 47
3593 2
3605 400
3608 3
3610 2
3622 97
3625 3
3630 8
3632 2
3649 102
3669 47
3671 2
3691 69
3696 47
3698 2
3723 685
3725 2
3740 69
3742 2
3759 36
3762 3
3764 2
3806 47
3808 2
3825 102
3872 47
3874 2
3886 339
3916 1335
3918 2
3930 339
3952 36
3960 8
3962 2
3974 102
3991 400
3994 3
4018 102
4038 47
4040 2
4057 97
4101 339
4118 356
4121 3
4148 47
4150 2
4153 3
4155 2
4165 47
4167 2
4187 69
4211 339
4233 273
4258 47
4260 2
4294 36
4297 3
4324 206
4326 2
4341 47
4343 2
4363 69
4365 2
4368 3
4370 2
4390 47
4392 2
4404 36
4407 3
4409 2
4451 47
4453 2
4470 102
4517 47
4519 2
4531 273
4534 3
4536 2
4578 47
4580 2
4600 69
4602 2
4619 102
4622 3
4624 2
4641 273
4644 3
4646 2
4666 47
4668 2
4707 339
4729 339
4732 3
4734 2
4754 47
4756 2
4798 69
4800 2
4878 1155
4881 3
4883 2
4900 102
4903 3
4905 2
4925 47
4927 2
4969 69
4971 2
4996 69
4998 2
5018 47
5020 2
5032 36
5035 3
5037 2
5049 53
5052 3
5057 8
5059 2
5079 47
5081 2
5096 47
5118 69
5159 102
5162 3
5164 2
5181 102
5184 3
5186 2
5206 47
5208 2
5250 69
5252 2
5269 273
5272 3
5274 2
5291 273
5294 3
5296 2
5316 47
5318 2
5335 339
5357 339
5382 47
5384 2
5484 102
5487 3
5489 2
5514 983
5516 2
5531 47
5533 2
5550 36
5597 47
5599 2
5616 102
5663 47
5665 2
5685 69
5687 2
5765 102
5768 3
5770 2
5795 2581
5797 2
5812 47
5814 2
5826 339
5829 3
5853 339
5856 3
5858 2
5873 47
5875 2
5878 3
5880 2
5895 69
5900 47
5902 2
5944 69
5946 2
6024 339
6027 3
6029 2
6046 102
6049 3
6051 2
6068 273
6107 339
6110 3
6112 2
6134 339
6154 47
6156 2
6176 69
6178 2
6239 339
6242 3
6244 2
6283 339
6308 69
6310 2
6322 273
6325 3
6327 2
6352 69
6354 2
6366 339
6391 69
6393 2
6410 102
6418 8
6420 2
6435 69
6437 2
6457 47
6459 2
6479 69
6481 2
6520 102
6523 3
6525 2
6550 69
6552 2
6567 47
6569 2
6586 36
6633 47
6635 2
6652 102
6721 69
6723 2
6735 102
6738 3
6740 2
6782 47
6784 2
6804 69
6806 2
6831 47
6833 2
6862 339
6865 3
6870 8
6872 2
6889 339
6892 3
6894 2
6909 47
6911 2
6914 3
6916 2
6931 69
6936 47
6938 2
6980 69
6982 2
7038 102
7041 3
7043 2
7060 339
7063 3
7065 2
7082 102
7104 273
7156 3038
7158 2
7170 339
7192 36
7195 3
7197 2
7217 47
7219 2
7258 102
7275 339
7278 3
7280 2
7297 102
7300 3
7302 2
7322 47
7324 2
7366 69
7368 2
7424 102
7427 3
7432 8
7434 2
7459 2581
7461 2
7471 47
7473 2
7476 3
7478 2
7490 273
7498 8
7500 2
7520 47
7522 2
7537 47
7539 2
7559 69
7578 102
7581 3
7583 2
7600 102
7603 3
7605 2
7622 102
7691 69
7693 2
7727 36
7730 3
7735 8
7737 2
7749 273
7752 3
7754 2
7774 47
7776 2
7779 3
7781 2
7798 339
7818 69
7820 2
7881 102
7884 3
7886 2
7928 47
7930 2
7950 69
7952 2
7977 47
7979 2
8008 273
8011 3
8016 8
8018 2
8055 47
8057 2
8060 3
8062 2
8077 69
8096 36
8099 3
8101 2
8126 69
8128 2
8143 47
8145 2
8165 69
8167 2
8192 47
8194 2
8236 69
8238 2
8250 273
8253 3
8255 2
8272 36
8275 3
8277 2
8294 102
8316 339
8338 102
8368 1308
8370 2
8404 36
8421 53
8424 3
8426 2
8451 47
8453 2
8468 47
8487 36
8509 273
8512 3
8514 2
8531 339
8539 8
8541 2
8553 102
8570 102
8573 3
8617 47
8619 2
8639 69
8666 47
8668 2
8702 36
8705 3
8749 47
8751 2
8754 3
8756 2
8771 69
8773 2
8812 273
8815 3
8817 2
8842 69
8844 2
8856 102
8873 102
8876 3
8917 102
8942 69
8947 2581
8949 2
8964 47
8966 2
8969 3
8971 2
8983 36
9013 47
9015 2
9027 273
9052 69
9054 2
9071 102
9093 339
9118 47
9120 2
9132 1155
9135 3
9137 2
9162 69
9164 2
9179 47
9184 47
9186 2
9193 180
9196 3
9240 47
9250 57
9252 2
9262 69
9308 339
9311 3
9313 2
9355 47
9357 2
9377 69
9379 2
9399 206
9401 2
9443 2581
9445 2
9509 316
9511 2
9553 983
9555 2
9575 382
9577 2
9619 2581
9621 2
9641 2581
9643 2
9663 2581
9665 2
9699 36
9702 3
9704 2
9721 102
9724 3
9726 2
9743 102
9765 102
9804 102
9807 3
9809 2
9834 69
9836 2
9851 47
9853 2
9870 36
9917 47
9919 2
9939 69
9941 2
9958 339
9961 3
9963 2
9980 339
9983 3
9985 2
10002 339
10085 102
10088 3
10090 2
10107 273
10110 3
10112 2
10132 47
10134 2
10173 339
10220 47
10222 2
10242 69
10244 2
10247 3
10249 2
10269 47
10271 2
10283 36
10286 3
10288 2
10305 36
10349 102
10366 97
10369 3
10388 102
10391 3
10393 2
10413 47
10415 2
10457 69
10459 2
10501 1308
10503 2
10520 273
10523 3
10525 2
10537 36
10540 3
10545 8
10547 2
10567 47
10569 2
10584 47
10606 69
10655 1462
10657 2
10677 2581
10679 2
10691 36
10694 3
10696 2
10713 36
10716 3
10718 2
10738 47
10740 2
10757 102
10779 102
10804 47
10806 2
10831 2581
10833 2
10848 69
10850 2
10862 339
10865 3
10870 8
10872 2
10909 47
10911 2
10931 69
10972 102
10975 3
10977 2
10994 339
10997 3
10999 2
11016 339
11085 69
11087 2
11099 102
11102 3
11107 8
11109 2
11146 47
11148 2
11168 69
11195 47
11197 2
11217 69
11219 2
11226 356
11229 3
11234 8
11236 2
11253 36
11256 3
11258 2
11273 47
11275 2
11278 3
11280 2
11295 69
11300 47
11302 2
11319 102
11344 69
11346 2
11366 47
11368 2
11388 69
11390 2
11432 206
11434 2
11454 2581
11456 2
11498 2581
11500 2
11586 2393
11588 2
11600 102
11603 3
11605 2
11622 36
11625 3
11627 2
11647 47
11649 2
11688 102
11713 2581
11715 2
11735 47
11737 2
11757 69
11759 2
11774 2581
11776 2
11779 3
11781 2
11881 102
11884 3
11886 2
11925 339
11950 69
11952 2
11964 339
11967 3
11969 2
11994 69
11996 2
12008 273
12033 69
12035 2
12055 47
12057 2
12060 3
12062 2
12074 339
12118 339
12143 69
12145 2
12162 102
12187 69
12189 2
12245 102
12248 3
12250 2
12267 273
12270 3
12272 2
12292 47
12294 2
12336 69
12338 2
12363 69
12365 2
12438 102
12441 3
12443 2
12465 102
12468 3
12470 2
12482 339
12504 36
12526 339
12570 102
12578 8
12580 2
12595 69
12597 2
12600 3
12602 2
12614 36
12622 8
12624 2
12639 69
12641 2
12658 36
12680 102
12705 47
12707 2
12724 102
12749 69
12751 2
12763 400
12766 3
12768 2
12785 36
12788 3
12790 2
12810 47
12812 2
12854 69
12856 2
12873 273
12876 3
12878 2
12895 273
12898 3
12900 2
12917 339
12939 339
12961 339
13030 69
13032 2
13044 339
13047 3
13049 2
13066 36
13069 3
13071 2
13088 339
13132 102
13157 69
13159 2
13162 3
13164 2
13179 47
13181 2
13198 36
13237 339
13240 3
13242 2
13264 102
13281 102
13303 273
13328 47
13330 2
13369 339
13399 69
13401 2
13408 339
13411 3
13413 2
13438 69
13440 2
13455 47
13457 2
13477 69
13479 2
13504 47
13506 2
13531 6107
13533 2
13548 69
13550 2
13562 400
13565 3
13570 8
13572 2
13609 47
13611 2
13628 97
13633 102
13650 102
13653 3
13655 2
13675 47
13677 2
13689 36
13692 3
13694 2
13719 69
13721 2
13733 1155
13738 339
13758 69
13760 2
13780 47
13782 2
13799 400
13804 273
13846 47
13848 2
13868 69
13873 69
13875 2
13917 69
13919 2
13931 400
13934 3
13936 2
13953 36
13956 3
13958 2
13975 102
14019 102
14044 69
14046 2
14066 47
14068 2
14080 36
14083 3
14085 2
14102 36
14105 3
14107 2
14127 47
14129 2
14168 102
14190 273
14193 3
14195 2
14212 339
14251 720
14254 3
14281 69
14283 2
14298 47
14300 2
14303 3
14305 2
14320 69
14322 2
14325 3
14327 2
14347 47
14349 2
14361 36
14364 3
14366 2
14408 47
14410 2
14427 102
14449 102
14452 3
14454 2
14474 47
14476 2
14488 36
14491 3
14493 2
14518 69
14520 2
14532 339
14557 69
14559 2
14579 47
14581 2
14584 3
14586 2
14598 273
14642 339
14664 339
14689 47
14691 2
14733 69
14735 2
14760 69
14762 2
14769 36
14772 3
14774 2
14796 36
14799 3
14801 2
14816 47
14818 2
14838 69
14840 2
14862 102
14892 6322
14894 2
14901 102
14904 3
14906 2
14923 339
14926 3
14945 53
14989 97
14994 102
15014 69
15016 2
15033 273
15050 36
15053 3
15055 2
15080 47
15082 2
15097 47
15119 69
15121 2
15138 339
15141 3
15143 2
15160 400
15163 3
15182 102
15212 69
15214 2
15231 339
15251 69
15253 2
15278 47
15280 2
15292 400
15295 3
15297 2
15322 69
15324 2
15339 47
15341 2
15358 36
15380 102
15383 3
15385 2
15397 102
15400 3
15402 2
15424 102
15441 102
15466 69
15468 2
15488 47
15490 2
15510 69
15512 2
15595 273
15598 3
15600 2
15617 339
15620 3
15622 2
15642 47
15644 2
15661 339
15686 69
15688 2
15700 102
15703 3
15705 2
15730 69
15732 2
15744 102
15766 36
15788 102
15818 2581
15820 2
15832 102
15854 36
15879 47
15881 2
15893 273
15896 3
15898 2
15920 102
15937 339
15962 69
15964 2
15984 47
15986 2
16003 273
16025 339
16028 3
16030 2
16047 1155
16069 339
16091 273
16121 983
16123 2
16152 273
16155 3
16199 47
16201 2
16204 3
16206 2
16221 69
16240 36
16243 3
16245 2
16287 47
16289 2
16306 102
16336 47
16338 2
16353 47
16355 2
16372 36
16394 273
16397 3
16399 2
16419 47
16421 2
16438 102
16460 339
16485 47
16487 2
16499 102
16502 3
16504 2
16529 69
16531 2
16543 339
16565 36
16587 102
16595 8
16597 2
16609 273
16648 53
16651 3
16653 2
16670 273
16673 3
16695 47
16700 47
16702 2
16722 69
16724 2
16739 69
16741 2
16744 3
16746 2
16780 36
16783 3
16785 2
16810 69
16812 2
16827 47
16829 2
16849 69
16851 2
16912 102
16915 3
16917 2
16934 339
16937 3
16939 2
16959 47
16961 2
17003 69
17005 2
17069 2581
17071 2
17113 2581
17115 2
17135 983
17137 2
17179 2581
17181 2
17237 102
17240 3
17242 2
17281 102
17298 339
17301 3
17303 2
17328 47
17330 2
17345 47
17347 2
17364 36
17386 273
17389 3
17391 2
17411 47
17413 2
17430 102
17455 69
17457 2
17474 339
17499 69
17501 2
17518 339
17543 69
17545 2
17557 102
17560 3
17562 2
17587 69
17589 2
17604 47
17606 2
17623 36
17645 102
17648 3
17650 2
17667 339
17689 102
17741 2581
17743 2
17758 69
17760 2
17772 273
17775 3
17780 8
17782 2
17819 47
17821 2
17824 3
17826 2
17841 69
17868 47
17870 2
17890 69
17892 2
17904 36
17907 3
17909 2
17951 47
17953 2
17970 102
17992 102
17995 3
17997 2
18014 273
18044 47
18046 2
18083 69
18085 2
18146 102
18149 3
18151 2
18193 47
18195 2
18207 339
18210 3
18212 2
18251 102
18276 69
18278 2
18295 102
18303 8
18305 2
18317 273
18339 36
18378 102
18381 3
18405 102
18425 47
18427 2
18430 3
18432 2
18444 400
18488 339
18513 69
18515 2
18535 47
18537 2
18557 69
18559 2
18571 36
18574 3
18579 8
18581 2
18618 47
18620 2
18623 3
18625 2
18640 69
18667 47
18669 2
18681 102
18684 3
18686 2
18725 102
18750 69
18752 2
18772 47
18774 2
18794 69
18796 2
18918 339
18921 3
18923 2
18940 273
18943 3
18945 2
18962 339
19006 339
19031 69
19033 2
19036 3
19038 2
19053 47
19055 2
19058 3
19060 2
19072 36
19094 36
19097 3
19099 2
19119 47
19121 2
19138 102
19160 102
19185 47
19187 2
19251 2581
19253 2
19309 273
19312 3
19314 2
19331 273
19334 3
19336 2
19353 102
19375 339
19397 339
19427 983
19429 2
19463 36
19480 53
19483 3
19485 2
19510 47
19512 2
19527 47
19546 36
19590 339
19598 8
19600 2
19612 102
19620 8
19622 2
19629 102
19632 3
19642 13
19644 2
19656 36
19676 47
19681 69
19683 2
19698 69
19703 47
19705 2
19722 102
19744 102
19747 3
19749 2
19766 339
19805 102
19808 3
19810 2
19827 400
19830 3
19832 2
19852 47
19854 2
19871 273
19893 273
19915 273
19937 339
19959 339
19981 339
20050 69
20052 2
20138 2581
20140 2
20152 102
20155 3
20157 2
20169 339
20172 3
20177 8
20179 2
20199 47
20201 2
20216 47
20218 2
20238 69
20257 102
20260 3
20262 2
20279 102
20282 3
20284 2
20301 102
20323 273
20375 206
20377 2
20389 339
20397 8
20399 2
20419 9193
20421 2
20433 36
20441 8
20443 2
20455 36
20480 47
20482 2
20499 102
20521 102
20543 102
20643 1023
20646 3
20651 8
20653 2
20670 273
20673 3
20675 2
20690 47
20709 36
20736 339
20756 47
20778 69
20783 47
20785 2
20805 69
20807 2
20849 206
20851 2
20907 102
20910 3
20912 2
20937 1308
20939 2
20951 102
20968 8368
20971 3
20998 47
21000 2
21003 3
21005 2
21015 47
21017 2
21037 69
21047 47
21049 2
21064 47
21066 2
21083 36
21105 102
21108 3
21110 2
21130 47
21132 2
21149 102
21188 339
21191 3
21193 2
21218 69
21220 2
21232 102
21254 36
21279 47
21281 2
21323 69
21325 2
21342 339
21345 3
21347 2
21386 339
21411 69
21413 2
21425 102
21428 3
21430 2
21455 69
21457 2
21469 339
21494 69
21496 2
21513 102
21538 69
21540 2
21560 47
21562 2
21582 69
21584 2
21626 983
21628 2
21640 102
21643 3
21645 2
21687 47
21689 2
21709 69
21711 2
21736 47
21738 2
21750 339
21753 3
21755 2
21772 36
21775 3
21777 2
21794 339
21838 102
21863 69
21865 2
21868 3
21870 2
21885 47
21887 2
21904 36
21970 102
21987 102
21990 3
21992 2
22009 273
22012 3
22014 2
22034 47
22036 2
22075 339
22122 47
22124 2
22141 273
22149 8
22151 2
22185 36
22207 339
22232 47
22234 2
22246 97
22249 3
22293 47
22295 2
22298 3
22300 2
22315 69
22317 2
22320 3
22322 2
22342 47
22344 2
22356 36
22359 3
22361 2
22378 36
22381 3
22383 2
22400 102
22439 97
22442 3
22469 69
22471 2
22483 102
22488 339
22508 69
22510 2
22513 3
22515 2
22530 47
22532 2
22552 69
22554 2
22593 273
22596 3
22598 2
22637 339
22659 339
22676 356
22679 3
22723 47
22725 2
22745 69
22747 2
22772 47
22774 2
22786 273
22789 3
22791 2
22816 69
22818 2
22833 47
22835 2
22855 69
22857 2
22874 102
22877 3
22879 2
22918 102
22943 69
22945 2
22957 102
22960 3
22962 2
22987 69
22989 2
23004 47
23006 2
23026 69
23028 2
23053 47
23055 2
23097 69
23099 2
23111 339
23114 3
23116 2
23133 36
23136 3
23138 2
23158 47
23160 2
23199 102
23224 2581
23226 2
23238 102
23241 3
23243 2
23268 69
23270 2
23282 339
23307 69
23309 2
23329 47
23331 2
23334 3
23336 2
23351 69
23353 2
23392 339
23395 3
23397 2
23439 47
23441 2
23461 69
23463 2
23549 2581
23551 2
23585 36
23588 3
23590 2
23632 47
23634 2
23651 102
23673 339
23676 3
23678 2
23698 47
23700 2
23742 69
23744 2
23822 273
23825 3
23827 2
23844 102
23847 3
23849 2
23869 47
23871 2
23883 36
23886 3
23913 69
23915 2
23930 47
23932 2
23935 3
23937 2
23952 69
23954 2
23957 3
23959 2
23979 47
23981 2
24023 69
24025 2
24089 206
24091 2
24191 102
24194 3
24196 2
24238 47
24240 2
24260 69
24262 2
24318 339
24321 3
24323 2
24340 102
24343 3
24345 2
24365 47
24367 2
24409 69
24411 2
24428 339
24431 3
24433 2
24458 47
24460 2
24475 47
24477 2
24494 36
24541 47
24543 2
24560 102
24599 339
24602 3
24604 2
24629 69
24631 2
24643 102
24665 36
24690 47
24692 2
24695 3
24697 2
24734 69
24736 2
24783 47
24785 2
24819 36
24822 3
24824 2
24849 206
24851 2
24888 69
24890 2
24946 97
24949 3
24954 8
24956 2
24993 47
24995 2
24998 3
25000 2
25015 69
25017 2
25042 47
25044 2
25078 36
25081 3
25083 2
25100 102
25103 3
25105 2
25125 47
25127 2
25144 102
25169 69
25171 2
25188 339
25213 69
25215 2
25235 47
25237 2
25293 339
25296 3
25298 2
25323 983
25325 2
25340 47
25342 2
25359 36
25381 339
25384 3
25386 2
25406 47
25408 2
25425 102
25450 69
25452 2
25464 339
25467 3
25469 2
25494 69
25496 2
25511 47
25513 2
25530 36
25560 47
25562 2
25574 339
25599 69
25601 2
25621 47
25623 2
25643 69
25645 2
25701 102
25704 3
25706 2
25748 47
25750 2
25767 273
25789 339
25792 3
25794 2
25814 47
25816 2
25858 69
25860 2
25885 69
25887 2
25899 339
25902 3
25904 2
25921 36
25924 3
25926 2
25946 47
25948 2
25987 102
26026 102
26029 3
26031 2
26048 102
26051 3
26053 2
26073 47
26075 2
26117 69
26119 2
26144 69
26146 2
26158 273
26161 3
26163 2
26180 36
26183 3
26185 2
26205 47
26207 2
26224 339
26246 102
26271 47
26273 2
26315 69
26317 2
26351 36
26354 3
26356 2
26373 102
26376 3
26378 2
26398 47
26400 2
26442 69
26444 2
26464 2581
26466 2
26483 339
26486 3
26488 2
26530 47
26532 2
26552 69
26554 2
26610 339
26613 3
26615 2
26632 102
26635 3
26637 2
26657 47
26659 2
26701 69
26703 2
26728 69
26730 2
26764 36
26767 3
26769 2
26811 47
26813 2
26830 102
26847 36
26850 3
26852 2
26877 47
26879 2
26891 339
26916 69
26918 2
26938 47
26940 2
26943 3
26945 2
26960 69
26962 2
27001 273
27004 3
27006 2
27018 102
27021 3
27023 2
27045 102
27062 102
27067 339
27087 69
27089 2
27109 47
27111 2
27128 400
27175 47
27177 2
27197 69
27199 2
27202 3
27204 2
27238 36
27241 3
27243 2
27282 339
27304 102
27329 47
27331 2
27365 36
27368 3
27370 2
27412 47
27414 2
27431 102
27461 47
27463 2
27475 273
27492 12600
27495 3
27522 47
27524 2
27536 339
27541 339
27561 69
27580 339
27605 69
27607 2
27624 102
27632 8
27634 2
27649 69
27651 2
27671 47
27673 2
27693 69
27695 2
27773 102
27776 3
27778 2
27800 339
27803 3
27805 2
27817 356
27839 36
27864 47
27866 2
27883 1155
27891 8
27893 2
27908 69
27910 2
27927 36
27952 69
27954 2
27971 339
27993 102
28018 47
28020 2
28062 69
28064 2
28076 273
28079 3
28081 2
28120 102
28142 339
28167 47
28169 2
28172 3
28174 2
28208 36
28230 339
28233 3
28235 2
28255 47
28257 2
28260 3
28262 2
28274 102
28296 36
28321 47
28323 2
28362 102
28401 339
28404 3
28406 2
28431 69
28433 2
28445 273
28467 36
28492 47
28494 2
28497 3
28499 2
28511 339
28536 69
28538 2
28558 47
28560 2
28580 69
28582 2
28638 102
28641 3
28643 2
28682 102
28704 273
28729 47
28731 2
28734 3
28736 2
28756 983
28758 2
28773 69
28775 2
28792 36
28795 3
28797 2
28839 47
28841 2
28858 102
28905 47
28907 2
28919 339
28922 3
28924 2
28966 47
28968 2
28988 69
28990 2
29015 47
29017 2
29029 273
29032 3
29034 2
29051 36
29054 3
29056 2
29073 339
29095 339
29117 102
29147 1308
29149 2
29183 36
29200 53
29203 3
29205 2
29230 47
29232 2
29247 47
29266 36
29288 273
29291 3
29293 2
29313 47
29315 2
29318 3
29320 2
29332 102
29357 69
29359 2
29379 47
29381 2
29401 69
29403 2
29437 36
29440 3
29442 2
29459 102
29462 3
29464 2
29481 102
29486 339
29547 400
29569 339
29572 3
29574 2
29591 273
29657 339
29704 47
29706 2
29726 69
29728 2
29731 3
29733 2
29762 36
29765 3
29770 8
29772 2
29784 53
29787 3
29789 2
29809 47
29811 2
29814 3
29816 2
29833 102
29850 36
29872 102
29875 3
29877 2
29897 47
29899 2
29916 102
29941 69
29943 2
29963 47
29965 2
29985 69
29987 2
30004 273
30007 3
30009 2
30021 36
30024 3
30026 2
30051 47
30053 2
30068 47
30090 69
30092 2
30117 2581
30119 2
30131 400
30134 3
30136 2
30178 47
30180 2
30192 102
30195 3
30197 2
30219 102
30222 3
30224 2
30239 47
30241 2
30261 69
30263 2
30315 983
30317 2
30332 69
30334 2
30346 339
30349 3
30393 47
30395 2
30412 97
30417 102
30434 102
30437 3
30439 2
30456 339
30525 69
30527 2
30539 102
30542 3
30544 2
30586 47
30591 47
30593 2
30605 273
30652 47
30657 2581
30659 2
30674 69
30676 2
30679 3
30681 2
30701 2581
30703 2
30737 36
30740 3
30742 2
30759 102
30762 3
30764 2
30781 102
30803 102
30842 102
30845 3
30847 2
30872 69
30874 2
30886 1155
30908 36
30933 47
30935 2
30938 3
30940 2
30952 273
30960 8
30962 2
30977 69
30979 2
30999 47
31001 2
31018 339
31062 102
31087 69
31089 2
31109 47
31111 2
31123 36
31126 3
31128 2
31170 47
31172 2
31189 102
31233 273
31258 69
31260 2
31277 339
31299 339
31324 47
31326 2
31368 69
31370 2
31382 273
31385 3
31387 2
31404 36
31407 3
31409 2
31429 47
31431 2
31448 339
31473 69
31475 2
31495 47
31497 2
31517 69
31519 2
31553 36
31556 3
31558 2
31600 47
31602 2
31619 102
31641 273
31644 3
31646 2
31663 339
31693 47
31695 2
31707 339
31729 36
31737 8
31739 2
31754 47
31756 2
31773 36
31795 102
31820 47
31822 2
31839 102
31864 69
31866 2
31878 10831
31881 3
31883 2
31900 36
31903 3
31905 2
31922 102
31974 69
31976 2
31991 69
31993 2
31996 3
31998 2
32018 2581
32020 2
32054 36
32057 3
32059 2
32084 206
32086 2
32098 102
32123 69
32125 2
32145 47
32147 2
32167 69
32169 2
32186 102
32189 3
32191 2
32233 47
32235 2
32255 69
32257 2
32313 339
32316 3
32318 2
32343 2581
32345 2
32360 47
32362 2
32379 36
32409 47
32411 2
32423 339
32448 69
32450 2
32470 47
32472 2
32492 69
32494 2
32511 102
32514 3
32516 2
32536 983
32538 2
32558 47
32560 2
32580 69
32582 2
32624 983
32626 2
32638 102
32641 3
32643 2
32685 47
32687 2
32707 69
32709 2
32726 102
32729 3
32731 2
32748 339
32751 3
32753 2
32817 69
32819 2
32875 339
32878 3
32880 2
32905 983
32907 2
32922 47
32924 2
32941 36
32963 339
32966 3
32968 2
32988 47
32990 2
33007 102
33032 69
33034 2
33046 339
33049 3
33051 2
33093 47
33095 2
33115 69
33117 2
33134 102
33137 3
33139 2
33156 339
33159 3
33161 2
33178 273
33244 339
33274 1721
33276 2
33291 47
33293 2
33310 36
33357 47
33359 2
33376 102
33445 69
33447 2
33459 102
33462 3
33464 2
33476 339
33479 3
33484 8
33486 2
33506 47
33508 2
33523 47
33525 2
33545 69
33572 47
33574 2
33586 102
33589 3
33591 2
33613 339
33616 3
33618 2
33633 47
33635 2
33652 36
33696 339
33721 69
33723 2
33726 3
33728 2
33743 47
33745 2
33748 3
33750 2
33762 36
33809 47
33811 2
33828 102
33850 102
33853 3
33855 2
33875 47
33877 2
33919 69
33921 2
33963 2581
33965 2
33977 102
33980 3
33982 2
34024 47
34026 2
34038 3723
34041 3
34043 2
34073 47
34075 2
34085 47
34090 47
34092 2
34104 356
34109 36
34134 2581
34136 2
34151 47
34153 2
34173 69
34178 69
34180 2
34258 339
34261 3
34263 2
34280 102
34283 3
34285 2
34302 339
34346 273
34371 69
34373 2
34385 102
34388 3
34390 2
34412 339
34432 47
34434 2
34451 273
34498 47
34500 2
34517 339
34525 8
34527 2
34547 47
34549 2
34561 36
34583 36
34608 47
34610 2
34613 3
34615 2
34627 102
34652 69
34654 2
34666 53
34669 3
34671 2
34688 36
34691 3
34693 2
34713 47
34718 47
34720 2
34757 69
34759 2
34784 1308
34786 2
34798 273
34801 3
34803 2
34828 69
34830 2
34845 47
34847 2
34859 102
34862 3
34906 47
34908 2
34911 3
34913 2
34928 69
34952 339
34969 356
34972 3
34974 2
34999 47
35001 2
35016 47
35018 2
35035 36
35082 47
35084 2
35104 69
35106 2
35123 339
35126 3
35128 2
35162 36
35165 3
35192 69
35194 2
35206 102
35214 8
35216 2
35231 69
35233 2
35236 3
35238 2
35253 47
35255 2
35258 3
35260 2
35275 69
35277 2
35316 102
35319 3
35321 2
35360 102
35385 69
35387 2
35407 47
35409 2
35429 69
35431 2
35553 339
35556 3
35558 2
35575 339
35578 3
35580 2
35597 339
35666 69
35668 2
35724 339
35727 3
35729 2
35746 339
35749 3
35751 2
35771 47
35773 2
35815 69
35817 2
35864 47
35866 2
35886 69
35888 2
35900 36
35903 3
35905 2
35922 36
35925 3
35927 2
35947 47
35949 2
35966 102
35988 102
36013 47
36015 2
36027 102
36030 3
36032 2
36074 47
36076 2
36096 69
36098 2
36115 102
36118 3
36120 2
36137 273
36140 3
36142 2
36159 273
36203 339
36225 339
36250 47
36252 2
36294 69
36296 2
36330 36
36333 3
36335 2
36377 47
36379 2
36396 102
36426 47
36428 2
36443 47
36445 2
36457 339
36460 3
36492 47
36494 2
36504 47
36506 2
36509 3
36511 2
36526 69
36553 47
36555 2
36567 273
36570 3
36572 2
36594 102
36597 3
36599 2
36611 102
36636 69
36638 2
36655 102
36680 69
36682 2
36702 47
36704 2
36724 69
36726 2
36804 102
36807 3
36809 2
36831 339
36834 3
36836 2
36851 47
36853 2
36873 69
36875 2
36944 69
36946 2
36980 36
36983 3
36985 2
37027 47
37029 2
37046 102
37085 102
37088 3
37090 2
37107 273
37110 3
37112 2
37129 102
37173 339
37198 69
37200 2
37203 3
37205 2
37217 273
37225 8
37227 2
37239 36
37261 36
37283 339
37305 102
37327 102
37344 400
37347 3
37349 2
37366 339
37369 3
37371 2
37391 47
37393 2
37435 69
37437 2
37462 69
37464 2
37476 273
37479 3
37481 2
37493 102
37496 3
37501 8
37503 2
37523 47
37525 2
37540 47
37545 69
37547 2
37562 69
37699 206
37701 2
37743 2581
37745 2
37765 1308
37767 2
37779 36
37782 3
37784 2
37809 316
37811 2
37826 47
37828 2
37848 69
37850 2
37867 102
37870 3
37872 2
37911 102
37928 102
37931 3
37933 2
37950 102
37953 3
37955 2
37975 47
37977 2
38016 273
38046 69
38048 2
38063 47
38065 2
38077 102
38080 3
38104 339
38107 3
38109 2
38124 47
38126 2
38129 3
38131 2
38146 69
38151 47
38153 2
38195 69
38197 2
38253 102
38256 3
38258 2
38283 206
38285 2
38297 102
38322 69
38324 2
38344 47
38346 2
38366 69
38368 2
38476 983
38478 2
38490 339
38493 3
38495 2
38512 36
38515 3
38517 2
38534 339
38556 273
38578 102
38608 2581
38610 2
38622 339
38644 36
38669 47
38671 2
38710 102
38749 273
38752 3
38754 2
38771 102
38774 3
38776 2
38796 47
38798 2
38815 339
38840 69
38842 2
38862 47
38864 2
38881 273
38920 1155
38923 3
38925 2
38947 339
38967 47
38969 2
38989 69
38991 2
39126 206
39128 2
39148 2581
39150 2
39157 8842
39160 3
39165 8
39167 2
39184 36
39187 3
39189 2
39204 47
39206 2
39209 3
39211 2
39226 69
39231 47
39233 2
39250 102
39275 69
39277 2
39289 102
39292 3
39294 2
39319 69
39321 2
39333 102
39355 36
39377 102
39399 273
39407 8
39409 2
39443 36
39451 8
39453 2
39465 339
39490 47
39492 2
39509 102
39534 69
39536 2
39553 102
39578 69
39580 2
39600 47
39602 2
39622 69
39624 2
39653 53
39656 3
39661 8
39663 2
39688 2581
39690 2
39700 47
39722 69
39746 339
39749 3
39751 2
39776 15893
39778 2
39793 47
39795 2
39812 36
39878 102
39903 983
39905 2
39912 18044
39915 3
39920 8
39922 2
39959 47
39981 69
39983 2
39986 3
39988 2
40005 102
40008 3
40010 2
40027 339
40049 273
40066 273
40069 3
40071 2
40110 102
40115 339
40135 69
40137 2
40157 47
40159 2
40179 69
40181 2
40237 102
40240 3
40245 8
40247 2
40284 47
40286 2
40289 3
40291 2
40306 69
40308 2
40311 3
40313 2
40333 47
40335 2
40369 36
40372 3
40374 2
40391 102
40394 3
40396 2
40413 102
40435 102
40504 69
40506 2
40540 36
40543 3
40545 2
40587 47
40589 2
40609 69
40611 2
40628 339
40631 3
40633 2
40650 339
40653 3
40655 2
40672 339
40724 69
40726 2
40741 69
40743 2
40760 36
40763 3
40765 2
40790 47
40792 2
40807 47
40809 2
40821 97
40824 3
40865 102
40873 8
40875 2
40887 97
40892 102
40912 47
40914 2
40917 3
40919 2
40931 1155
40953 36
40975 102
40997 273
41005 8
41007 2
41019 102
41041 36
41107 102
41124 400
41127 3
41132 8
41134 2
41154 47
41156 2
41168 36
41193 69
41195 2
41198 3
41200 2
41212 339
41237 69
41239 2
41259 47
41261 2
41278 273
41300 102
41303 3
41305 2
41325 47
41327 2
41344 339
41369 69
41371 2
41391 47
41393 2
41413 69
41415 2
41449 36
41452 3
41454 2
41496 47
41498 2
41515 102
41537 339
41540 3
41542 2
41562 47
41564 2
41589 47
41591 2
41606 69
41608 2
41620 14892
41623 3
41628 8
41630 2
41667 47
41669 2
41672 3
41674 2
41689 69
41716 47
41718 2
41774 102
41777 3
41779 2
41804 983
41806 2
41818 102
41840 36
41857 53
41860 3
41904 47
41909 69
41911 2
41926 69
41967 339
41970 3
41972 2
42014 47
42016 2
42036 69
42038 2
42055 339
42058 3
42060 2
42077 273
42080 3
42082 2
42102 47
42104 2
42143 339
42190 47
42192 2
42212 69
42214 2
42217 3
42219 2
42226 36
42229 3
42231 2
42253 36
42256 3
42258 2
42270 53
42295 69
42297 2
42317 47
42322 69
42324 2
42339 69
42341 2
42366 69
42368 2
42388 47
42390 2
42402 36
42405 3
42407 2
42449 47
42451 2
42468 102
42493 2581
42495 2
42507 102
42510 3
42512 2
42537 69
42539 2
42554 47
42559 47
42561 2
42576 69
42578 2
42603 983
42605 2
42617 400
42620 3
42622 2
42664 47
42666 2
42686 69
42688 2
42727 339
42730 3
42732 2
42774 47
42776 2
42796 69
42798 2
42818 2581
42820 2
42840 983
42842 2
42854 36
42857 3
42859 2
42901 47
42903 2
42920 102
42967 47
42969 2
42989 69
42991 2
43047 273
43050 3
43052 2
43094 47
43096 2
43116 69
43118 2
43135 339
43138 3
43140 2
43157 339
43160 3
43162 2
43179 339
43248 69
43250 2
43284 36
43287 3
43289 2
43306 339
43309 3
43311 2
43328 339
43350 102
43372 1155
43402 2581
43404 2
43438 36
43468 2581
43470 2
43485 47
43487 2
43507 69
43509 2
43565 97
43568 3
43573 8
43575 2
43612 47
43614 2
43617 3
43619 2
43634 69
43636 2
43639 3
43641 2
43653 36
43656 3
43658 2
43700 47
43702 2
43719 102
43766 47
43768 2
43780 273
43783 3
43785 2
43807 339
43810 3
43812 2
43827 47
43829 2
43849 69
43851 2
43890 273
43893 3
43895 2
43920 69
43922 2
43937 47
43939 2
43959 69
43961 2
43978 339
43981 3
43983 2
44022 102
44047 69
44049 2
44061 102
44064 3
44066 2
44091 69
44093 2
44108 47
44110 2
44127 36
44157 47
44159 2
44174 47
44176 2
44196 69
44198 2
44223 47
44225 2
44289 983
44291 2
44311 983
44313 2
44347 36
44350 3
44352 2
44377 316
44379 2
44391 102
44408 97
44411 3
44452 102
44474 97
44479 102
44499 47
44501 2
44504 3
44506 2
44540 36
44570 69
44572 2
44584 273
44609 69
44611 2
44628 339
44653 69
44655 2
44672 102
44697 69
44699 2
44716 339
44741 69
44743 2
44755 102
44758 3
44760 2
44785 69
44787 2
44799 102
44816 10269
44819 3
44846 47
44848 2
44863 47
44865 2
44885 69
44909 339
44934 69
44936 2
44956 47
44958 2
44978 69
44980 2
45022 206
45024 2
45044 983
45046 2
45110 983
45112 2
45132 316
45134 2
45163 53
45166 3
45171 8
45173 2
45210 47
45232 69
45251 273
45254 3
45256 2
45298 47
45300 2
45320 69
45322 2
45347 47
45349 2
45361 339
45364 3
45366 2
45405 273
45430 69
45432 2
45452 47
45454 2
45471 339
45518 47
45520 2
45540 69
45542 2
45576 36
45579 3
45581 2
45623 47
45625 2
45642 102
45672 47
45674 2
45681 102
45684 3
45708 36
45728 47
45730 2
45733 3
45735 2
45747 400
45774 102
45794 47
45796 2
45813 273
45835 102
45838 3
45840 2
45857 339
45879 339
45931 2581
45933 2
45945 273
45962 339
45965 3
45970 8
45972 2
45984 53
45987 3
45989 2
46009 47
46014 69
46016 2
46033 102
46050 36
46080 47
46082 2
46097 47
46099 2
46119 69
46121 2
46182 102
46185 3
46187 2
46204 273
46207 3
46209 2
46229 47
46231 2
46270 339
46317 47
46319 2
46339 69
46341 2
46361 2581
46363 2
46375 36
46378 3
46380 2
46397 36
46400 3
46402 2
46422 47
46424 2
46441 102
46463 102
46488 47
46490 2
46515 6862
46517 2
46532 69
46534 2
46546 339
46549 3
46554 8
46556 2
46593 47
46595 2
46598 3
46600 2
46615 69
46678 339
46681 3
46683 2
46708 2581
46710 2
46725 47
46727 2
46744 36
46783 102
46786 3
46810 102
46830 47
46832 2
46835 3
46837 2
46852 69
46857 47
46859 2
46901 69
46903 2
46915 400
46918 3
46920 2
46945 983
46947 2
46959 102
46984 69
46986 2
47003 102
47011 8
47013 2
47028 69
47030 2
47042 97
47045 3
47072 69
47074 2
47089 47
47091 2
47094 3
47096 2
47111 69
47138 47
47140 2
47160 69
47162 2
47218 273
47221 3
47223 2
47248 206
47250 2
47262 102
47279 13531
47282 3
47309 47
47311 2
47314 3
47316 2
47326 47
47328 2
47348 69
47375 47
47377 2
47416 102
47419 3
47421 2
47455 36
47458 3
47460 2
47499 339
47524 69
47526 2
47546 47
47548 2
47551 3
47553 2
47568 69
47570 2
47626 102
47629 3
47631 2
47673 47
47675 2
47692 273
47722 47
47724 2
47739 47
47741 2
47761 69
47763 2
47788 47
47790 2
47920 8008
47922 2
47951 400
47954 3
47959 8
47961 2
47973 53
47976 3
47978 2
47998 47
48000 2
48003 3
48005 2
48017 97
48022 102
48039 36
48064 47
48066 2
48105 102
48122 400
48125 3
48130 8
48132 2
48152 47
48154 2
48169 47
48171 2
48191 69
48218 47
48220 2
48240 69
48242 2
48259 339
48298 339
48301 3
48303 2
48345 47
48347 2
48367 69
48369 2
48381 36
48384 3
48386 2
48425 273
48447 102
48472 47
48474 2
48477 3
48479 2
48516 69
48518 2
48557 339
48560 3
48562 2
48604 47
48606 2
48626 69
48628 2
48684 339
48687 3
48689 2
48728 102
48750 273
48775 47
48777 2
48780 3
48782 2
48819 69
48821 2
48868 47
48870 2
48882 102
48885 3
48887 2
48904 36
48907 3
48909 2
48929 47
48931 2
48970 102
48987 102
48990 3
48992 2
49009 102
49012 3
49014 2
49031 102
49053 273
49075 1155
49119 339
49141 273
49149 8
49151 2
49166 47
49168 2
49171 3
49173 2
49185 36
49210 69
49212 2
49232 47
49234 2
49251 102
49273 102
49276 3
49278 2
49298 47
49300 2
49342 69
49344 2
49400 102
49403 3
49405 2
49422 273
49425 3
49427 2
49447 47
49449 2
49461 36
49464 3
49466 2
49488 339
49508 47
49513 47
49515 2
49530 69
49532 2
49557 69
49559 2
49579 47
49581 2
49593 36
49596 3
49598 2
49623 2581
49625 2
49637 339
49662 69
49664 2
49684 47
49686 2
49706 69
49708 2
49725 102
49728 3
49730 2
49772 47
49774 2
49794 69
49796 2
49860 2581
49862 2
49874 102
49877 3
49879 2
49918 339
49943 69
49945 2
49965 47
49967 2
49987 69
49989 2
50089 102
50092 3
50094 2
50111 339
50114 3
50116 2
50136 47
50138 2
50180 69
50182 2
50199 339
50202 3
50204 2
50229 47
50231 2
50246 47
50248 2
50265 36
50312 47
50314 2
50331 102
50378 47
50380 2
50400 69
50402 2
50436 36
50439 3
50441 2
50480 102
50505 69
50507 2
50527 47
50529 2
50549 69
50551 2
50563 36
50566 3
50571 8
50573 2
50610 47
50612 2
50615 3
50617 2
50632 69
50634 2
50637 3
50639 2
50659 47
50661 2
50695 36
50698 3
50700 2
50742 47
50744 2
50761 102
50791 47
50793 2
50808 47
50810 2
50822 273
50825 3
50866 339
50874 8
50876 2
50891 69
50913 47
50915 2
50918 3
50920 2
50932 273
50940 8
50942 2
50979 47
50981 2
50998 339
51020 102
51023 3
51025 2
51042 102
51064 273
51130 339
51177 47
51179 2
51199 69
51201 2
51235 36
51238 3
51240 2
51257 339
51260 3
51262 2
51282 47
51284 2
51301 102
51326 69
51328 2
51348 47
51350 2
51370 69
51372 2
51406 36
51409 3
51411 2
51428 102
51431 3
51433 2
51453 47
51455 2
51497 69
51499 2
51516 339
51519 3
51521 2
51538 339
51541 3
51543 2
51563 47
51565 2
51607 69
51609 2
51687 339
51690 3
51692 2
51734 47
51736 2
51756 69
51758 2
51783 47
51785 2
51819 36
51822 3
51824 2
51849 983
51851 2
51866 47
51868 2
51888 69
51890 2
51951 102
51954 3
51956 2
51968 102
51971 3
51973 2
51998 47
52000 2
52015 47
52017 2
52034 36
52064 47
52066 2
52081 47
52083 2
52103 69
52105 2
52108 3
52110 2
52144 36
52147 3
52149 2
52166 102
52169 3
52171 2
52188 339
52210 102
52279 69
52281 2
52293 339
52296 3
52298 2
52315 36
52318 3
52320 2
52340 47
52342 2
52384 69
52386 2
52403 339
52406 3
52408 2
52433 47
52435 2
52447 339
52469 36
52494 47
52496 2
52535 102
52552 273
52555 3
52557 2
52582 47
52584 2
52596 102
52621 69
52623 2
52643 47
52645 2
52648 3
52650 2
52665 69
52667 2
52706 273
52709 3
52711 2
52750 102
52772 339
52789 356
52792 3
52794 2
52811 102
52814 3
52816 2
52836 47
52838 2
52855 273
52880 69
52882 2
52902 47
52904 2
52924 69
52926 2
52987 339
52990 3
52992 2
53034 47
53036 2
53056 69
53058 2
53070 36
53073 3
53075 2
53117 47
53119 2
53136 102
53158 102
53161 3
53163 2
53183 47
53185 2
53210 47
53212 2
53227 69
53229 2
53241 339
53244 3
53249 8
53251 2
53288 47
53290 2
53293 3
53295 2
53310 69
53337 47
53339 2
53351 102
53354 3
53356 2
53398 47
53400 2
53420 69
53422 2
53439 102
53442 3
53444 2
53483 273
53508 69
53510 2
53530 47
53532 2
53549 339
53596 47
53598 2
53618 69
53620 2
53654 36
53657 3
53659 2
53676 339
53679 3
53681 2
53698 102
53720 102
53750 69
53752 2
53772 983
53774 2
53786 36
53808 36
53811 3
53813 2
53825 53
53828 3
53830 2
53852 102
53872 47
53891 273
53913 102
53916 3
53918 2
53935 339
53943 8
53945 2
53957 339
53979 36
54023 273
54048 69
54050 2
54070 47
54072 2
54089 339
54111 339
54114 3
54116 2
54128 356
54131 3
54133 2
54175 47
54177 2
54197 69
54199 2
54282 339
54285 3
54287 2
54329 47
54331 2
54351 69
54353 2
54409 339
54412 3
54414 2
54431 102
54434 3
54436 2
54456 47
54458 2
54500 69
54502 2
54527 69
54529 2
54563 36
54566 3
54568 2
54610 47
54612 2
54629 102
54676 47
54678 2
54690 339
54693 3
54695 2
54737 47
54739 2
54759 69
54761 2
54778 102
54781 3
54783 2
54800 273
54803 3
54805 2
54825 47
54827 2
54866 339
54913 47
54915 2
54935 69
54937 2
54971 36
54974 3
54976 2
55018 47
55020 2
55037 102
55067 47
55069 2
55084 47
55086 2
55103 36
55150 47
55152 2
55169 102
55216 47
55218 2
55238 69
55240 2
55318 102
55321 3
55323 2
55365 47
55367 2
55387 69
55389 2
55406 339
55409 3
55411 2
55445 36
55448 3
55450 2
55475 69
55477 2
55492 47
55494 2
55514 69
55516 2
55541 47
55543 2
55555 339
55558 3
55560 2
55585 69
55587 2
55602 47
55604 2
55621 36
55643 102
55646 3
55648 2
55668 47
55670 2
55687 102
55712 69
55714 2
55726 339
55729 3
55731 2
55756 69
55758 2
55770 102
55792 36
55817 47
55819 2
55861 69
55863 2
55880 339
55883 3
55885 2
55910 47
55912 2
55924 339
55946 36
55971 47
55973 2
56012 102
56029 273
56032 3
56034 2
56051 339
56054 3
56056 2
56073 102
56095 339
56125 69
56127 2
56161 36
56169 8
56171 2
56183 273
56186 3
56188 2
56205 36
56213 8
56215 2
56227 102
56244 273
56247 3
56271 102
56291 47
56293 2
56313 69
56318 47
56320 2
56354 36
56357 3
56359 2
56398 273
56420 102
56437 12060
56440 3
56464 339
56484 47
56489 69
56491 2
56503 10831
56508 339
56533 69
56535 2
56550 47
56555 47
56557 2
56572 69
56574 2
56613 400
56616 3
56618 2
56635 102
56638 3
56640 2
56660 47
56662 2
56704 69
56706 2
56731 69
56733 2
56767 36
56770 3
56772 2
56814 47
56816 2
56833 102
56850 36
56853 3
56855 2
56880 47
56882 2
56894 339
56919 69
56921 2
56941 47
56943 2
56946 3
56948 2
56963 69
56965 2
57004 273
57007 3
57009 2
57021 102
57024 3
57026 2
57048 102
57068 47
57090 69
57092 2
57117 69
57119 2
57131 400
57134 3
57136 2
57161 69
57163 2
57178 47
57180 2
57197 36
57244 47
57246 2
57263 102
57285 339
57288 3
57290 2
57310 47
57312 2
57354 69
57356 2
57368 1155
57371 3
57373 2
57412 102
57434 273
57459 47
57461 2
57464 3
57466 2
57486 983
57488 2
57503 69
57505 2
57522 36
57525 3
57527 2
57566 102
57588 102
57605 102
57608 3
57610 2
57649 339
57674 69
57676 2
57693 339
57701 8
57703 2
57718 69
57720 2
57740 47
57742 2
57759 273
57806 47
57808 2
57825 339
57872 47
57874 2
57894 69
57896 2
57930 36
57933 3
57935 2
57977 47
57979 2
57996 102
58040 339
58065 69
58067 2
58070 3
58072 2
58087 47
58089 2
58092 3
58094 2
58106 36
58128 36
58131 3
58133 2
58153 47
58155 2
58172 102
58194 102
58211 339
58214 3
58216 2
58255 102
58280 69
58282 2
58302 47
58304 2
58324 69
58326 2
58343 273
58346 3
58348 2
58365 273
58368 3
58370 2
58390 47
58392 2
58409 339
58431 339
58456 47
58458 2
58500 69
58502 2
58536 36
58539 3
58541 2
58558 102
58561 3
58563 2
58583 47
58585 2
58602 102
58627 69
58629 2
58649 47
58651 2
58671 69
58673 2
58795 339
58798 3
58800 2
58825 2581
58827 2
58839 339
58861 36
58886 47
58888 2
58891 3
58893 2
58930 69
58932 2
58993 102
58996 3
58998 2
59010 339
59013 3
59015 2
59040 47
59042 2
59057 47
59059 2
59076 36
59106 47
59108 2
59123 47
59125 2
59145 69
59147 2
59150 3
59152 2
59172 47
59174 2
59186 36
59189 3
59191 2
59230 339
59252 102
59274 102
59313 273
59316 3
59318 2
59335 339
59338 3
59340 2
59360 47
59362 2
59404 69
59406 2
59423 273
59426 3
59428 2
59453 47
59455 2
59470 47
59472 2
59484 339
59487 3
59511 339
59514 3
59516 2
59531 47
59533 2
59536 3
59538 2
59553 69
59558 47
59560 2
59594 36
59597 3
59599 2
59616 102
59619 3
59621 2
59638 102
59660 102
59712 2581
59714 2
59721 102
59724 3
59734 13
59736 2
59748 36
59751 3
59753 2
59768 47
59790 69
59795 47
59797 2
59814 102
59836 102
59839 3
59841 2
59861 47
59863 2
59905 69
59907 2
59927 206
59929 2
59949 2581
59951 2
60029 102
60032 3
60034 2
60073 339
60098 69
60100 2
60120 47
60122 2
60142 69
60144 2
60156 36
60159 3
60161 2
60186 2581
60188 2
60203 47
60205 2
60225 69
60227 2
60252 47
60254 2
60266 339
60269 3
60271 2
60313 47
60315 2
60335 69
60337 2
60354 102
60357 3
60359 2
60401 47
60403 2
60423 69
60425 2
60467 983
60469 2
60481 339
60484 3
60486 2
60511 2581
60513 2
60528 47
60530 2
60547 36
60569 102
60572 3
60574 2
60591 339
60613 102
60665 7424
60667 2
60682 69
60684 2
60701 36
60748 47
60750 2
60767 102
60806 339
60809 3
60811 2
60853 47
60855 2
60875 69
60877 2
60938 273
60941 3
60943 2
60985 47
60987 2
61004 339
61029 1308
61031 2
61043 102
61046 3
61048 2
61073 69
61075 2
61090 47
61092 2
61109 36
61131 102
61134 3
61136 2
61156 47
61158 2
61175 102
61200 69
61202 2
61222 47
61224 2
61244 69
61246 2
61363 273
61366 3
61371 8
61373 2
61410 47
61432 69
61434 2
61437 3
61439 2
61451 13531
61454 3
61456 2
61481 47
61483 2
61498 47
61500 2
61520 69
61522 2
61547 47
61549 2
61561 339
61564 3
61566 2
61608 47
61610 2
61630 69
61632 2
61649 102
61652 3
61654 2
61696 47
61698 2
61718 69
61720 2
61776 339
61779 3
61781 2
61798 102
61801 3
61803 2
61823 47
61825 2
61867 69
61869 2
61886 339
61889 3
61891 2
61933 47
61935 2
61955 69
61957 2
62065 2581
62067 2
62101 36
62104 3
62106 2
62148 47
62150 2
62167 102
62214 47
62216 2
62236 69
62238 2
62294 339
62297 3
62299 2
62316 102
62319 3
62321 2
62341 47
62343 2
62385 69
62387 2
62404 339
62407 3
62409 2
62451 47
62453 2
62465 400
62468 3
62470 2
62512 47
62514 2
62534 69
62536 2
62561 47
62563 2
62575 339
62578 3
62580 2
62597 36
62600 3
62602 2
62622 47
62624 2
62663 102
62693 69
62695 2
62710 47
62712 2
62715 3
62717 2
62729 36
62751 36
62754 3
62756 2
62768 53
62771 3
62773 2
62795 102
62815 47
62834 273
62856 102
62859 3
62861 2
62881 47
62883 2
62886 3
62888 2
62900 339
62922 36
62947 47
62949 2
62966 273
62991 69
62993 2
63005 29731
63008 3
63010 2
63032 339
63052 47
63057 47
63059 2
63071 356
63101 69
63103 2
63115 400
63123 8
63125 2
63137 36
63145 8
63147 2
63162 47
63164 2
63167 3
63169 2
63181 36
63189 8
63191 2
63206 69
63208 2
63228 47
63230 2
63247 102
63269 102
63272 3
63274 2
63291 102
63360 69
63362 2
63418 273
63421 3
63423 2
63448 983
63450 2
63465 47
63467 2
63487 69
63489 2
63506 339
63509 3
63511 2
63528 339
63531 3
63533 2
63550 102
63619 69
63621 2
63646 983
63648 2
63655 36
63658 3
63660 2
63682 36
63685 3
63687 2
63702 47
63704 2
63724 69
63726 2
63743 97
63746 3
63790 47
63792 2
63812 69
63814 2
63914 102
63917 3
63922 8
63924 2
63944 2581
63946 2
63961 47
63963 2
63966 3
63968 2
63980 36
63985 339
64010 47
64012 2
64027 47
64029 2
64049 69
64051 2
64068 102
64071 3
64073 2
64112 102
64137 69
64139 2
64159 47
64161 2
64181 69
64183 2
64305 339
64308 3
64310 2
64349 339
64374 69
64376 2
64396 47
64398 2
64418 69
64420 2
64682 2581
64684 2
64691 273
64694 3
64696 2
64713 339
64716 3
64721 8
64723 2
64738 47
64740 2
64765 69
64767 2
64779 97
64784 102
64809 69
64811 2
64823 102
64845 36
64867 102
64906 97
64909 3
64928 30315
64931 3
64933 2
64953 47
64980 47
64982 2
64994 273
65016 36
65019 3
65024 8
65026 2
65041 47
65043 2
65085 69
65087 2
65104 339
65107 3
65109 2
65126 102
65129 3
65131 2
65148 339
65187 102
65190 3
65192 2
65217 69
65219 2
65231 102
65256 69
65258 2
65278 47
65280 2
65283 3
65285 2
65297 273
65344 47
65346 2
65363 339
65371 8
65373 2
65385 102
65388 3
65390 2
65407 36
65473 102
65520 47
65522 2
65542 69
65544 2
65578 36
65581 3
65583 2
65625 47
65627 2
65647 69
65649 2
65705 1023
65708 3
65713 8
65715 2
65740 23883
65742 2
65752 47
65754 2
65757 3
65759 2
65771 400
65776 36
65801 47
65803 2
65818 47
65820 2
65840 69
65845 69
65847 2
65867 47
65869 2
65947 102
65950 3
65952 2
65969 102
65972 3
65974 2
65994 47
65996 2
66008 36
66011 3
66038 69
66040 2
66055 47
66057 2
66060 3
66062 2
66077 69
66104 47
66106 2
66118 273
66121 3
66123 2
66162 102
66184 339
66209 47
66211 2
66253 69
66255 2
66355 102
66358 3
66360 2
66399 339
66424 69
66426 2
66443 339
66451 8
66453 2
66468 69
66470 2
66487 36
66512 69
66514 2
66534 47
66536 2
66553 102
66592 339
66595 3
66597 2
66614 102
66617 3
66619 2
66636 102
66705 69
66707 2
66710 3
66712 2
66724 273
66727 3
66729 2
66746 36
66749 3
66751 2
66771 47
66773 2
66790 339
66812 102
66829 102
66832 3
66834 2
66876 47
66878 2
66895 1155
66925 47
66927 2
66942 47
66944 2
66961 36
66969 8
66971 2
66983 273
66986 3
66988 2
67005 36
67027 102
67049 339
67071 102
67140 69
67142 2
67176 36
67179 3
67181 2
67198 273
67201 3
67203 2
67223 47
67225 2
67264 339
67308 339
67333 69
67335 2
67355 47
67357 2
67377 69
67379 2
67391 36
67394 3
67396 2
67435 102
67457 102
67482 47
67484 2
67509 2581
67511 2
67526 69
67528 2
67545 36
67548 3
67550 2
67592 47
67594 2
67611 102
67658 47
67660 2
67672 339
67675 3
67677 2
67716 339
67741 69
67743 2
67760 102
67782 273
67807 47
67809 2
67848 339
67895 47
67897 2
67917 69
67919 2
67953 36
67956 3
67958 2
68000 47
68002 2
68019 102
68049 47
68051 2
68066 47
68068 2
68085 36
68093 8
68095 2
68115 47
68117 2
68129 36
68154 69
68156 2
68176 47
68178 2
68195 102
68217 102
68220 3
68222 2
68234 339
68237 3
68239 2
68278 102
68303 69
68305 2
68325 47
68327 2
68330 3
68332 2
68347 69
68349 2
68454 339
68457 3
68459 2
68471 356
68474 3
68476 2
68501 47
68503 2
68518 47
68520 2
68537 36
68567 47
68569 2
68584 47
68586 2
68606 69
68608 2
68611 3
68613 2
68633 47
68635 2
68647 36
68650 3
68652 2
68694 47
68696 2
68713 102
68735 102
68738 3
68740 2
68752 102
68755 3
68757 2
68799 47
68801 2
68821 69
68823 2
68848 47
68850 2
68892 69
68894 2
68914 9193
68916 2
68928 36
68931 3
68933 2
68958 206
68960 2
68972 339
68997 69
68999 2
69016 102
69041 69
69043 2
69055 97
69058 3
69085 69
69087 2
69099 102
69107 8
69109 2
69124 69
69126 2
69129 3
69131 2
69146 47
69148 2
69151 3
69153 2
69168 69
69170 2
69209 102
69212 3
69214 2
69239 69
69241 2
69256 47
69258 2
69275 36
69297 339
69300 3
69302 2
69322 47
69324 2
69341 102
69366 69
69368 2
69388 47
69390 2
69446 339
69449 3
69451 2
69476 2581
69478 2
69493 47
69495 2
69515 69
69517 2
69608 2581
69610 2
69617 102
69620 3
69622 2
69644 36
69647 3
69649 2
69664 47
69666 2
69683 36
69710 102
69727 339
69752 69
69754 2
69774 47
69776 2
69796 69
69798 2
69810 36
69813 3
69818 8
69820 2
69857 47
69859 2
69862 3
69864 2
69879 69
69906 47
69908 2
69928 69
69930 2
69942 36
69945 3
69950 8
69952 2
69972 2581
69974 2
69989 47
69991 2
69994 3
69996 2
70011 69
70013 2
70052 102
70055 3
70057 2
70074 102
70077 3
70079 2
70096 102
70165 69
70167 2
70223 273
70226 3
70228 2
70253 2581
70255 2
70270 47
70272 2
70292 69
70294 2
70311 339
70314 3
70316 2
70333 339
70336 3
70338 2
70355 102
70424 69
70426 2
70460 36
70463 3
70465 2
70504 339
70529 69
70531 2
70551 47
70553 2
70573 69
70575 2
70592 339
70595 3
70597 2
70639 47
70641 2
70661 69
70663 2
70741 102
70744 3
70746 2
70788 47
70790 2
70810 69
70812 2
70837 47
70839 2
70873 36
70876 3
70878 2
70920 47
70922 2
70939 102
70956 36
70959 3
70961 2
70986 47
70988 2
71000 339
71025 69
71027 2
71047 47
71049 2
71069 69
71071 2
71088 102
71091 3
71093 2
71110 273
71113 3
71115 2
71135 47
71137 2
71176 339
71223 47
71225 2
71245 69
71247 2
71281 36
71284 3
71286 2
71328 47
71330 2
71347 102
71377 47
71379 2
71394 47
71396 2
71413 36
71421 8
71423 2
71452 339
71455 3
71479 102
71499 47
71501 2
71504 3
71506 2
71521 69
71526 47
71528 2
71540 36
71543 3
71545 2
71570 69
71572 2
71584 339
71609 69
71611 2
71628 102
71650 273
71672 102
71694 273
71702 8
71704 2
71711 102
71714 3
71738 36
71755 53
71760 339
71780 69
71782 2
71802 47
71821 400
71851 69
71853 2
71865 339
71873 8
71875 2
71887 36
71895 8
71897 2
71912 47
71914 2
71931 36
71953 102
71978 47
71980 2
71997 102
72022 69
72024 2
72041 339
72066 69
72068 2
72080 102
72083 3
72085 2
72110 69
72112 2
72127 47
72129 2
72149 69
72151 2
72176 47
72178 2
72190 339
72193 3
72195 2
72220 69
72222 2
72234 339
72256 36
72278 102
72322 102
72339 273
72342 3
72344 2
72361 339
72364 3
72366 2
72383 273
72405 339
72474 69
72476 2
72479 3
72481 2
72493 273
72496 3
72498 2
72540 47
72542 2
72559 339
72581 102
72584 3
72586 2
72598 102
72601 3
72603 2
72642 102
72667 69
72669 2
72686 102
72711 69
72713 2
72733 47
72735 2
72752 273
72799 47
72801 2
72818 339
72826 8
72828 2
72862 36
72887 69
72889 2
72901 102
72904 3
72906 2
72928 102
72948 47
72950 2
72970 69
72972 2
72989 102
72992 3
72994 2
73036 47
73038 2
73058 69
73060 2
73099 273
73102 3
73104 2
73146 47
73148 2
73165 339
73204 102
73207 3
73209 2
73234 69
73236 2
73248 102
73270 36
73295 47
73297 2
73300 3
73302 2
73339 69
73341 2
73353 53
73356 3
73358 2
73400 47
73405 47
73407 2
73419 273
73466 47
73468 2
73471 3
73473 2
73485 339
73493 8
73495 2
73515 47
73517 2
73529 36
73551 36
73576 47
73578 2
73595 102
73603 8
73605 2
73617 102
73642 47
73644 2
73686 69
73688 2
73705 102
73708 3
73710 2
73722 36
73725 3
73727 2
73752 47
73754 2
73766 273
73791 69
73793 2
73813 47
73815 2
73818 3
73820 2
73832 339
73876 273
73901 69
73903 2
73920 102
73937 36
73940 3
73967 47
73969 2
73984 47
73986 2
74006 69
74008 2
74011 3
74013 2
74069 102
74072 3
74074 2
74099 9193
74101 2
74113 102
74130 339
74133 3
74157 339
74177 47
74179 2
74199 69
74204 47
74206 2
74218 400
74221 3
74223 2
74248 69
74250 2
74265 47
74267 2
74287 69
74289 2
74314 47
74316 2
74358 69
74360 2
74372 273
74375 3
74377 2
74394 36
74397 3
74399 2
74416 102
74433 36
74436 3
74460 102
74480 47
74482 2
74502 69
74504 2
74521 273
74524 3
74526 2
74543 339
74546 3
74548 2
74568 47
74570 2
74612 69
74614 2
74631 273
74634 3
74636 2
74653 339
74656 3
74658 2
74678 47
74680 2
74697 339
74722 69
74724 2
74744 47
74746 2
74766 69
74768 2
74802 36
74805 3
74807 2
74824 102
74827 3
74829 2
74846 102
74868 102
74937 69
74939 2
75061 339
75064 3
75066 2
75083 339
75086 3
75088 2
75105 339
75157 69
75159 2
75174 69
75176 2
75188 102
75191 3
75196 8
75198 2
75235 47
75237 2
75240 3
75242 2
75257 69
75284 47
75286 2
75298 102
75301 3
75303 2
75320 36
75323 3
75325 2
75342 102
75386 102
75411 69
75413 2
75430 273
75455 69
75457 2
75477 47
75479 2
75496 339
75535 339
75538 3
75540 2
75565 69
75567 2
75582 47
75584 2
75601 36
75623 339
75626 3
75628 2
75648 47
75650 2
75667 102
75692 69
75694 2
75706 12060
75709 3
75711 2
75736 69
75738 2
75753 47
75755 2
75772 36
75802 47
75804 2
75816 339
75841 69
75843 2
75846 3
75848 2
75863 47
75865 2
75868 3
75870 2
75882 36
75929 47
75931 2
75948 102
75956 8
75958 2
75970 102
75973 3
75975 2
75992 36
76053 97
76056 3
76100 47
76102 2
76105 3
76107 2
76119 273
76127 8
76129 2
76149 47
76151 2
76163 36
76188 69
76190 2
76193 3
76195 2
76210 47
76212 2
76215 3
76217 2
76232 69
76234 2
76317 102
76320 3
76322 2
76334 102
76337 3
76339 2
76364 47
76366 2
76378 273
76403 69
76405 2
76425 47
76427 2
76430 3
76432 2
76444 339
76491 47
76493 2
76513 69
76515 2
76554 339
76557 3
76559 2
76601 47
76603 2
76623 69
76625 2
76689 983
76691 2
76711 2581
76713 2
76747 36
76750 3
76752 2
76769 339
76772 3
76774 2
76791 102
76813 102
76882 69
76884 2
76918 36
76921 3
76923 2
76940 339
76943 3
76945 2
76965 47
76967 2
77009 69
77011 2
77028 339
77031 3
77033 2
77050 339
77053 3
77055 2
77075 47
77077 2
77119 69
77121 2
77133 102
77136 3
77138 2
77180 47
77182 2
77202 69
77204 2
77229 47
77231 2
77265 36
77268 3
77270 2
77312 47
77314 2
77331 102
77378 47
77380 2
77400 69
77402 2
77436 36
77439 3
77441 2
77458 339
77461 3
77463 2
77480 102
77532 69
77534 2
77549 69
77551 2
77554 3
77556 2
77590 36
77593 3
77595 2
77620 69
77622 2
77634 102
77659 69
77661 2
77681 47
77683 2
77703 69
77705 2
77722 102
77725 3
77727 2
77783 102
77786 3
77788 2
77830 47
77832 2
77852 69
77854 2
77871 339
77874 3
77876 2
77918 47
77920 2
77940 69
77942 2
77959 339
77962 3
77964 2
78006 47
78008 2
78028 69
78030 2
78108 102
78111 3
78113 2
78130 102
78133 3
78135 2
78155 47
78157 2
78199 69
78201 2
78270 69
78272 2
78287 2581
78289 2
78306 36
78309 3
78311 2
78372 102
78389 102
78392 3
78394 2
78411 102
78414 3
78416 2
78436 47
78438 2
78480 69
78482 2
78507 69
78509 2
78604 97
78607 3
78612 8
78614 2
78634 2581
78636 2
78651 47
78653 2
78656 3
78658 2
78673 69
78675 2
78678 3
78680 2
78692 36
78695 3
78697 2
78736 102
78758 102
78783 47
78785 2
78797 102
78800 3
78802 2
78827 69
78829 2
78844 47
78849 47
78851 2
78866 69
78868 2
78937 69
78939 2
78959 2581
78961 2
79017 339
79020 3
79022 2
79039 102
79042 3
79044 2
79061 102
79100 273
79103 3
79105 2
79130 69
79132 2
79144 102
79169 69
79171 2
79188 339
79196 8
79198 2
79210 273
79235 47
79237 2
79276 339
79323 47
79325 2
79345 69
79347 2
79403 273
79406 3
79408 2
79447 102
79472 69
79474 2
79494 47
79496 2
79516 69
79518 2
79535 339
79538 3
79540 2
79582 47
79584 2
79604 69
79606 2
79706 102
79709 3
79711 2
79753 47
79755 2
79775 69
79777 2
79802 47
79804 2
79838 36
79841 3
79843 2
79885 47
79887 2
79899 97
79902 3
79946 47
79948 2
79951 3
79953 2
79968 69
79970 2
79973 3
79975 2
79995 47
79997 2
80009 36
80012 3
80014 2
80031 36
80034 3
80036 2
80053 102
80097 102
80122 69
80124 2
80136 102
80139 3
80166 69
80168 2
80180 339
80188 8
80190 2
80205 69
80207 2
80210 3
80212 2
80227 47
80229 2
80232 3
80234 2
80249 69
80251 2
80342 206
80344 2
80378 36
80381 3
80383 2
80408 1308
80410 2
80417 36
80420 3
80422 2
80447 69
80449 2
80464 47
80466 2
80486 69
80488 2
80510 102
80527 339
80530 3
80532 2
80571 339
80596 69
80598 2
80610 400
80613 3
80640 69
80642 2
80654 273
80662 8
80664 2
80676 36
80684 8
80686 2
80701 47
80703 2
80706 3
80708 2
80745 69
80750 47
80752 2
80772 69
80774 2
80816 206
80818 2
80860 206
80862 2
80874 102
80877 3
80879 2
80891 483
80894 3
80899 8
80901 2
80918 102
80938 47
80940 2
80960 69
80965 47
80967 2
81009 69
81011 2
81067 102
81070 3
81072 2
81097 206
81099 2
81114 47
81116 2
81136 69
81138 2
81155 339
81158 3
81160 2
81202 47
81204 2
81224 69
81226 2
81282 273
81285 3
81287 2
81326 102
81348 339
81370 273
81400 983
81402 2
81439 69
81441 2
81502 102
81505 3
81507 2
81549 47
81551 2
81571 69
81573 2
81585 36
81588 3
81590 2
81632 47
81634 2
81651 102
81698 47
81700 2
81720 69
81722 2
81739 339
81742 3
81744 2
81786 47
81788 2
81808 69
81810 2
81874 983
81876 2
81918 1308
81920 2
81954 36
81957 3
81959 2
81976 102
81979 3
81981 2
82001 47
82003 2
82020 102
82045 69
82047 2
82067 47
82069 2
82089 69
82091 2
82169 102
82172 3
82174 2
82199 1308
82201 2
82213 339
82235 36
82257 339
82287 2581
82289 2
82301 102
82323 36
82348 47
82350 2
82362 273
82365 3
82367 2
82389 102
82406 339
82428 339
82450 102
82472 273
82511 339
82514 3
82516 2
82538 339
82558 47
82563 47
82565 2
82580 69
82582 2
82607 69
82609 2
82621 273
82624 3
82651 69
82653 2
82665 102
82673 8
82675 2
82690 69
82692 2
82695 3
82697 2
82712 47
82714 2
82731 36
82753 102
82756 3
82758 2
82775 102
82797 102
82836 273
82839 3
82841 2
82858 102
82861 3
82863 2
82880 273
82902 339
82924 273
82968 273
82976 8
82978 2
82990 339
83015 47
83017 2
83020 3
83022 2
83034 339
83056 36
83078 102
83122 102
83139 13531
83142 3
83144 2
83169 47
83171 2
83186 47
83188 2
83205 36
83249 273
83271 102
83279 8
83281 2
83293 273
83301 8
83303 2
83323 9193
83325 2
83337 36
83362 69
83364 2
83381 102
83403 102
83425 102
83464 102
83467 3
83469 2
83508 339
83533 69
83535 2
83552 273
83560 8
83562 2
83574 273
83599 47
83601 2
83618 339
83640 339
83665 47
83667 2
83709 69
83711 2
83723 400
83726 3
83728 2
83745 36
83748 3
83750 2
83767 102
83811 102
83833 273
83858 47
83860 2
83885 983
83887 2
83894 36
83897 3
83916 356
83919 3
83924 8
83926 2
83941 47
83943 2
83946 3
83948 2
83985 69
83990 47
83992 2
84004 339
84007 3
84009 2
84051 47
84053 2
84073 69
84075 2
84092 102
84095 3
84097 2
84139 47
84141 2
84158 273
84205 47
84207 2
84219 273
84222 3
84266 47
84268 2
84271 3
84273 2
84288 69
84290 2
84293 3
84295 2
84315 47
84317 2
84351 36
84354 3
84356 2
84373 102
84376 3
84378 2
84395 102
84417 102
84469 39653
84471 2
84486 69
84488 2
84500 14892
84503 3
84508 8
84510 2
84547 47
84549 2
84552 3
84554 2
84569 69
84596 47
84598 2
84618 69
84620 2
84698 102
84701 3
84703 2
84720 102
84723 3
84725 2
84737 36
84740 3
84781 273
84803 102
84808 339
84828 47
84830 2
84833 3
84835 2
84847 339
84872 69
84874 2
84894 47
84896 2
84916 69
84918 2
84957 339
84960 3
84962 2
85004 47
85006 2
85026 69
85028 2
85092 2581
85094 2
85172 339
85175 3
85177 2
85194 102
85197 3
85199 2
85219 47
85221 2
85263 69
85265 2
85290 69
85292 2
85321 102
85324 3
85329 8
85331 2
85368 47
85370 2
85373 3
85375 2
85387 97
85392 102
85409 36
85412 3
85414 2
85434 47
85436 2
85475 102
85522 47
85524 2
85544 69
85546 2
85563 273
85566 3
85568 2
85580 36
85583 3
85585 2
85610 47
85612 2
85627 47
85649 69
85651 2
85690 400
85693 3
85695 2
85737 47
85739 2
85759 69
85761 2
85817 273
85820 3
85822 2
85852 2581
85854 2
85864 47
85866 2
85886 69
85891 69
85893 2
85913 47
85915 2
85927 36
85930 3
85932 2
85954 102
85957 3
85959 2
85974 47
85976 2
85996 69
85998 2
86015 102
86018 3
86020 2
86059 102
86084 69
86086 2
86106 47
86108 2
86125 273
86142 36
86145 3
86147 2
86164 273
86167 3
86169 2
86189 47
86233 69
86235 2
86282 47
86284 2
86296 339
86299 3
86301 2
86318 36
86321 3
86323 2
86343 47
86345 2
86384 102
86401 102
86404 3
86406 2
86431 47
86433 2
86448 47
86450 2
86467 36
86514 47
86516 2
86533 102
86541 8
86543 2
86555 273
86558 3
86560 2
86577 36
86621 339
86643 102
86668 47
86670 2
86712 69
86714 2
86748 36
86751 3
86753 2
86795 47
86797 2
86817 69
86819 2
86844 47
86846 2
86910 983
86912 2
86919 102
86922 3
86924 2
86963 53
86985 273
87010 47
87051 339
87059 8
87061 2
87081 2581
87083 2
87095 36
87103 8
87105 2
87120 69
87122 2
87139 36
87161 102
87178 97
87181 3
87205 102
87222 102
87244 400
87249 339
87266 356
87296 47
87298 2
87310 400
87335 69
87337 2
87340 3
87342 2
87354 273
87379 69
87381 2
87401 47
87403 2
87420 339
87467 47
87469 2
87489 69
87491 2
87525 36
87528 3
87530 2
87572 47
87574 2
87591 102
87613 273
87616 3
87618 2
87635 339
87665 47
87667 2
87679 339
87701 36
87726 47
87728 2
87767 102
87806 339
87809 3
87811 2
87836 69
87838 2
87853 47
87855 2
87872 36
87919 47
87921 2
87941 69
87943 2
87977 36
87980 3
87982 2
88004 339
88007 3
88009 2
88024 47
88026 2
88046 69
88048 2
88117 69
88119 2
88153 36
88156 3
88158 2
88175 339
88178 3
88180 2
88200 47
88202 2
88219 102
88244 69
88246 2
88266 47
88268 2
88288 69
88290 2
88324 36
88327 3
88329 2
88368 102
88393 69
88395 2
88415 47
88417 2
88420 3
88422 2
88437 69
88439 2
88522 102
88525 3
88527 2
88552 1308
88554 2
88569 47
88571 2
88583 339
88586 3
88630 47
88632 2
88635 3
88637 2
88649 97
88654 102
88679 47
88681 2
88693 273
88715 36
88737 102
88759 339
88767 8
88769 2
88781 102
88798 273
88801 3
88825 273
88842 273
88867 69
88872 47
88874 2
88889 47
88894 69
88896 2
88911 69
88913 2
88916 3
88918 2
88930 36
88933 3
88935 2
88977 47
88979 2
88996 102
89026 47
89028 2
89040 273
89057 3205
89060 3
89087 47
89089 2
89101 10831
89106 339
89126 69
89145 273
89170 69
89172 2
89192 47
89194 2
89197 3
89199 2
89211 339
89255 339
89280 69
89282 2
89302 47
89304 2
89324 69
89326 2
89365 339
89368 3
89370 2
89412 47
89414 2
89434 69
89436 2
89448 36
89451 3
89453 2
89495 47
89497 2
89514 102
89561 47
89563 2
89583 69
89585 2
89751 339
89754 3
89756 2
89773 339
89776 3
89778 2
89798 47
89800 2
89842 69
89844 2
89944 102
89947 3
89949 2
89991 47
89993 2
90013 69
90015 2
90128 983
90130 2
90164 36
90167 3
90169 2
90203 36
90206 3
90208 2
90225 97
90228 3
90250 47
90252 2
90269 102
90294 69
90296 2
90316 47
90318 2
90338 69
90340 2
90401 273
90404 3
90406 2
90418 102
90421 3
90423 2
90448 47
90450 2
90465 47
90487 69
90489 2
90528 400
90531 3
90533 2
90550 102
90553 3
90555 2
90575 47
90577 2
90619 69
90621 2
90646 69
90648 2
90668 47
90670 2
90682 36
90685 3
90687 2
90699 53
90702 3
90707 8
90709 2
90729 47
90731 2
90746 47
90751 69
90753 2
90768 69
90809 102
90812 3
90814 2
90831 102
90834 3
90836 2
90853 102
90919 273
90936 102
90939 3
90944 8
90946 2
90966 47
90968 2
90971 3
90973 2
90983 47
90988 69
90990 2
91005 69
91073 102
91076 3
91078 2
91112 36
91115 3
91117 2
91159 47
91161 2
91178 102
91195 36
91198 3
91200 2
91225 47
91227 2
91242 47
91264 69
91266 2
91305 339
91308 3
91335 69
91337 2
91349 273
91357 8
91359 2
91374 69
91376 2
91393 36
91415 339
91437 102
91459 102
91467 8
91469 2
91503 36
91520 53
91523 3
91525 2
91550 47
91552 2
91567 47
91586 36
91608 273
91611 3
91613 2
91630 273
91652 102
91674 339
91696 339
91735 400
91738 3
91748 13
91750 2
91765 69
91767 2
91770 3
91772 2
91782 47
91804 69
91845 97
91848 3
91853 8
91855 2
91872 102
91875 3
91877 2
91892 47
91894 2
91897 3
91899 2
91911 36
91933 36
91936 3
91938 2
91955 102
91977 102
91999 102
92021 273
92043 273
92073 9193
92075 2
92087 339
92112 69
92114 2
92134 47
92136 2
92156 69
92158 2
92175 102
92222 47
92224 2
92288 983
92290 2
92319 97
92322 3
92327 8
92329 2
92341 53
92344 3
92349 8
92351 2
92363 36
92371 8
92373 2
92390 102
92393 3
92395 2
92412 339
92415 3
92417 2
92432 69
92434 2
92517 102
92520 3
92522 2
92547 206
92549 2
92564 47
92566 2
92578 356
92581 3
92625 47
92647 69
92710 339
92713 3
92715 2
92732 339
92735 3
92737 2
92754 339
92820 273
92850 2581
92852 2
92859 339
92862 3
92864 2
92889 69
92891 2
92906 47
92908 2
92928 69
92930 2
92952 102
92991 102
92994 3
92996 2
93021 69
93023 2
93038 47
93040 2
93057 36
93104 47
93106 2
93126 69
93128 2
93189 339
93192 3
93194 2
93236 47
93238 2
93250 400
93253 3
93255 2
93272 36
93275 3
93277 2
93297 47
93299 2
93338 102
93355 102
93358 3
93363 8
93365 2
93385 47
93387 2
93402 47
93404 2
93424 69
93426 2
93429 3
93431 2
93451 47
93453 2
93495 69
93497 2
93509 273
93512 3
93514 2
93553 102
93575 339
93597 102
93605 8
93607 2
93627 1308
93629 2
93641 36
93663 36
93680 53
93683 3
93685 2
93707 102
93727 47
93749 69
93751 2
93790 339
93793 3
93795 2
93820 69
93822 2
93834 339
93856 36
93878 273
93900 273
93908 8
93910 2
93917 97
93920 3
93964 47
93969 69
93971 2
93983 356
93991 8
93993 2
94010 102
94013 3
94015 2
94030 47
94032 2
94035 3
94037 2
94049 36
94096 47
94098 2
94115 102
94137 102
94140 3
94142 2
94159 339
94181 273
94198 102
94201 3
94203 2
94245 47
94267 69
94269 2
94286 273
94289 3
94291 2
94330 339
94352 339
94374 339
94382 8
94384 2
94404 206
94406 2
94418 36
94440 36
94448 8
94450 2
94465 47
94467 2
94470 3
94472 2
94509 69
94511 2
94523 53
94526 3
94528 2
94550 102
94553 3
94555 2
94570 47
94575 47
94577 2
94589 36
94619 69
94621 2
94636 47
94638 2
94641 3
94643 2
94658 69
94660 2
94685 47
94687 2
94795 206
94797 2
94809 339
94812 3
94814 2
94831 36
94834 3
94836 2
94856 47
94858 2
94897 102
94922 2581
94924 2
94936 102
94939 3
94941 2
94980 339
95005 69
95007 2
95027 47
95029 2
95049 69
95051 2
95068 273
95071 3
95073 2
95115 47
95117 2
95134 339
95159 2581
95161 2
95203 69
95205 2
95217 102
95220 3
95222 2
95239 36
95242 3
95244 2
95264 47
95266 2
95305 102
95352 47
95354 2
95374 69
95376 2
95432 273
95435 3
95437 2
95479 47
95481 2
95498 339
95528 47
95530 2
95542 339
95564 36
95589 47
95591 2
95616 3038
95618 2
95630 102
95647 273
95650 3
95655 8
95657 2
95669 53
95672 3
95674 2
95694 47
95696 2
95718 102
95738 69
95740 2
95757 102
95760 3
95762 2
95801 273
95826 69
95828 2
95848 47
95850 2
95867 339
95889 273
95892 3
95894 2
95914 47
95916 2
95955 339
95972 356
95975 3
95977 2
96002 47
96004 2
96019 47
96021 2
96038 36
96068 47
96070 2
96085 47
96087 2
96107 69
96109 2
96143 36
96146 3
96148 2
96170 102
96173 3
96175 2
96190 47
96192 2
96212 69
96214 2
96231 339
96234 3
96236 2
96253 339
96256 3
96258 2
96278 47
96280 2
96322 69
96324 2
96402 400
96405 3
96410 8
96412 2
96449 47
96451 2
96454 3
96456 2
96468 400
96476 8
96478 2
96490 36
96493 3
96495 2
96515 47
96517 2
96542 47
96544 2
96556 102
96586 69
96588 2
96603 47
96605 2
96622 36
96644 102
96647 3
96649 2
96661 339
96664 3
96666 2
96688 102
96705 102
96727 273
96752 47
96754 2
96771 1155
96793 339
96818 47
96820 2
96859 273
96881 339
96884 3
96886 2
96898 356
96901 3
96903 2
96925 339
96945 47
96947 2
96967 69
96969 2
97038 69
97040 2
97074 36
97077 3
97079 2
97121 47
97123 2
97140 102
97187 47
97189 2
97209 69
97211 2
97245 36
97248 3
97250 2
97289 102
97314 69
97316 2
97336 47
97338 2
97341 3
97343 2
97358 69
97360 2
97429 69
97431 2
97443 102
97446 3
97448 2
97465 36
97468 3
97470 2
97490 47
97492 2
97504 36
97507 3
97509 2
97531 102
97551 47
97553 2
97570 102
97592 102
97595 3
97597 2
97614 273
97666 69
97668 2
97680 339
97727 47
97729 2
97732 3
97734 2
97749 69
97751 2
97807 339
97810 3
97812 2
97834 102
97837 3
97839 2
97851 102
97873 36
97898 47
97900 2
97942 69
97944 2
97956 33274
97959 3
97961 2
97978 36
97981 3
97983 2
98003 47
98008 47
98010 2
98047 69
98049 2
98071 339
98074 3
98076 2
98096 47
98098 2
98140 69
98142 2
98162 206
98164 2
98184 206
98186 2
98206 1308
98208 2
98220 36
98223 3
98225 2
98264 102
98286 102
98303 97
98306 3
98325 102
98328 3
98330 2
98350 47
98352 2
98369 273
98394 69
98396 2
98416 47
98418 2
98438 69
98440 2
98457 273
98460 3
98462 2
98501 339
98523 339
98545 339
98606 400
98609 3
98611 2
98653 47
98655 2
98675 69
98677 2
98702 47
98704 2
98738 36
98741 3
98743 2
98785 47
98787 2
98804 102
98843 102
98846 3
98848 2
98873 69
98875 2
98890 47
98892 2
98909 36
98956 47
98958 2
98978 69
98980 2
99005 47
99007 2
99107 102
99110 3
99112 2
99124 339
99127 3
99129 2
99154 47
99156 2
99171 47
99173 2
99190 36
99220 47
99222 2
99237 47
99239 2
99259 69
99261 2
99278 273
99281 3
99283 2
99322 102
99344 339
99369 47
99371 2
99413 69
99415 2
99427 273
99430 3
99432 2
99471 102
99496 69
99498 2
99515 102
99523 8
99525 2
99540 69
99542 2
99562 47
99564 2
99584 69
99586 2
99625 102
99628 3
99630 2
99672 47
99674 2
99694 69
99696 2
99752 339
99755 3
99757 2
99774 102
99777 3
99779 2
99799 47
99801 2
99843 69
99845 2
99862 339
99865 3
99867 2
99909 47
99911 2
99931 69
99933 2
