1
5
6
7
8
9
10
12
20
22
23
24
26
38
39
40
41
52
57
69
70
71
82
87
98
102
113
119
129
130
133
144
160
161
162
163
175
196
205
208
209
222
223
224
226
237
253
254
255
256
268
269
270
271
272
284
285
286
303
318
330
331
332
333
349
360
391
392
393
394
395
407
408
409
410
437
438
439
440
441
453
454
455
456
499
500
501
502
503
515
516
517
518
530
531
532
533
534
546
547
548
549
561
562
563
564
576
577
578
579
580
592
593
594
595
607
608
609
610
611
623
624
625
626
638
639
640
641
704
716
717
718
719
731
732
733
734
746
747
748
749
750
762
763
764
765
777
778
779
780
792
793
794
795
796
808
809
810
811
838
839
840
841
842
854
855
856
857
884
885
886
887
888
904
916
917
918
919
931
932
933
934
935
947
948
949
950
962
963
964
965
977
978
979
980
981
993
994
995
996
1008
1009
1010
1011
1012
1024
1025
1026
1027
1039
1040
1041
1042
1089
1101
1102
1103
1104
1105
1116
1162
1163
1164
1165
1166
1178
1179
1180
1181
1193
1194
1195
1196
1197
1209
1210
1211
1212
1254
1255
1256
1257
1258
1270
1271
1272
1273
1290
1301
1336
1346
1348
1349
1350
1366
1378
1379
1380
1381
1382
1394
1395
1396
1397
1428
1439
1455
1456
1457
1458
1470
1471
1472
1473
1474
1501
1502
1503
1504
1505
1517
1518
1519
1520
1547
1548
1549
1550
1567
1578
1598
1610
1611
1612
1613
1625
1626
1627
1628
1640
1641
1642
1643
1675
1686
1717
1718
1719
1720
1721
1733
1734
1735
1736
1748
1749
1750
1751
1778
1779
1780
1781
1782
1798
1810
1811
1812
1813
1814
1825
1860
1872
1873
1874
1875
1887
1888
1889
1890
1902
1903
1904
1905
1906
1918
1919
1920
1921
1963
1964
1965
1966
1967
2010
2011
2012
2013
2014
2026
2027
2028
2029
2041
2042
2043
2044
2076
2088
2089
2090
2091
2103
2104
2105
2106
2118
2119
2120
2121
2122
2134
2135
2136
2137
2149
2150
2151
2152
2153
2164
2168
2180
2181
2182
2183
2230
2241
2261
2273
2274
2275
2276
2288
2289
2290
2291
2292
2303
2364
2365
2366
2367
2368
2384
2396
2397
2398
2399
2426
2427
2428
2429
2430
2442
2443
2444
2445
2472
2473
2474
2475
2476
2492
2503
2523
2535
2536
2537
2538
2550
2551
2552
2553
2565
2566
2567
2568
2600
2611
2642
2643
2644
2645
2646
2658
2659
2660
2661
2673
2674
2675
2676
2708
2720
2721
2722
2723
2735
2736
2737
2738
2739
2750
2785
2797
2798
2799
2800
2812
2813
2814
2815
2858
2859
2860
2861
2862
2873
2924
2935
2950
2951
2952
2953
2954
2966
2967
2968
2969
3043
3044
3045
3046
3047
3059
3060
3061
3062
3074
3075
3076
3077
3089
3090
3091
3092
3093
3105
3106
3107
3108
3124
3136
3137
3138
3139
3151
3152
3153
3154
3212
3213
3214
3215
3216
3228
3229
3230
3231
3289
3290
3291
3292
3293
3305
3306
3307
3308
3371
3383
3384
3385
3386
3398
3399
3400
3401
3413
3414
3415
3416
3490
3491
3492
3493
3541
3553
3554
3555
3556
3568
3569
3570
3571
3583
3584
3585
3586
3613
3614
3615
3616
3617
3629
3630
3631
3632
3644
3645
3646
3647
3648
3659
3675
3676
3677
3678
3710
3722
3723
3724
3725
3752
3753
3754
3755
3756
3768
3769
3770
3771
3783
3784
3785
3786
3787
3798
3829
3830
3831
3832
3833
3845
3846
3847
3848
3860
3861
3862
3863
3921
3922
3923
3924
3925
3937
3938
3939
3940
3983
3984
3985
3986
3987
3999
4000
4001
4002
4014
4015
4016
4017
4018
4030
4031
4032
4033
4045
4046
4047
4048
4049
4060
4080
4092
4093
4094
4095
4107
4108
4109
4110
4111
4122
4126
4138
4139
4140
4141
4153
4154
4155
4156
4157
4169
4170
4171
4172
4184
4185
4186
4187
4230
4231
4232
4233
4234
4246
4247
4248
4249
4261
4262
4263
4264
4296
4307
4415
4416
4417
4418
4419
4431
4432
4433
4434
4446
4447
4448
4449
4450
4461
4481
4492
4558
4569
4584
4585
4586
4587
4588
4604
4616
4617
4618
4619
4631
4632
4633
4634
4723
4724
4725
4726
4727
4739
4740
4741
4742
4774
4786
4787
4788
4877
4878
4879
4880
4881
4897
4909
4910
4911
4912
4924
4925
4926
4927
4939
4940
4941
4942
4943
4955
4956
4957
4958
5005
5016
5036
5048
5049
5050
5051
5063
5064
5065
5066
5078
5079
5080
5081
5124
5125
5126
5127
5128
5140
5141
5142
5143
5170
5171
5172
5173
5174
5186
5187
5188
5189
5221
5232
5267
5278
5298
5310
5311
5312
5313
5325
5326
5327
5328
5375
5386
5463
5464
5465
5466
5467
5479
5480
5481
5482
5509
5510
5511
5512
5513
5525
5526
5527
5528
5540
5541
5542
5543
5544
5556
5557
5558
5559
5617
5618
5619
5620
5621
5633
5634
5635
5636
5648
5649
5650
5651
5652
5664
5665
5666
5667
5679
5680
5681
5682
5683
5695
5696
5697
5698
5710
5711
5712
5713
5725
5726
5727
5728
5729
5741
5742
5743
5744
5756
5757
5758
5759
5760
5772
5773
5774
5775
5787
5788
5789
5790
5791
5803
5804
5805
5806
5818
5819
5820
5821
5853
5865
5866
5867
5868
5880
5881
5882
5883
5895
5896
5897
5898
5899
5911
5912
5913
5914
5926
5927
5928
5929
5941
5942
5943
5944
5945
5957
5958
5959
5960
5992
6004
6005
6006
6007
6019
6020
6021
6022
6034
6035
6036
6037
6038
6050
6051
6052
6053
6065
6066
6067
6068
6080
6081
6082
6083
6084
6096
6097
6098
6099
6126
6127
6128
6129
6130
6142
6143
6144
6145
6172
6173
6174
6175
6176
6192
6204
6205
6206
6207
6219
6220
6221
6222
6254
6266
6267
6268
6269
6281
6282
6283
6284
6296
6297
6298
6299
6300
6312
6313
6314
6315
6327
6328
6329
6330
6342
6343
6344
6345
6346
6358
6359
6360
6361
6377
6389
6390
6391
6392
6404
6405
6406
6407
6408
6420
6421
6422
6423
6435
6436
6437
6438
6439
6451
6452
6453
6454
6466
6467
6468
6469
6481
6482
6483
6484
6485
6497
6498
6499
6500
6512
6513
6514
6515
6558
6559
6560
6561
6562
6574
6575
6576
6577
6589
6590
6591
6592
6593
6605
6606
6607
6608
6620
6621
6622
6623
6655
6667
6668
6669
6670
6682
6683
6684
6685
6697
6698
6699
6700
6701
6713
6714
6715
6716
6728
6729
6730
6731
6743
6744
6745
6746
6747
6759
6760
6761
6762
6809
6820
6851
6852
6853
6854
6886
6897
6917
6928
6963
6974
6989
6990
6991
6992
6993
7009
7020
7036
7037
7038
7039
7051
7052
7053
7054
7055
7067
7068
7069
7070
7113
7114
7115
7116
7117
7129
7130
7131
7132
7144
7145
7146
7147
7148
7160
7161
7162
7163
7175
7176
7177
7178
7190
7191
7192
7193
7225
7236
7267
7268
7269
7270
7271
7283
7284
7285
7286
7298
7299
7300
7301
7302
7314
7315
7316
7317
7329
7330
7331
7332
7333
7345
7346
7347
7348
7360
7361
7362
7363
7364
7375
7436
7437
7438
7439
7440
7456
7468
7469
7470
7471
7498
7499
7500
7501
7502
7514
7515
7516
7517
7549
7560
7606
7607
7608
7609
7610
7622
7623
7624
7625
7637
7638
7639
7640
7657
7668
7683
7684
7685
7686
7687
7699
7700
7701
7702
7745
7746
7747
7748
7749
7761
7762
7763
7764
7811
7823
7824
7825
7826
7838
7839
7840
7841
7888
7900
7901
7902
7903
7915
7916
7917
7918
7919
7931
7932
7933
7934
7946
7947
7948
7949
7961
7962
7963
7964
7965
7977
7978
7979
7980
7992
7993
7994
7995
7996
8008
8009
8010
8011
8023
8024
8025
8026
8027
8039
8040
8041
8042
8054
8055
8056
8057
8058
8069
8135
8146
8177
8178
8179
8180
8181
8193
8194
8195
8196
8208
8209
8210
8211
8212
8224
8225
8226
8227
8239
8240
8241
8242
8269
8270
8271
8272
8273
8285
8286
8287
8288
8335
8346
8377
8378
8379
8380
8381
8393
8394
8395
8396
8423
8424
8425
8426
8427
8439
8440
8441
8442
8474
8486
8487
8488
8489
8501
8502
8503
8504
8516
8517
8518
8519
8520
8532
8533
8534
8535
8547
8548
8549
8550
8562
8563
8564
8565
8566
8578
8579
8580
8581
8608
8609
8610
8611
8612
8624
8625
8626
8627
8670
8671
8672
8673
8674
8686
8687
8688
8689
8701
8702
8703
8704
8705
8717
8718
8719
8720
8732
8733
8734
8735
8736
8747
8782
8794
8795
8796
8797
8809
8810
8811
8812
8844
8855
8932
8933
8934
8935
8936
8948
8949
8950
8951
8978
8979
8980
8981
8982
8994
8995
8996
8997
9009
9010
9011
9012
9013
9025
9026
9027
9028
9055
9056
9057
9058
9059
9071
9072
9073
9074
9086
9087
9088
9089
9090
9102
9103
9104
9105
9117
9118
9119
9120
9121
9133
9134
9135
9136
9148
9149
9150
9151
9152
9164
9165
9166
9167
9179
9180
9181
9182
9194
9195
9196
9197
9198
9210
9211
9212
9213
9225
9226
9227
9228
9229
9241
9242
9243
9244
9256
9257
9258
9259
9291
9303
9304
9305
9306
9318
9319
9320
9321
9333
9334
9335
9336
9337
9349
9350
9351
9352
9364
9365
9366
9367
9368
9379
9410
9411
9412
9413
9414
9426
9427
9428
9429
9441
9442
9443
9444
9445
9457
9458
9459
9460
9472
9473
9474
9475
9476
9488
9489
9490
9491
9503
9504
9505
9506
9507
9518
9584
9595
9626
9627
9628
9629
9630
9642
9643
9644
9645
9657
9658
9659
9660
9661
9673
9674
9675
9676
9688
9689
9690
9691
9718
9719
9720
9721
9722
9734
9735
9736
9737
9769
9781
9782
9783
9784
9796
9797
9798
9799
9811
9812
9813
9814
9815
9827
9828
9829
9830
9842
9843
9844
9845
9846
9858
9859
9860
9861
9873
9874
9875
9876
9877
9889
9890
9891
9892
9904
9905
9906
9907
9919
9920
9921
9922
9954
9966
9967
9968
9969
9981
9982
9983
9984
9985
9997
9998
9999
10000
10012
10013
10014
10015
10027
10028
10029
10030
10031
10043
10044
10045
10046
10058
10059
10060
10061
10062
10074
10075
10076
10077
10089
10090
10091
10092
10227
10228
10229
10230
10231
10243
10244
10245
10246
10273
10274
10275
10276
10277
10289
10290
10291
10292
10304
10305
10306
10307
10308
10320
10321
10322
10323
10335
10336
10337
10338
10339
10351
10352
10353
10354
10366
10367
10368
10369
10370
10381
10478
10489
10566
10567
10568
10569
10570
10582
10583
10584
10585
10612
10613
10614
10615
10616
10628
10629
10630
10631
10643
10644
10645
10646
10647
10659
10660
10661
10662
10771
10783
10784
10785
10786
10798
10799
10800
10801
10802
10813
10817
10829
10830
10831
10832
10844
10845
10846
10847
10890
10891
10892
10893
10894
10906
10907
10908
10909
10936
10937
10938
10939
10940
10952
10953
10954
10955
10998
10999
11000
11001
11002
11014
11015
11016
11017
11029
11030
11031
11032
11033
11044
11121
11122
11123
11124
11125
11137
11138
11139
11140
11229
11230
11231
11232
11233
11245
11246
11247
11248
11260
11261
11262
11263
11264
11276
11277
11278
11279
11291
11292
11293
11294
11295
11306
11357
11369
11370
11371
11372
11384
11385
11386
11387
11399
11400
11401
11402
11403
11415
11416
11417
11418
11430
11431
11432
11433
11445
11446
11447
11448
11449
11461
11462
11463
11464
11511
11522
11542
11553
11619
11630
11661
11662
11663
11664
11665
11677
11678
11679
11680
11692
11693
11694
11695
11696
11708
11709
11710
11711
11723
11724
11725
11726
11758
11770
11771
11772
11773
11785
11786
11787
11788
11800
11801
11802
11803
11804
11816
11817
11818
11819
11831
11832
11833
11834
11846
11847
11848
11849
11850
11862
11863
11864
11865
11912
11923
11943
11954
11958
11970
11971
11972
11973
11985
11986
11987
11988
12020
12031
12062
12063
12064
12065
12066
12078
12079
12080
12081
12093
12094
12095
12096
12097
12109
12110
12111
12112
12124
12125
12126
12127
12185
12186
12187
12188
12189
12201
12202
12203
12204
12231
12232
12233
12234
12235
12247
12248
12249
12250
12282
12293
12339
12340
12341
12342
12343
12355
12356
12357
12358
12370
12371
12372
12373
12374
12386
12387
12388
12389
12436
12448
12449
12450
12451
12463
12464
12465
12466
12544
12555
12601
12602
12603
12604
12605
12617
12618
12619
12620
12652
12663
12678
12679
12680
12681
12682
12694
12695
12696
12697
12740
12741
12742
12743
12744
12755
12771
12772
12773
12774
12786
12787
12788
12789
12790
12802
12803
12804
12805
12817
12818
12819
12820
12821
12833
12834
12835
12836
12883
12895
12896
12897
12898
12910
12911
12912
12913
12914
12925
12960
12971
13002
13003
13004
13005
13006
13018
13019
13020
13021
13110
13111
13112
13113
13114
13126
13127
13128
13129
13141
13142
13143
13144
13145
13157
13158
13159
13160
13172
13173
13174
13175
13187
13188
13189
13190
13191
13203
13204
13205
13206
13218
13219
13220
13221
13222
13234
13235
13236
13237
13249
13250
13251
13252
13253
13265
13266
13267
13268
13280
13281
13282
13283
13284
13295
13346
13358
13359
13360
13361
13373
13374
13375
13376
13388
13389
13390
13391
13423
13435
13436
13437
13438
13450
13451
13452
13453
13500
13512
13513
13514
13515
13527
13528
13529
13530
13577
13589
13590
13591
13592
13604
13605
13606
13607
13685
13697
13698
13699
13700
13712
13713
13714
13715
13727
13728
13729
13730
13731
13743
13744
13745
13746
13758
13759
13760
13761
13762
13774
13775
13776
13777
13789
13790
13791
13792
13793
13805
13806
13807
13808
13820
13821
13822
13823
13835
13836
13837
13838
13839
13851
13852
13853
13854
13866
13867
13868
13869
13870
13882
13883
13884
13885
13897
13898
13899
13900
13947
13959
13960
13961
13962
13974
13975
13976
13977
13978
13990
13991
13992
13993
14005
14006
14007
14008
14020
14021
14022
14023
14086
14097
14101
14113
14114
14115
14116
14128
14129
14130
14131
14163
14174
14205
14206
14207
14208
14209
14221
14222
14223
14224
14236
14237
14238
14239
14240
14251
14317
14328
14374
14375
14376
14377
14378
14390
14391
14392
14393
14420
14421
14422
14423
14424
14440
14451
14471
14483
14484
14485
14486
14498
14499
14500
14501
14559
14560
14561
14562
14563
14575
14576
14577
14578
14625
14637
14638
14639
14640
14652
14653
14654
14655
14718
14730
14731
14732
14733
14745
14746
14747
14748
14760
14761
14762
14763
14821
14822
14823
14824
14825
14841
14852
14872
14884
14885
14886
14887
14899
14900
14901
14902
14960
14961
14962
14963
14964
14976
14977
14978
14979
15006
15007
15008
15009
15010
15022
15023
15024
15025
15057
15068
15114
15115
15116
15117
15118
15130
15131
15132
15133
15145
15146
15147
15148
15149
15161
15162
15163
15164
15191
15192
15193
15194
15195
15207
15208
15209
15210
15222
15223
15224
15225
15226
15238
15239
15240
15241
15299
15300
15301
15302
15303
15315
15316
15317
15318
15330
15331
15332
15333
15334
15346
15347
15348
15349
15361
15362
15363
15364
15365
15377
15378
15379
15380
15392
15393
15394
15395
15407
15408
15409
15410
15411
15423
15424
15425
15426
15438
15439
15440
15441
15442
15454
15455
15456
15457
15469
15470
15471
15472
15473
15485
15486
15487
15488
15500
15501
15502
15503
15515
15516
15517
15518
15519
15531
15532
15533
15534
15546
15547
15548
15549
15550
15562
15563
15564
15565
15577
15578
15579
15580
15581
15593
15594
15595
15596
15608
15609
15610
15611
15623
15624
15625
15626
15627
15639
15640
15641
15642
15654
15655
15656
15657
15658
15670
15671
15672
15673
15685
15686
15687
15688
15689
15701
15702
15703
15704
15716
15717
15718
15719
15731
15732
15733
15734
15735
15747
15748
15749
15750
15762
15763
15764
15765
15797
15808
15885
15886
15887
15888
15889
15901
15902
15903
15904
15931
15932
15933
15934
15935
15947
15948
15949
15950
15962
15963
15964
15965
15966
15978
15979
15980
15981
16090
16102
16103
16104
16105
16117
16118
16119
16120
16132
16133
16134
16135
16209
16210
16211
16212
16213
16225
16226
16227
16228
16240
16241
16242
16243
16244
16255
16275
16286
16352
16363
16394
16395
16396
16397
16398
16410
16411
16412
16413
16425
16426
16427
16428
16429
16441
16442
16443
16444
16456
16457
16458
16459
16486
16487
16488
16489
16490
16502
16503
16504
16505
16537
16549
16550
16551
16552
16564
16565
16566
16567
16579
16580
16581
16582
16583
16595
16596
16597
16598
16610
16611
16612
16613
16614
16626
16627
16628
16629
16641
16642
16643
16644
16691
16702
16722
16734
16735
16736
16737
16749
16750
16751
16752
16764
16765
16766
16767
16768
16780
16781
16782
16783
16795
16796
16797
16798
16799
16811
16812
16813
16814
16826
16827
16828
16829
16830
16842
16843
16844
16845
16857
16858
16859
16860
16872
16873
16874
16875
16876
16888
16889
16890
16891
16903
16904
16905
16906
16949
16950
16951
16952
16953
16965
16966
16967
16968
16980
16981
16982
16983
16984
16996
16997
16998
16999
17011
17012
17013
17014
17015
17027
17028
17029
17030
17042
17043
17044
17045
17046
17057
17134
17135
17136
17137
17138
17150
17151
17152
17153
17180
17181
17182
17183
17184
17196
17197
17198
17199
17231
17242
17277
17288
17350
17351
17352
17353
17354
17365
17396
17397
17398
17399
17400
17412
17413
17414
17415
17488
17489
17490
17491
17492
17504
17505
17506
17507
17524
17536
17537
17538
17539
17551
17552
17553
17554
17566
17567
17568
17569
17627
17628
17629
17630
17631
17647
17658
17678
17690
17691
17692
17720
17721
17722
17723
17724
17736
17737
17738
17739
17751
17752
17753
17754
17755
17767
17768
17769
17770
17782
17783
17784
17785
17786
17798
17799
17800
17801
17813
17814
17815
17816
17828
17829
17830
17831
17863
17875
17876
17877
17878
17890
17891
17892
17893
17951
17952
17953
17954
17955
17967
17968
17969
17970
18002
18014
18015
18016
18017
18029
18030
18031
18032
18044
18045
18046
18047
18121
18122
18123
18124
18125
18137
18138
18139
18140
18152
18153
18154
18155
18167
18168
18169
18170
18171
18183
18184
18185
18186
18213
18214
18215
18216
18217
18229
18230
18231
18232
18290
18291
18292
18293
18294
18306
18307
18308
18309
18341
18353
18354
18355
18356
18368
18369
18370
18371
18383
18384
18385
18386
18387
18399
18400
18401
18402
18414
18415
18416
18417
18429
18430
18431
18432
18433
18445
18446
18447
18448
18475
18476
18477
18478
18479
18491
18492
18493
18494
18526
18537
18645
18646
18647
18648
18649
18660
18711
18722
18737
18738
18739
18740
18741
18753
18754
18755
18756
18783
18784
18785
18786
18787
18799
18800
18801
18802
18830
18831
18832
18833
18891
18892
18893
18894
18895
18911
18923
18924
18925
18926
18938
18939
18940
18941
18953
18954
18955
18956
18957
18969
18970
18971
18972
18984
18985
18986
18987
18999
19000
19001
19002
19003
19015
19016
19017
19018
19081
19093
19094
19095
19138
19139
19140
19141
19142
19154
19155
19156
19157
19169
19170
19171
19172
19173
19184
19200
19201
19202
19203
19215
19216
19217
19218
19219
19231
19232
19233
19234
19246
19247
19248
19249
19250
19262
19263
19264
19265
19343
19355
19356
19357
19358
19370
19371
19372
19373
19385
19386
19387
19388
19420
19432
19433
19434
19435
19447
19448
19449
19450
19513
19525
19526
19527
19528
19540
19541
19542
19543
19555
19556
19557
19558
19585
19586
19587
19588
19589
19601
19602
19603
19604
19632
19633
19634
19635
19662
19663
19664
19665
19666
19678
19679
19680
19681
19693
19694
19695
19696
19697
19713
19724
19770
19771
19772
19773
19774
19786
19787
19788
19789
19801
19802
19803
19804
19805
19817
19818
19819
19820
19867
19879
19880
19881
19882
19894
19895
19896
19897
19975
19986
20032
20033
20034
20035
20036
20048
20049
20050
20051
20083
20094
20109
20110
20111
20112
20113
20125
20126
20127
20128
20171
20172
20173
20174
20175
20187
20188
20189
20190
20217
20218
20219
20220
20221
20233
20234
20235
20236
20248
20249
20250
20251
20252
20264
20265
20266
20267
20314
20326
20327
20328
20329
20341
20342
20343
20344
20356
20357
20358
20359
20360
20372
20373
20374
20375
20387
20388
20389
20390
20391
20402
20433
20434
20435
20436
20437
20449
20450
20451
20452
20464
20465
20466
20467
20468
20480
20481
20482
20483
20495
20496
20497
20498
20499
20511
20512
20513
20514
20526
20527
20528
20529
20541
20542
20543
20544
20545
20557
20558
20559
20560
20572
20573
20574
20575
20576
20588
20589
20590
20591
20603
20604
20605
20606
20638
20650
20651
20652
20653
20665
20666
20667
20668
20680
20681
20682
20683
20684
20696
20697
20698
20699
20711
20712
20713
20714
20715
20726
20757
20758
20759
20760
20761
20773
20774
20775
20776
20788
20789
20790
20791
20792
20804
20805
20806
20807
20819
20820
20821
20822
20823
20835
20836
20837
20838
20850
20851
20852
20853
20865
20866
20867
20868
20869
20881
20882
20883
20884
20896
20897
20898
20899
20900
20912
20913
20914
20915
20927
20928
20929
20930
21008
21020
21021
21022
21023
21035
21036
21037
21038
21050
21051
21052
21053
21054
21066
21067
21068
21069
21081
21082
21083
21084
21085
21097
21098
21099
21100
21112
21113
21114
21115
21173
21174
21175
21176
21177
21189
21190
21191
21192
21250
21251
21252
21253
21254
21266
21267
21268
21269
21517
21529
21530
21531
21532
21544
21545
21546
21547
21559
21560
21561
21562
21594
21606
21607
21608
21609
21621
21622
21623
21624
21702
21714
21715
21716
21717
21729
21730
21731
21732
21744
21745
21746
21747
21779
21790
21821
21822
21823
21824
21825
21837
21838
21839
21840
21852
21853
21854
21855
21867
21868
21869
21870
21871
21883
21884
21885
21886
21913
21914
21915
21916
21917
21929
21930
21931
21932
21959
21960
21961
21962
21963
21979
21990
22010
22021
22098
22099
22100
22101
22102
22114
22115
22116
22117
22144
22145
22146
22147
22148
22160
22161
22162
22163
22195
22206
22303
22314
22329
22330
22331
22332
22333
22345
22346
22347
22348
22391
22392
22393
22394
22395
22407
22408
22409
22410
22437
22438
22439
22440
22441
22453
22454
22455
22456
22468
22469
22470
22471
22472
22484
22485
22486
22487
22514
22515
22516
22517
22518
22530
22531
22532
22533
22545
22546
22547
22548
22549
22561
22562
22563
22564
22576
22577
22578
22579
22580
22592
22593
22594
22595
22607
22608
22609
22610
22611
22623
22624
22625
22626
22638
22639
22640
22641
22653
22654
22655
22656
22657
22669
22670
22671
22672
22684
22685
22686
22687
22688
22700
22701
22702
22703
22715
22716
22717
22718
22750
22762
22763
22764
22765
22777
22778
22779
22780
22792
22793
22794
22795
22796
22808
22809
22810
22811
22823
22824
22825
22826
22827
22838
22869
22870
22871
22872
22873
22885
22886
22887
22888
22900
22901
22902
22903
22904
22916
22917
22918
22919
22931
22932
22933
22934
22935
22947
22948
22949
22950
22962
22963
22964
22965
22966
22977
23043
23055
23056
23057
23058
23070
23071
23072
23073
23131
23132
23133
23134
23135
23147
23148
23149
23150
23177
23178
23179
23180
23181
23193
23194
23195
23196
23208
23209
23210
23211
23212
23224
23225
23226
23227
23305
23317
23318
23319
23320
23332
23333
23334
23335
23347
23348
23349
23350
23351
23363
23364
23365
23366
23378
23379
23380
23381
23393
23394
23395
23396
23397
23409
23410
23411
23412
23439
23440
23441
23442
23443
23455
23456
23457
23458
23490
23501
23598
23609
23629
23641
23642
23643
23675
23687
23688
23689
23690
23702
23703
23704
23705
23732
23733
23734
23735
23736
23752
23764
23765
23766
23767
23779
23780
23781
23782
23825
23826
23827
23828
23829
23840
23891
23903
23904
23905
23906
23918
23919
23920
23921
23933
23934
23935
23936
23999
24010
24045
24056
24076
24087
24118
24119
24120
24121
24122
24134
24135
24136
24137
24149
24150
24151
24152
24153
24165
24166
24167
24168
24180
24181
24182
24183
24210
24211
24212
24213
24214
24226
24227
24228
24229
24261
24273
24274
24275
24276
24288
24289
24290
24291
24303
24304
24305
24306
24307
24319
24320
24321
24322
24334
24335
24336
24337
24338
24350
24351
24352
24353
24365
24366
24367
24368
24369
24381
24382
24383
24384
24396
24397
24398
24399
24411
24412
24413
24414
24488
24489
24490
24491
24492
24504
24505
24506
24507
24519
24520
24521
24522
24554
24565
24585
24597
24598
24599
24600
24612
24613
24614
24615
24627
24628
24629
24630
24631
24643
24644
24645
24646
24658
24659
24660
24661
24662
24674
24675
24676
24677
24689
24690
24691
24692
24739
24751
24752
24753
24754
24766
24767
24768
24769
24785
24797
24798
24799
24800
24812
24813
24814
24815
24816
24828
24829
24830
24831
24843
24844
24845
24846
24904
24905
24906
24907
24908
24920
24921
24922
24923
24981
24982
24983
24984
24985
24997
24998
24999
25000
25032
25044
25045
25046
25047
25059
25060
25061
25062
25074
25075
25076
25077
25109
25121
25122
25123
25124
25136
25137
25138
25139
25217
25229
25230
25231
25232
25244
25245
25246
25247
25259
25260
25261
25262
25263
25275
25276
25277
25278
25290
25291
25292
25293
25294
25306
25307
25308
25309
25321
25322
25323
25324
25325
25337
25338
25339
25340
25352
25353
25354
25355
25367
25368
25369
25370
25371
25383
25384
25385
25386
25398
25399
25400
25401
25444
25445
25446
25447
25448
25460
25461
25462
25463
25475
25476
25477
25478
25479
25491
25492
25493
25494
25506
25507
25508
25509
25556
25568
25569
25570
25571
25583
25584
25585
25586
25587
25599
25600
25601
25602
25614
25615
25616
25617
25629
25630
25631
25632
25633
25645
25646
25647
25648
25660
25661
25662
25663
25664
25676
25677
25678
25679
25691
25692
25693
25694
25772
25784
25785
25786
25787
25799
25800
25801
25802
25814
25815
25816
25817
25818
25830
25831
25832
25833
25845
25846
25847
25848
25849
25861
25862
25863
25864
25876
25877
25878
25879
25937
25938
25939
25940
25941
25953
25954
25955
25956
26014
26015
26016
26017
26018
26030
26031
26032
26033
26065
26077
26078
26079
26080
26092
26093
26094
26095
26107
26108
26109
26110
26111
26123
26124
26125
26126
26138
26139
26140
26141
26153
26154
26155
26156
26157
26169
26170
26171
26172
26199
26200
26201
26202
26203
26215
26216
26217
26218
26245
26246
26247
26248
26249
26265
26277
26278
26279
26280
26292
26293
26294
26295
26296
26308
26309
26310
26311
26323
26324
26325
26326
26338
26339
26340
26341
26342
26354
26355
26356
26357
26369
26370
26371
26372
26373
26385
26386
26387
26388
26400
26401
26402
26403
26450
26462
26463
26464
26465
26477
26478
26479
26480
26481
26493
26494
26495
26496
26508
26509
26510
26511
26512
26523
26600
26601
26602
26603
26604
26616
26617
26618
26619
26646
26647
26648
26649
26650
26662
26663
26664
26665
26708
26709
26710
26711
26712
26724
26725
26726
26727
26739
26740
26741
26742
26743
26754
26774
26786
26787
26788
26789
26801
26802
26803
26804
26816
26817
26818
26819
26820
26832
26833
26834
26835
26847
26848
26849
26850
26893
26894
26895
26896
26897
26909
26910
26911
26912
26924
26925
26926
26927
26928
26940
26941
26942
26943
26955
26956
26957
26958
27047
27048
27049
27050
27051
27063
27064
27065
27066
27078
27079
27080
27081
27082
27094
27095
27096
27097
27109
27110
27111
27112
27113
27125
27126
27127
27128
27140
27141
27142
27143
27144
27155
27232
27233
27234
27235
27236
27248
27249
27250
27251
27278
27279
27280
27281
27282
27294
27295
27296
27297
27340
27341
27342
27343
27344
27356
27357
27358
27359
27371
27372
27373
27374
27375
27386
27406
27418
27419
27420
27421
27433
27434
27435
27436
27448
27449
27450
27451
27452
27464
27465
27466
27467
27479
27480
27481
27482
27525
27526
27527
27528
27529
27541
27542
27543
27544
27556
27557
27558
27559
27560
27572
27573
27574
27575
27587
27588
27589
27590
27679
27680
27681
27682
27683
27695
27696
27697
27698
27710
27711
27712
27713
27714
27726
27727
27728
27729
27741
27742
27743
27744
27745
27757
27758
27759
27760
27772
27773
27774
27775
27776
27787
27807
27819
27820
27821
27822
27834
27835
27836
27837
27849
27850
27851
27852
27853
27865
27866
27867
27868
27880
27881
27882
27883
27915
27926
28003
28004
28005
28006
28007
28019
28020
28021
28022
28049
28050
28051
28052
28053
28065
28066
28067
28068
28080
28081
28082
28083
28084
28096
28097
28098
28099
28254
28266
28267
28268
28269
28281
28282
28283
28284
28296
28297
28298
28299
28300
28312
28313
28314
28315
28327
28328
28329
28330
28331
28342
28362
28373
28465
28466
28467
28468
28469
28485
28496
28516
28527
28558
28559
28560
28561
28562
28574
28575
28576
28577
28589
28590
28591
28592
28593
28605
28606
28607
28608
28620
28621
28622
28623
28670
28682
28683
28684
28685
28697
28698
28699
28700
28763
28775
28776
28777
28778
28790
28791
28792
28793
28805
28806
28807
28808
28809
28821
28822
28823
28824
28836
28837
28838
28839
28840
28851
28882
28883
28884
28885
28886
28898
28899
28900
28901
28913
28914
28915
28916
28917
28929
28930
28931
28932
28944
28945
28946
28947
29025
29037
29038
29039
29040
29052
29053
29054
29055
29067
29068
29069
29070
29071
29083
29084
29085
29086
29098
29099
29100
29101
29102
29114
29115
29116
29117
29129
29130
29131
29132
29190
29191
29192
29193
29194
29206
29207
29208
29209
29267
29268
29269
29270
29271
29283
29284
29285
29286
29318
29330
29331
29332
29333
29345
29346
29347
29348
29360
29361
29362
29363
29364
29376
29377
29378
29379
29391
29392
29393
29394
29406
29407
29408
29409
29410
29422
29423
29424
29425
29452
29453
29454
29455
29456
29468
29469
29470
29471
29514
29515
29516
29517
29518
29530
29531
29532
29533
29545
29546
29547
29548
29549
29561
29562
29563
29564
29576
29577
29578
29579
29591
29592
29593
29594
29595
29607
29608
29609
29610
29622
29623
29624
29625
29626
29638
29639
29640
29641
29653
29654
29655
29656
29688
29700
29701
29702
29703
29715
29716
29717
29718
29730
29731
29732
29733
29734
29746
29747
29748
29749
29761
29762
29763
29764
29776
29777
29778
29779
29780
29792
29793
29794
29795
29811
29823
29824
29825
29826
29838
29839
29840
29841
29884
29885
29886
29887
29888
29900
29901
29902
29903
29915
29916
29917
29918
29919
29931
29932
29933
29934
29946
29947
29948
29949
29961
29962
29963
29964
29965
29977
29978
29979
29980
29992
29993
29994
29995
29996
30008
30009
30010
30011
30023
30024
30025
30026
30027
30039
30040
30041
30042
30054
30055
30056
30057
30058
30069
30146
30147
30148
30149
30150
30162
30163
30164
30165
30192
30193
30194
30195
30196
30208
30209
30210
30211
30238
30239
30240
30241
30242
30258
30269
30289
30301
30302
30303
30304
30316
30317
30318
30319
30331
30332
30333
30334
30335
30347
30348
30349
30350
30362
30363
30364
30365
30366
30378
30379
30380
30381
30393
30394
30395
30396
30443
30455
30456
30457
30458
30470
30471
30472
30473
30531
30532
30533
30534
30535
30547
30548
30549
30550
30608
30609
30610
30611
30612
30624
30625
30626
30627
30685
30686
30687
30688
30689
30701
30702
30703
30704
30716
30717
30718
30719
30720
30732
30733
30734
30735
30747
30748
30749
30750
30751
30763
30764
30765
30766
30778
30779
30780
30781
30782
30794
30795
30796
30797
30809
30810
30811
30812
30824
30825
30826
30827
30828
30840
30841
30842
30843
30855
30856
30857
30858
30859
30871
30872
30873
30874
30886
30887
30888
30889
30921
30933
30934
30935
30936
30948
30949
30950
30951
30963
30964
30965
30966
30967
30979
30980
30981
30982
30994
30995
30996
30997
30998
31009
31040
31041
31042
31043
31044
31056
31057
31058
31059
31071
31072
31073
31074
31075
31087
31088
31089
31090
31102
31103
31104
31105
31106
31118
31119
31120
31121
31133
31134
31135
31136
31137
31148
31214
31225
31256
31257
31258
31259
31260
31272
31273
31274
31275
31287
31288
31289
31290
31291
31303
31304
31305
31306
31318
31319
31320
31321
31322
31334
31335
31336
31337
31349
31350
31351
31352
31364
31365
31366
31367
31368
31380
31381
31382
31383
31395
31396
31397
31398
31399
31411
31412
31413
31414
31426
31427
31428
31429
31564
31565
31566
31567
31568
31580
31581
31582
31583
31615
31627
31628
31629
31630
31642
31643
31644
31645
31657
31658
31659
31660
31661
31673
31674
31675
31676
31688
31689
31690
31691
31692
31703
31723
31734
31769
31781
31782
31783
31784
31796
31797
31798
31799
31800
31812
31813
31814
31815
31827
31828
31829
31830
31831
31843
31844
31845
31846
31858
31859
31860
31861
31873
31874
31875
31876
31934
31935
31936
31937
31938
31996
31997
31998
31999
32000
32012
32013
32014
32015
32031
32042
32093
32105
32106
32107
32108
32120
32121
32122
32123
32135
32136
32137
32138
32170
32182
32183
32184
32185
32197
32198
32199
32200
32247
32259
32260
32261
32262
32274
32275
32276
32277
32278
32290
32291
32292
32293
32305
32306
32307
32308
32320
32321
32322
32323
32324
32336
32337
32338
32339
32351
32352
32353
32354
32397
32398
32399
32400
32401
32413
32414
32415
32416
32428
32429
32430
32431
32432
32444
32445
32446
32447
32459
32460
32461
32462
32551
32552
32553
32554
32555
32567
32568
32569
32570
32582
32583
32584
32585
32586
32598
32599
32600
32601
32613
32614
32615
32616
32617
32629
32630
32631
32632
32644
32645
32646
32647
32659
32660
32661
32662
32663
32675
32676
32677
32678
32690
32691
32692
32693
32694
32706
32707
32708
32709
32721
32722
32723
32724
32725
32737
32738
32739
32740
32752
32753
32754
32755
32767
32768
32769
32770
32771
32783
32784
32785
32786
32798
32799
32800
32801
32802
32814
32815
32816
32817
32829
32830
32831
32832
32833
32845
32846
32847
32848
32860
32861
32862
32863
32875
32876
32877
32878
32879
32891
32892
32893
32894
32906
32907
32908
32909
32941
32952
33029
33030
33031
33032
33033
33045
33046
33047
33048
33075
33076
33077
33078
33079
33091
33092
33093
33094
33106
33107
33108
33109
33110
33122
33123
33124
33125
33152
33153
33154
33155
33156
33168
33169
33170
33171
33183
33184
33185
33186
33187
33199
33200
33201
33202
33214
33215
33216
33217
33218
33230
33231
33232
33233
33245
33246
33247
33248
33249
33260
33337
33338
33339
33340
33341
33353
33354
33355
33356
33414
33415
33416
33417
33418
33430
33431
33432
33433
33465
33477
33478
33479
33480
33492
33493
33494
33495
33507
33508
33509
33510
33511
33523
33524
33525
33526
33538
33539
33540
33541
33553
33554
33555
33556
33557
33569
33570
33571
33572
33619
33630
33650
33661
33738
33739
33740
33741
33742
33754
33755
33756
33757
33815
33816
33817
33818
33819
33831
33832
33833
33834
33861
33862
33863
33864
33865
33877
33878
33879
33880
33892
33893
33894
33895
33896
33908
33909
33910
33911
33923
33924
33925
33926
33927
33939
33940
33941
33942
33954
33955
33956
33957
33958
33969
33989
34001
34002
34003
34004
34016
34017
34018
34019
34031
34032
34033
34034
34035
34047
34048
34049
34050
34062
34063
34064
34065
34097
34108
34174
34185
34205
34216
34262
34263
34264
34265
34266
34278
34279
34280
34281
34313
34324
34339
34340
34341
34342
34343
34355
34356
34357
34358
34390
34401
34416
34417
34418
34419
34420
34436
34447
34493
34494
34495
34496
34497
34513
34525
34526
34527
34528
34540
34541
34542
34543
34575
34586
34601
34602
34603
34604
34605
34617
34618
34619
34620
34652
34664
34665
34666
34667
34679
34680
34681
34682
34698
34710
34711
34712
34713
34725
34726
34727
34728
34729
34740
34791
34803
34804
34805
34894
34895
34896
34897
34898
34914
34925
34971
34972
34973
34974
34975
34991
35003
35004
35005
35006
35018
35019
35020
35021
35022
35034
35035
35036
35037
35049
35050
35051
35052
35064
35065
35066
35067
35068
35080
35081
35082
35083
35095
35096
35097
35098
35130
35141
35176
35188
35189
35190
35191
35203
35204
35205
35206
35238
35249
35315
35326
35357
35358
35359
35360
35361
35373
35374
35375
35376
35388
35389
35390
35391
35392
35403
35423
35435
35436
35437
35438
35450
35451
35452
35453
35465
35466
35467
35468
35469
35481
35482
35483
35484
35496
35497
35498
35499
35500
35512
35513
35514
35515
35527
35528
35529
35530
35639
35651
35652
35653
35654
35666
35667
35668
35669
35681
35682
35683
35684
35758
35759
35760
35761
35793
35805
35806
35807
35808
35820
35821
35822
35823
35839
35851
35852
35853
35854
35866
35867
35868
35869
35870
35881
35912
35913
35914
35915
35916
35928
35929
35930
35931
35943
35944
35945
35946
36004
36005
36006
36007
36008
36020
36021
36022
36023
36066
36067
36068
36069
36070
36082
36083
36084
36085
36097
36098
36099
36100
36101
36113
36114
36115
36116
36128
36129
36130
36131
36132
36143
36163
36175
36176
36177
36178
36190
36191
36192
36193
36205
36206
36207
36208
36240
36251
36282
36283
36284
36285
36286
36298
36299
36300
36301
36313
36314
36315
36316
36348
36360
36361
36362
36363
36375
36376
36377
36378
36390
36391
36392
36393
36394
36406
36407
36408
36409
36421
36422
36423
36424
36425
36437
36438
36439
36440
36452
36453
36454
36455
36513
36514
36515
36516
36517
36529
36530
36531
36532
36590
36591
36592
36593
36594
36606
36607
36608
36609
36718
36730
36731
36732
36733
36745
36746
36747
36748
36760
36761
36762
36763
36764
36776
36777
36778
36779
36791
36792
36793
36794
36806
36807
36808
36809
36810
36822
36823
36824
36825
36852
36853
36854
36855
36856
36868
36869
36870
36871
36914
36915
36916
36917
36918
36930
36931
36932
36933
36945
36946
36947
36948
36949
36961
36962
36963
36964
36976
36977
36978
36979
36980
36991
37057
37068
37088
37099
37196
37207
37222
37223
37224
37225
37226
37238
37239
37240
37241
37273
37284
37315
37316
37317
37318
37319
37331
37332
37333
37334
37346
37347
37348
37349
37361
37362
37363
37364
37365
37377
37378
37379
37380
37427
37438
37458
37469
37546
37547
37548
37549
37550
37562
37563
37564
37565
37623
37624
37625
37626
37627
37639
37640
37641
37642
37669
37670
37671
37672
37673
37685
37686
37687
37688
37700
37701
37702
37703
37704
37716
37717
37718
37719
37731
37732
37733
37734
37735
37747
37748
37749
37750
37762
37763
37764
37765
37766
37777
37797
37809
37810
37811
37812
37824
37825
37826
37827
37839
37840
37841
37842
37843
37855
37856
37857
37858
37870
37871
37872
37873
37905
37916
37982
37993
38013
38024
38070
38071
38072
38073
38074
38086
38087
38088
38089
38132
38133
38134
38135
38136
38147
38167
38178
38209
38210
38211
38212
38213
38225
38226
38227
38228
38240
38241
38242
38243
38244
38256
38257
38258
38259
38271
38272
38273
38274
38352
38364
38365
38366
38367
38379
38380
38381
38382
38394
38395
38396
38397
38398
38410
38411
38412
38413
38425
38426
38427
38428
38429
38441
38442
38443
38444
38456
38457
38458
38459
38460
38472
38473
38474
38475
38487
38488
38489
38490
38491
38502
38568
38579
38610
38611
38612
38613
38614
38626
38627
38628
38629
38641
38642
38643
38644
38645
38657
38658
38659
38660
38672
38673
38674
38675
38676
38688
38689
38690
38691
38703
38704
38705
38706
38718
38719
38720
38721
38722
38734
38735
38736
38737
38749
38750
38751
38752
38753
38765
38766
38767
38768
38780
38781
38782
38783
38918
38919
38920
38921
38922
38934
38935
38936
38937
38969
38981
38982
38983
38984
38996
38997
38998
38999
39011
39012
39013
39014
39046
39058
39059
39060
39061
39073
39074
39075
39076
39242
39243
39244
39245
39246
39258
39259
39260
39261
39273
39274
39275
39276
39277
39288
39308
39320
39321
39322
39323
39335
39336
39337
39338
39350
39351
39352
39353
39354
39366
39367
39368
39369
39381
39382
39383
39384
39385
39397
39398
39399
39400
39412
39413
39414
39415
39524
39536
39537
39538
39539
39551
39552
39553
39554
39566
39567
39568
39569
39570
39582
39583
39584
39585
39597
39598
39599
39600
39601
39612
39643
39644
39645
39646
39647
39659
39660
39661
39662
39674
39675
39676
39677
39678
39690
39691
39692
39693
39705
39706
39707
39708
39709
39721
39722
39723
39724
39736
39737
39738
39739
39751
39752
39753
39754
39755
39767
39768
39769
39770
39782
39783
39784
39785
39786
39798
39799
39800
39801
39813
39814
39815
39816
39951
39952
39953
39954
39955
39967
39968
39969
39970
39997
39998
39999
40000
40001
40013
40014
40015
40016
40028
40029
40030
40031
40032
40044
40045
40046
40047
40059
40060
40061
40062
40063
40075
40076
40077
40078
40090
40091
40092
40093
40094
40105
40125
40137
40138
40139
40140
40152
40153
40154
40155
40167
40168
40169
40170
40171
40183
40184
40185
40186
40198
40199
40200
40201
40233
40244
40295
40307
40308
40309
40367
40368
40369
40370
40371
40383
40384
40385
40386
40398
40399
40400
40401
40402
40418
40429
40444
40445
40446
40447
40448
40460
40461
40462
40463
40491
40492
40493
40494
40495
40506
40537
40538
40539
40540
40541
40553
40554
40555
40556
40568
40569
40570
40571
40583
40584
40585
40586
40587
40599
40600
40601
40602
40649
40660
40680
40691
40768
40769
40770
40771
40772
40784
40785
40786
40787
40845
40846
40847
40848
40849
40861
40862
40863
40864
40896
40908
40909
40910
40911
40923
40924
40925
40926
40938
40939
40940
40941
40942
40954
40955
40956
40957
40969
40970
40971
40972
40984
40985
40986
40987
40988
41000
41001
41002
41003
41035
41047
41048
41049
41112
41124
41125
41126
41127
41139
41140
41141
41142
41169
41170
41171
41172
41173
41185
41186
41187
41188
41200
41201
41202
41203
41204
41216
41217
41218
41219
41246
41247
41248
41249
41250
41262
41263
41264
41265
41277
41278
41279
41280
41281
41293
41294
41295
41296
41343
41355
41356
41357
41358
41370
41371
41372
41373
41385
41386
41387
41388
41389
41401
41402
41403
41404
41416
41417
41418
41419
41420
41431
41462
41463
41464
41465
41466
41478
41479
41480
41481
41493
41494
41495
41496
41497
41509
41510
41511
41512
41524
41525
41526
41527
41528
41540
41541
41542
41543
41555
41556
41557
41558
41559
41570
41636
41647
41678
41679
41680
41681
41682
41694
41695
41696
41697
41709
41710
41711
41712
41744
41756
41757
41758
41759
41771
41772
41773
41774
41786
41787
41788
41789
41832
41833
41834
41835
41836
41847
41863
41864
41865
41866
41940
41941
41942
41943
41944
41956
41957
41958
41959
41971
41972
41973
41974
41975
41986
42052
42063
42083
42094
42202
42203
42204
42205
42206
42218
42219
42220
42221
42233
42234
42235
42236
42237
42249
42250
42251
42252
42264
42265
42266
42267
42299
42311
42312
42313
42314
42326
42327
42328
42329
42341
42342
42343
42344
42345
42357
42358
42359
42360
42372
42373
42374
42375
42376
42387
42418
42419
42420
42421
42422
42434
42435
42436
42437
42449
42450
42451
42452
42453
42465
42466
42467
42468
42480
42481
42482
42483
42484
42496
42497
42498
42499
42511
42512
42513
42514
42526
42527
42528
42529
42530
42542
42543
42544
42545
42557
42558
42559
42560
42561
42573
42574
42575
42576
42588
42589
42590
42591
42726
42727
42728
42729
42730
42742
42743
42744
42745
42772
42773
42774
42775
42776
42788
42789
42790
42791
42803
42804
42805
42806
42807
42819
42820
42821
42822
42834
42835
42836
42837
42838
42850
42851
42852
42853
42865
42866
42867
42868
42869
42880
42900
42912
42913
42914
42915
42927
42928
42929
42930
42942
42943
42944
42945
42946
42958
42959
42960
42961
42973
42974
42975
42976
43008
43019
43070
43082
43083
43084
43147
43159
43160
43161
43162
43174
43175
43176
43177
43193
43205
43206
43207
43208
43220
43221
43222
43223
43235
43236
43237
43238
43239
43251
43252
43253
43254
43281
43282
43283
43284
43285
43297
43298
43299
43300
43332
43343
43409
43421
43422
43423
43424
43436
43437
43438
43439
43466
43467
43468
43469
43470
43482
43483
43484
43485
43497
43498
43499
43500
43501
43513
43514
43515
43516
43543
43544
43545
43546
43547
43559
43560
43561
43562
43574
43575
43576
43577
43578
43590
43591
43592
43593
43671
43683
43684
43685
43686
43698
43699
43700
43701
43713
43714
43715
43716
43717
43729
43730
43731
43732
43744
43745
43746
43747
43759
43760
43761
43762
43763
43775
43776
43777
43778
43805
43806
43807
43808
43809
43821
43822
43823
43824
43867
43868
43869
43870
43871
43883
43884
43885
43886
43898
43899
43900
43901
43902
43914
43915
43916
43917
43929
43930
43931
43932
43933
43944
44010
44021
44041
44052
44118
44130
44131
44132
44133
44145
44146
44147
44148
44180
44192
44193
44194
44195
44207
44208
44209
44210
44222
44223
44224
44225
44257
44269
44270
44271
44272
44284
44285
44286
44287
44360
44361
44362
44363
44364
44380
44392
44393
44394
44395
44407
44408
44409
44410
44411
44422
44453
44454
44455
44456
44457
44469
44470
44471
44472
44484
44485
44486
44487
44488
44500
44501
44502
44503
44515
44516
44517
44518
44519
44531
44532
44533
44534
44546
44547
44548
44549
44561
44562
44563
44564
44638
44639
44640
44641
44642
44654
44655
44656
44657
44669
44670
44671
44672
44673
44685
44686
44687
44688
44700
44701
44702
44703
44704
44716
44717
44718
44719
44731
44732
44733
44734
44746
44747
44748
44749
44750
44762
44763
44764
44765
44777
44778
44779
44780
44781
44793
44794
44795
44796
44808
44809
44810
44811
44889
44901
44902
44903
44904
44916
44917
44918
44919
44931
44932
44933
44934
44935
44947
44948
44949
44950
44962
44963
44964
44965
44966
44978
44979
44980
44981
44993
44994
44995
44996
44997
45009
45010
45011
45012
45024
45025
45026
45027
45039
45040
45041
45042
45043
45055
45056
45057
45058
45070
45071
45072
45073
45074
45086
45087
45088
45089
45101
45102
45103
45104
45151
45163
45164
45165
45166
45178
45179
45180
45181
45182
45194
45195
45196
45197
45209
45210
45211
45212
45224
45225
45226
45227
45228
45240
45241
45242
45243
45255
45256
45257
45258
45259
45271
45272
45273
45274
45286
45287
45288
45289
45367
45379
45380
45381
45382
45394
45395
45396
45397
45409
45410
45411
45412
45413
45425
45426
45427
45428
45440
45441
45442
45443
45444
45456
45457
45458
45459
45471
45472
45473
45474
45475
45487
45488
45489
45490
45502
45503
45504
45505
45517
45518
45519
45520
45521
45533
45534
45535
45536
45548
45549
45550
45551
45552
45564
45565
45566
45567
45579
45580
45581
45582
45706
45717
45737
45748
45794
45795
45796
45797
45798
45810
45811
45812
45813
45840
45841
45842
45843
45844
45860
45872
45873
45874
45875
45887
45888
45889
45890
45891
45903
45904
45905
45906
45918
45919
45920
45921
45948
45949
45950
45951
45952
45964
45965
45966
45967
45999
46010
46045
46057
46058
46059
46060
46072
46073
46074
46075
46076
46088
46089
46090
46091
46103
46104
46105
46106
46107
46119
46120
46121
46122
46134
46135
46136
46137
46149
46150
46151
46152
46210
46211
46212
46213
46214
46230
46242
46243
46244
46245
46257
46258
46259
46260
46261
46273
46274
46275
46276
46288
46289
46290
46291
46349
46350
46351
46352
46353
46365
46366
46367
46368
46395
46396
46397
46398
46399
46411
46412
46413
46414
46457
46458
46459
46460
46461
46473
46474
46475
46476
46488
46489
46490
46491
46492
46503
46523
46535
46536
46537
46538
46550
46551
46552
46553
46565
46566
46567
46568
46569
46581
46582
46583
46584
46596
46597
46598
46599
46642
46643
46644
46645
46646
46658
46659
46660
46661
46673
46674
46675
46676
46677
46689
46690
46691
46692
46704
46705
46706
46707
46770
46782
46783
46784
46785
46797
46798
46799
46800
46812
46813
46814
46815
46816
46828
46829
46830
46831
46843
46844
46845
46846
46858
46859
46860
46861
46862
46874
46875
46876
46877
46904
46905
46906
46907
46908
46920
46921
46922
46923
46966
46967
46968
46969
46970
46982
46983
46984
46985
46997
46998
46999
47000
47001
47013
47014
47015
47016
47028
47029
47030
47031
47032
47043
47109
47120
47151
47152
47153
47154
47155
47167
47168
47169
47170
47182
47183
47184
47185
47274
47275
47276
47277
47278
47290
47291
47292
47293
47325
47337
47338
47339
47340
47352
47353
47354
47355
47367
47368
47369
47370
47371
47383
47384
47385
47386
47398
47399
47400
47401
47402
47413
47444
47445
47446
47447
47448
47460
47461
47462
47463
47475
47476
47477
47478
47536
47537
47538
47539
47540
47552
47553
47554
47555
47598
47599
47600
47601
47602
47613
47633
47644
47664
47676
47677
47678
47679
47691
47692
47693
47694
47706
47707
47708
47709
47710
47722
47723
47724
47725
47737
47738
47739
47740
47783
47784
47785
47786
47787
47799
47800
47801
47802
47814
47815
47816
47817
47860
47861
47862
47863
47864
47876
47877
47878
47879
47891
47892
47893
47894
47895
47907
47908
47909
47910
47922
47923
47924
47925
47926
47937
47957
47969
47970
47971
47972
47984
47985
47986
47987
47999
48000
48001
48002
48003
48015
48016
48017
48018
48030
48031
48032
48033
48034
48046
48047
48048
48049
48061
48062
48063
48064
48142
48154
48155
48156
48157
48169
48170
48171
48172
48184
48185
48186
48187
48188
48200
48201
48202
48203
48215
48216
48217
48218
48219
48231
48232
48233
48234
48246
48247
48248
48249
48307
48308
48309
48310
48311
48323
48324
48325
48326
48358
48370
48371
48372
48373
48385
48386
48387
48388
48400
48401
48402
48403
48404
48416
48417
48418
48419
48431
48432
48433
48434
48435
48446
48477
48478
48479
48480
48481
48493
48494
48495
48496
48508
48509
48510
48511
48569
48570
48571
48572
48573
48585
48586
48587
48588
48620
48631
48646
48647
48648
48649
48650
48662
48663
48664
48665
48723
48724
48725
48726
48727
48743
48755
48756
48757
48758
48770
48771
48772
48773
48785
48786
48787
48788
48789
48801
48802
48803
48804
48831
48832
48833
48834
48835
48847
48848
48849
48850
48882
48894
48895
48896
48897
48909
48910
48911
48912
48924
48925
48926
48927
48959
48971
48972
48973
48974
48986
48987
48988
48989
49036
49048
49049
49050
49051
49063
49064
49065
49066
49067
49079
49080
49081
49082
49094
49095
49096
49097
49098
49109
49186
49187
49188
49189
49190
49202
49203
49204
49205
49232
49233
49234
49235
49236
49248
49249
49250
49251
49294
49295
49296
49297
49298
49310
49311
49312
49313
49325
49326
49327
49328
49329
49340
49360
49372
49373
49374
49375
49387
49388
49389
49390
49402
49403
49404
49405
49406
49418
49419
49420
49421
49433
49434
49435
49436
49468
49479
49545
49556
49587
49588
49589
49590
49591
49603
49604
49605
49606
49618
49619
49620
49621
49622
49633
49679
49680
49681
49682
49683
49695
49696
49697
49698
49787
49788
49789
49790
49791
49803
49804
49805
49806
49833
49834
49835
49836
49837
49849
49850
49851
49852
49864
49865
49866
49867
49868
49880
49881
49882
49883
49895
49896
49897
49898
49899
49911
49912
49913
49914
49926
49927
49928
49929
49930
49941
49961
49973
49974
49975
49976
49988
49989
49990
49991
